11:14:53 INFO  : Registering command handlers for SDK TCF services
11:14:53 INFO  : Launching XSCT server: xsct.bat -interactive F:\ax7350\demo\ps_hello\ps_hello.sdk\temp_xsdb_launch_script.tcl
11:14:57 INFO  : XSCT server has started successfully.
11:14:57 INFO  : Successfully done setting XSCT server connection channel  
11:15:00 INFO  : Successfully done setting SDK workspace  
11:15:00 INFO  : Processing command line option -hwspec F:/ax7350/demo/ps_hello/ps_hello.sdk/design_1_wrapper.hdf.
13:15:46 INFO  : Connected to target on host '127.0.0.1' and port '3121'.
13:15:47 INFO  : Jtag cable 'Digilent JTAG-HS1 210512180081' is selected.
13:15:47 INFO  : 'jtag frequency' command is executed.
13:15:47 INFO  : Sourcing of 'F:/ax7350/demo/ps_hello/ps_hello.sdk/design_1_wrapper_hw_platform_0/ps7_init.tcl' is done.
13:15:47 INFO  : Context for 'APU' is selected.
13:15:47 INFO  : Hardware design information is loaded from 'F:/ax7350/demo/ps_hello/ps_hello.sdk/design_1_wrapper_hw_platform_0/system.hdf'.
13:15:47 INFO  : 'configparams force-mem-access 1' command is executed.
13:15:47 INFO  : Context for 'APU' is selected.
13:15:47 INFO  : 'stop' command is executed.
13:15:47 INFO  : 'ps7_init' command is executed.
13:15:47 INFO  : 'ps7_post_config' command is executed.
13:15:47 INFO  : Context for processor 'ps7_cortexa9_0' is selected.
13:15:47 INFO  : Processor reset is completed for 'ps7_cortexa9_0'.
13:15:47 INFO  : Context for processor 'ps7_cortexa9_0' is selected.
13:15:48 INFO  : The application 'F:/ax7350/demo/ps_hello/ps_hello.sdk/hello/Debug/hello.elf' is downloaded to processor 'ps7_cortexa9_0'.
13:15:48 INFO  : 'configparams force-mem-access 0' command is executed.
13:15:48 INFO  : ----------------XSDB Script----------------
connect -url tcp:127.0.0.1:3121
source F:/ax7350/demo/ps_hello/ps_hello.sdk/design_1_wrapper_hw_platform_0/ps7_init.tcl
targets -set -nocase -filter {name =~"APU*" && jtag_cable_name =~ "Digilent JTAG-HS1 210512180081"} -index 0
loadhw -hw F:/ax7350/demo/ps_hello/ps_hello.sdk/design_1_wrapper_hw_platform_0/system.hdf -mem-ranges [list {0x40000000 0xbfffffff}]
configparams force-mem-access 1
targets -set -nocase -filter {name =~"APU*" && jtag_cable_name =~ "Digilent JTAG-HS1 210512180081"} -index 0
stop
ps7_init
ps7_post_config
targets -set -nocase -filter {name =~ "ARM*#0" && jtag_cable_name =~ "Digilent JTAG-HS1 210512180081"} -index 0
rst -processor
targets -set -nocase -filter {name =~ "ARM*#0" && jtag_cable_name =~ "Digilent JTAG-HS1 210512180081"} -index 0
dow F:/ax7350/demo/ps_hello/ps_hello.sdk/hello/Debug/hello.elf
configparams force-mem-access 0
----------------End of Script----------------

13:15:48 INFO  : Context for processor 'ps7_cortexa9_0' is selected.
13:15:48 INFO  : 'con' command is executed.
13:15:48 INFO  : ----------------XSDB Script (After Launch)----------------
targets -set -nocase -filter {name =~ "ARM*#0" && jtag_cable_name =~ "Digilent JTAG-HS1 210512180081"} -index 0
con
----------------End of Script----------------

13:15:48 INFO  : Launch script is exported to file 'F:\ax7350\demo\ps_hello\ps_hello.sdk\.sdk\launch_scripts\xilinx_c-c++_application_(system_debugger)\system_debugger_using_debug_hello.elf_on_local.tcl'
13:16:09 INFO  : Disconnected from the channel tcfchan#1.
13:16:10 INFO  : Connected to target on host '127.0.0.1' and port '3121'.
13:16:10 INFO  : Jtag cable 'Digilent JTAG-HS1 210512180081' is selected.
13:16:10 INFO  : 'jtag frequency' command is executed.
13:16:10 INFO  : Sourcing of 'F:/ax7350/demo/ps_hello/ps_hello.sdk/design_1_wrapper_hw_platform_0/ps7_init.tcl' is done.
13:16:10 INFO  : Context for 'APU' is selected.
13:16:11 INFO  : Hardware design information is loaded from 'F:/ax7350/demo/ps_hello/ps_hello.sdk/design_1_wrapper_hw_platform_0/system.hdf'.
13:16:11 INFO  : 'configparams force-mem-access 1' command is executed.
13:16:11 INFO  : Context for 'APU' is selected.
13:16:11 INFO  : 'stop' command is executed.
13:16:12 INFO  : 'ps7_init' command is executed.
13:16:12 INFO  : 'ps7_post_config' command is executed.
13:16:12 INFO  : Context for processor 'ps7_cortexa9_0' is selected.
13:16:12 INFO  : Processor reset is completed for 'ps7_cortexa9_0'.
13:16:12 INFO  : Context for processor 'ps7_cortexa9_0' is selected.
13:16:12 INFO  : The application 'F:/ax7350/demo/ps_hello/ps_hello.sdk/hello/Debug/hello.elf' is downloaded to processor 'ps7_cortexa9_0'.
13:16:12 INFO  : 'configparams force-mem-access 0' command is executed.
13:16:12 INFO  : ----------------XSDB Script----------------
connect -url tcp:127.0.0.1:3121
source F:/ax7350/demo/ps_hello/ps_hello.sdk/design_1_wrapper_hw_platform_0/ps7_init.tcl
targets -set -nocase -filter {name =~"APU*" && jtag_cable_name =~ "Digilent JTAG-HS1 210512180081"} -index 0
loadhw -hw F:/ax7350/demo/ps_hello/ps_hello.sdk/design_1_wrapper_hw_platform_0/system.hdf -mem-ranges [list {0x40000000 0xbfffffff}]
configparams force-mem-access 1
targets -set -nocase -filter {name =~"APU*" && jtag_cable_name =~ "Digilent JTAG-HS1 210512180081"} -index 0
stop
ps7_init
ps7_post_config
targets -set -nocase -filter {name =~ "ARM*#0" && jtag_cable_name =~ "Digilent JTAG-HS1 210512180081"} -index 0
rst -processor
targets -set -nocase -filter {name =~ "ARM*#0" && jtag_cable_name =~ "Digilent JTAG-HS1 210512180081"} -index 0
dow F:/ax7350/demo/ps_hello/ps_hello.sdk/hello/Debug/hello.elf
configparams force-mem-access 0
----------------End of Script----------------

13:16:12 INFO  : Context for processor 'ps7_cortexa9_0' is selected.
13:16:12 INFO  : 'con' command is executed.
13:16:12 INFO  : ----------------XSDB Script (After Launch)----------------
targets -set -nocase -filter {name =~ "ARM*#0" && jtag_cable_name =~ "Digilent JTAG-HS1 210512180081"} -index 0
con
----------------End of Script----------------

13:16:12 INFO  : Launch script is exported to file 'F:\ax7350\demo\ps_hello\ps_hello.sdk\.sdk\launch_scripts\xilinx_c-c++_application_(system_debugger)\system_debugger_using_debug_hello.elf_on_local.tcl'
13:21:00 INFO  : SDK has detected change in the last modified timestamps for source hardware specification file Source:1515648057598,  Project:1515489396640
13:21:00 INFO  : Project design_1_wrapper_hw_platform_0's source hardware specification located at F:/ax7350/demo/ps_hello/ps_hello.sdk/design_1_wrapper.hdf is now different from the local copy.
		 The local copy will be replaced with the source specification and your workspace will be updated.
13:21:01 INFO  : Copied contents of F:/ax7350/demo/ps_hello/ps_hello.sdk/design_1_wrapper.hdf into \design_1_wrapper_hw_platform_0\system.hdf.
13:21:03 INFO  : Synchronizing projects in the workspace with the hardware platform specification changes.
13:21:08 INFO  : 
13:21:08 INFO  : Updating hardware inferred compiler options for hello.
13:21:08 INFO  : Clearing existing target manager status.
13:21:11 INFO  : Closing and re-opening the MSS file of ther project hello_bsp
13:21:11 INFO  : Workspace synchronized with the new hardware specification file. Cleaning dependent projects...
13:21:13 WARN  : Linker script will not be updated automatically. Users need to update it manually.
13:34:49 INFO  : Disconnected from the channel tcfchan#2.
13:34:50 INFO  : Connected to target on host '127.0.0.1' and port '3121'.
13:34:51 INFO  : Jtag cable 'Digilent JTAG-HS1 210512180081' is selected.
13:34:51 INFO  : 'jtag frequency' command is executed.
13:34:51 INFO  : Sourcing of 'F:/ax7350/demo/ps_hello/ps_hello.sdk/design_1_wrapper_hw_platform_0/ps7_init.tcl' is done.
13:34:51 INFO  : Context for 'APU' is selected.
13:34:51 INFO  : Hardware design information is loaded from 'F:/ax7350/demo/ps_hello/ps_hello.sdk/design_1_wrapper_hw_platform_0/system.hdf'.
13:34:51 INFO  : 'configparams force-mem-access 1' command is executed.
13:34:51 INFO  : Context for 'APU' is selected.
13:34:51 INFO  : 'stop' command is executed.
13:34:51 INFO  : 'ps7_init' command is executed.
13:34:51 INFO  : 'ps7_post_config' command is executed.
13:34:51 INFO  : Context for processor 'ps7_cortexa9_0' is selected.
13:34:51 INFO  : Processor reset is completed for 'ps7_cortexa9_0'.
13:34:51 INFO  : Context for processor 'ps7_cortexa9_0' is selected.
13:34:51 INFO  : The application 'F:/ax7350/demo/ps_hello/ps_hello.sdk/hello/Debug/hello.elf' is downloaded to processor 'ps7_cortexa9_0'.
13:34:51 INFO  : 'configparams force-mem-access 0' command is executed.
13:34:51 INFO  : ----------------XSDB Script----------------
connect -url tcp:127.0.0.1:3121
source F:/ax7350/demo/ps_hello/ps_hello.sdk/design_1_wrapper_hw_platform_0/ps7_init.tcl
targets -set -nocase -filter {name =~"APU*" && jtag_cable_name =~ "Digilent JTAG-HS1 210512180081"} -index 0
loadhw -hw F:/ax7350/demo/ps_hello/ps_hello.sdk/design_1_wrapper_hw_platform_0/system.hdf -mem-ranges [list {0x40000000 0xbfffffff}]
configparams force-mem-access 1
targets -set -nocase -filter {name =~"APU*" && jtag_cable_name =~ "Digilent JTAG-HS1 210512180081"} -index 0
stop
ps7_init
ps7_post_config
targets -set -nocase -filter {name =~ "ARM*#0" && jtag_cable_name =~ "Digilent JTAG-HS1 210512180081"} -index 0
rst -processor
targets -set -nocase -filter {name =~ "ARM*#0" && jtag_cable_name =~ "Digilent JTAG-HS1 210512180081"} -index 0
dow F:/ax7350/demo/ps_hello/ps_hello.sdk/hello/Debug/hello.elf
configparams force-mem-access 0
----------------End of Script----------------

13:34:51 INFO  : Context for processor 'ps7_cortexa9_0' is selected.
13:34:51 INFO  : 'con' command is executed.
13:34:51 INFO  : ----------------XSDB Script (After Launch)----------------
targets -set -nocase -filter {name =~ "ARM*#0" && jtag_cable_name =~ "Digilent JTAG-HS1 210512180081"} -index 0
con
----------------End of Script----------------

13:34:51 INFO  : Launch script is exported to file 'F:\ax7350\demo\ps_hello\ps_hello.sdk\.sdk\launch_scripts\xilinx_c-c++_application_(system_debugger)\system_debugger_using_debug_hello.elf_on_local.tcl'
13:35:23 INFO  : Disconnected from the channel tcfchan#3.
13:35:24 INFO  : Connected to target on host '127.0.0.1' and port '3121'.
13:35:24 INFO  : Jtag cable 'Digilent JTAG-HS1 210512180081' is selected.
13:35:24 INFO  : 'jtag frequency' command is executed.
13:35:24 INFO  : Sourcing of 'F:/ax7350/demo/ps_hello/ps_hello.sdk/design_1_wrapper_hw_platform_0/ps7_init.tcl' is done.
13:35:24 INFO  : Context for 'APU' is selected.
13:35:25 INFO  : Hardware design information is loaded from 'F:/ax7350/demo/ps_hello/ps_hello.sdk/design_1_wrapper_hw_platform_0/system.hdf'.
13:35:25 INFO  : 'configparams force-mem-access 1' command is executed.
13:35:25 INFO  : Context for 'APU' is selected.
13:35:25 INFO  : 'stop' command is executed.
13:35:25 INFO  : 'ps7_init' command is executed.
13:35:25 INFO  : 'ps7_post_config' command is executed.
13:35:26 INFO  : Context for processor 'ps7_cortexa9_0' is selected.
13:35:26 INFO  : Processor reset is completed for 'ps7_cortexa9_0'.
13:35:26 INFO  : Context for processor 'ps7_cortexa9_0' is selected.
13:35:26 INFO  : The application 'F:/ax7350/demo/ps_hello/ps_hello.sdk/hello/Debug/hello.elf' is downloaded to processor 'ps7_cortexa9_0'.
13:35:26 INFO  : 'configparams force-mem-access 0' command is executed.
13:35:26 INFO  : ----------------XSDB Script----------------
connect -url tcp:127.0.0.1:3121
source F:/ax7350/demo/ps_hello/ps_hello.sdk/design_1_wrapper_hw_platform_0/ps7_init.tcl
targets -set -nocase -filter {name =~"APU*" && jtag_cable_name =~ "Digilent JTAG-HS1 210512180081"} -index 0
loadhw -hw F:/ax7350/demo/ps_hello/ps_hello.sdk/design_1_wrapper_hw_platform_0/system.hdf -mem-ranges [list {0x40000000 0xbfffffff}]
configparams force-mem-access 1
targets -set -nocase -filter {name =~"APU*" && jtag_cable_name =~ "Digilent JTAG-HS1 210512180081"} -index 0
stop
ps7_init
ps7_post_config
targets -set -nocase -filter {name =~ "ARM*#0" && jtag_cable_name =~ "Digilent JTAG-HS1 210512180081"} -index 0
rst -processor
targets -set -nocase -filter {name =~ "ARM*#0" && jtag_cable_name =~ "Digilent JTAG-HS1 210512180081"} -index 0
dow F:/ax7350/demo/ps_hello/ps_hello.sdk/hello/Debug/hello.elf
configparams force-mem-access 0
----------------End of Script----------------

13:35:26 INFO  : Context for processor 'ps7_cortexa9_0' is selected.
13:35:26 INFO  : 'con' command is executed.
13:35:26 INFO  : ----------------XSDB Script (After Launch)----------------
targets -set -nocase -filter {name =~ "ARM*#0" && jtag_cable_name =~ "Digilent JTAG-HS1 210512180081"} -index 0
con
----------------End of Script----------------

13:35:26 INFO  : Launch script is exported to file 'F:\ax7350\demo\ps_hello\ps_hello.sdk\.sdk\launch_scripts\xilinx_c-c++_application_(system_debugger)\system_debugger_using_debug_hello.elf_on_local.tcl'
13:35:37 INFO  : Disconnected from the channel tcfchan#4.
13:35:38 INFO  : Connected to target on host '127.0.0.1' and port '3121'.
13:35:38 INFO  : Jtag cable 'Digilent JTAG-HS1 210512180081' is selected.
13:35:38 INFO  : 'jtag frequency' command is executed.
13:35:38 INFO  : Sourcing of 'F:/ax7350/demo/ps_hello/ps_hello.sdk/design_1_wrapper_hw_platform_0/ps7_init.tcl' is done.
13:35:38 INFO  : Context for 'APU' is selected.
13:35:38 INFO  : System reset is completed.
13:35:41 INFO  : 'after 3000' command is executed.
13:35:42 INFO  : Context for 'APU' is selected.
13:35:42 INFO  : Hardware design information is loaded from 'F:/ax7350/demo/ps_hello/ps_hello.sdk/design_1_wrapper_hw_platform_0/system.hdf'.
13:35:42 INFO  : 'configparams force-mem-access 1' command is executed.
13:35:42 INFO  : Context for 'APU' is selected.
13:35:42 INFO  : 'ps7_init' command is executed.
13:35:42 INFO  : 'ps7_post_config' command is executed.
13:35:42 INFO  : Context for processor 'ps7_cortexa9_0' is selected.
13:35:42 INFO  : The application 'F:/ax7350/demo/ps_hello/ps_hello.sdk/hello/Debug/hello.elf' is downloaded to processor 'ps7_cortexa9_0'.
13:35:42 INFO  : 'configparams force-mem-access 0' command is executed.
13:35:42 INFO  : ----------------XSDB Script----------------
connect -url tcp:127.0.0.1:3121
source F:/ax7350/demo/ps_hello/ps_hello.sdk/design_1_wrapper_hw_platform_0/ps7_init.tcl
targets -set -nocase -filter {name =~"APU*" && jtag_cable_name =~ "Digilent JTAG-HS1 210512180081"} -index 0
rst -system
after 3000
targets -set -nocase -filter {name =~"APU*" && jtag_cable_name =~ "Digilent JTAG-HS1 210512180081"} -index 0
loadhw -hw F:/ax7350/demo/ps_hello/ps_hello.sdk/design_1_wrapper_hw_platform_0/system.hdf -mem-ranges [list {0x40000000 0xbfffffff}]
configparams force-mem-access 1
targets -set -nocase -filter {name =~"APU*" && jtag_cable_name =~ "Digilent JTAG-HS1 210512180081"} -index 0
ps7_init
ps7_post_config
targets -set -nocase -filter {name =~ "ARM*#0" && jtag_cable_name =~ "Digilent JTAG-HS1 210512180081"} -index 0
dow F:/ax7350/demo/ps_hello/ps_hello.sdk/hello/Debug/hello.elf
configparams force-mem-access 0
----------------End of Script----------------

13:35:42 INFO  : Context for processor 'ps7_cortexa9_0' is selected.
13:35:42 INFO  : 'con' command is executed.
13:35:42 INFO  : ----------------XSDB Script (After Launch)----------------
targets -set -nocase -filter {name =~ "ARM*#0" && jtag_cable_name =~ "Digilent JTAG-HS1 210512180081"} -index 0
con
----------------End of Script----------------

13:35:42 INFO  : Launch script is exported to file 'F:\ax7350\demo\ps_hello\ps_hello.sdk\.sdk\launch_scripts\xilinx_c-c++_application_(system_debugger)\system_debugger_using_debug_hello.elf_on_local.tcl'
13:50:39 INFO  : Disconnected from the channel tcfchan#5.
13:50:40 INFO  : Connected to target on host '127.0.0.1' and port '3121'.
13:50:40 INFO  : Jtag cable 'Digilent JTAG-HS1 210512180081' is selected.
13:50:40 INFO  : 'jtag frequency' command is executed.
13:50:40 INFO  : Sourcing of 'F:/ax7350/demo/ps_hello/ps_hello.sdk/design_1_wrapper_hw_platform_0/ps7_init.tcl' is done.
13:50:40 INFO  : Context for 'APU' is selected.
13:50:40 INFO  : System reset is completed.
13:50:43 INFO  : 'after 3000' command is executed.
13:50:43 INFO  : Context for 'APU' is selected.
13:50:43 INFO  : Hardware design information is loaded from 'F:/ax7350/demo/ps_hello/ps_hello.sdk/design_1_wrapper_hw_platform_0/system.hdf'.
13:50:43 INFO  : 'configparams force-mem-access 1' command is executed.
13:50:43 INFO  : Context for 'APU' is selected.
13:50:44 INFO  : 'ps7_init' command is executed.
13:50:44 INFO  : 'ps7_post_config' command is executed.
13:50:44 INFO  : Context for processor 'ps7_cortexa9_0' is selected.
13:50:44 INFO  : The application 'F:/ax7350/demo/ps_hello/ps_hello.sdk/hello/Debug/hello.elf' is downloaded to processor 'ps7_cortexa9_0'.
13:50:44 INFO  : 'configparams force-mem-access 0' command is executed.
13:50:44 INFO  : ----------------XSDB Script----------------
connect -url tcp:127.0.0.1:3121
source F:/ax7350/demo/ps_hello/ps_hello.sdk/design_1_wrapper_hw_platform_0/ps7_init.tcl
targets -set -nocase -filter {name =~"APU*" && jtag_cable_name =~ "Digilent JTAG-HS1 210512180081"} -index 0
rst -system
after 3000
targets -set -nocase -filter {name =~"APU*" && jtag_cable_name =~ "Digilent JTAG-HS1 210512180081"} -index 0
loadhw -hw F:/ax7350/demo/ps_hello/ps_hello.sdk/design_1_wrapper_hw_platform_0/system.hdf -mem-ranges [list {0x40000000 0xbfffffff}]
configparams force-mem-access 1
targets -set -nocase -filter {name =~"APU*" && jtag_cable_name =~ "Digilent JTAG-HS1 210512180081"} -index 0
ps7_init
ps7_post_config
targets -set -nocase -filter {name =~ "ARM*#0" && jtag_cable_name =~ "Digilent JTAG-HS1 210512180081"} -index 0
dow F:/ax7350/demo/ps_hello/ps_hello.sdk/hello/Debug/hello.elf
configparams force-mem-access 0
----------------End of Script----------------

13:50:44 INFO  : Context for processor 'ps7_cortexa9_0' is selected.
13:50:44 INFO  : 'con' command is executed.
13:50:44 INFO  : ----------------XSDB Script (After Launch)----------------
targets -set -nocase -filter {name =~ "ARM*#0" && jtag_cable_name =~ "Digilent JTAG-HS1 210512180081"} -index 0
con
----------------End of Script----------------

13:50:44 INFO  : Launch script is exported to file 'F:\ax7350\demo\ps_hello\ps_hello.sdk\.sdk\launch_scripts\xilinx_c-c++_application_(system_debugger)\system_debugger_using_debug_hello.elf_on_local.tcl'
13:54:22 INFO  : Disconnected from the channel tcfchan#6.
13:54:23 INFO  : Connected to target on host '127.0.0.1' and port '3121'.
13:54:24 INFO  : Jtag cable 'Digilent JTAG-HS1 210512180081' is selected.
13:54:24 INFO  : 'jtag frequency' command is executed.
13:54:24 INFO  : Sourcing of 'F:/ax7350/demo/ps_hello/ps_hello.sdk/design_1_wrapper_hw_platform_0/ps7_init.tcl' is done.
13:54:24 INFO  : Context for 'APU' is selected.
13:54:24 INFO  : System reset is completed.
13:54:27 INFO  : 'after 3000' command is executed.
13:54:27 INFO  : Context for 'APU' is selected.
13:54:27 INFO  : Hardware design information is loaded from 'F:/ax7350/demo/ps_hello/ps_hello.sdk/design_1_wrapper_hw_platform_0/system.hdf'.
13:54:27 INFO  : 'configparams force-mem-access 1' command is executed.
13:54:27 INFO  : Context for 'APU' is selected.
13:54:27 INFO  : 'ps7_init' command is executed.
13:54:27 INFO  : 'ps7_post_config' command is executed.
13:54:27 INFO  : Context for processor 'ps7_cortexa9_0' is selected.
13:54:27 INFO  : The application 'F:/ax7350/demo/ps_hello/ps_hello.sdk/hello/Debug/hello.elf' is downloaded to processor 'ps7_cortexa9_0'.
13:54:27 INFO  : 'configparams force-mem-access 0' command is executed.
13:54:27 INFO  : ----------------XSDB Script----------------
connect -url tcp:127.0.0.1:3121
source F:/ax7350/demo/ps_hello/ps_hello.sdk/design_1_wrapper_hw_platform_0/ps7_init.tcl
targets -set -nocase -filter {name =~"APU*" && jtag_cable_name =~ "Digilent JTAG-HS1 210512180081"} -index 0
rst -system
after 3000
targets -set -nocase -filter {name =~"APU*" && jtag_cable_name =~ "Digilent JTAG-HS1 210512180081"} -index 0
loadhw -hw F:/ax7350/demo/ps_hello/ps_hello.sdk/design_1_wrapper_hw_platform_0/system.hdf -mem-ranges [list {0x40000000 0xbfffffff}]
configparams force-mem-access 1
targets -set -nocase -filter {name =~"APU*" && jtag_cable_name =~ "Digilent JTAG-HS1 210512180081"} -index 0
ps7_init
ps7_post_config
targets -set -nocase -filter {name =~ "ARM*#0" && jtag_cable_name =~ "Digilent JTAG-HS1 210512180081"} -index 0
dow F:/ax7350/demo/ps_hello/ps_hello.sdk/hello/Debug/hello.elf
configparams force-mem-access 0
----------------End of Script----------------

13:54:28 INFO  : Context for processor 'ps7_cortexa9_0' is selected.
13:54:28 INFO  : 'con' command is executed.
13:54:28 INFO  : ----------------XSDB Script (After Launch)----------------
targets -set -nocase -filter {name =~ "ARM*#0" && jtag_cable_name =~ "Digilent JTAG-HS1 210512180081"} -index 0
con
----------------End of Script----------------

13:54:28 INFO  : Launch script is exported to file 'F:\ax7350\demo\ps_hello\ps_hello.sdk\.sdk\launch_scripts\xilinx_c-c++_application_(system_debugger)\system_debugger_using_debug_hello.elf_on_local.tcl'
14:47:58 INFO  : Disconnected from the channel tcfchan#7.
14:48:00 ERROR : Unexpected error while parsing XMD response ?: com.google.gson.JsonSyntaxException: com.google.gson.stream.MalformedJsonException: invalid number or unquoted string near 
19:41:55 INFO  : Registering command handlers for SDK TCF services
19:41:55 INFO  : Launching XSCT server: xsct.bat -interactive F:\ax7350\demo\ps_timer\ps_timer.sdk\temp_xsdb_launch_script.tcl
19:41:57 INFO  : XSCT server has started successfully.
19:41:59 INFO  : Successfully done setting XSCT server connection channel  
19:41:59 INFO  : Successfully done setting SDK workspace  
19:41:59 INFO  : Processing command line option -hwspec F:/ax7350/demo/ps_timer/ps_timer.sdk/design_1_wrapper.hdf.
19:43:31 INFO  : Example project hello_bsp_xscutimer_intr_example_1 has been created successfully.
20:26:37 INFO  : Apm configuration has been updated and stored to 'F:\ax7350\demo\ps_timer\ps_timer.sdk\design_1_wrapper_hw_platform_0\apmconfigs\apm_default.json' for the project 'design_1_wrapper_hw_platform_0'
10:07:08 INFO  : Registering command handlers for SDK TCF services
10:07:09 INFO  : Launching XSCT server: xsct.bat -interactive F:\ax7350\demo\ps_timer\ps_timer.sdk\temp_xsdb_launch_script.tcl
10:07:12 INFO  : XSCT server has started successfully.
10:07:12 INFO  : Successfully done setting XSCT server connection channel  
10:07:15 INFO  : Successfully done setting SDK workspace  
10:07:15 INFO  : Processing command line option -hwspec F:/ax7350/demo/ps_timer/ps_timer.sdk/design_1_wrapper.hdf.
11:10:30 INFO  : Registering command handlers for SDK TCF services
11:10:30 INFO  : Launching XSCT server: xsct.bat -interactive F:\ax7350\demo\ps_timer\ps_timer.sdk\temp_xsdb_launch_script.tcl
11:10:31 INFO  : XSCT server has started successfully.
11:10:31 INFO  : Successfully done setting XSCT server connection channel  
11:10:32 INFO  : Successfully done setting SDK workspace  
11:10:32 INFO  : Processing command line option -hwspec F:/ax7350/demo/ps_timer/ps_timer.sdk/design_1_wrapper.hdf.
11:41:18 INFO  : Example project ps_timer_test_bsp_xscutimer_intr_example_1 has been created successfully.
12:48:37 INFO  : Connected to target on host '127.0.0.1' and port '3121'.
12:48:37 INFO  : Jtag cable 'Digilent JTAG-HS1 210512180081' is selected.
12:48:37 INFO  : 'jtag frequency' command is executed.
12:48:37 INFO  : Sourcing of 'F:/ax7350/demo/ps_timer/ps_timer.sdk/design_1_wrapper_hw_platform_0/ps7_init.tcl' is done.
12:48:37 INFO  : Context for 'APU' is selected.
12:48:37 INFO  : Hardware design information is loaded from 'F:/ax7350/demo/ps_timer/ps_timer.sdk/design_1_wrapper_hw_platform_0/system.hdf'.
12:48:37 INFO  : 'configparams force-mem-access 1' command is executed.
12:48:37 INFO  : Context for 'APU' is selected.
12:48:37 INFO  : 'stop' command is executed.
12:48:38 INFO  : 'ps7_init' command is executed.
12:48:38 INFO  : 'ps7_post_config' command is executed.
12:48:38 INFO  : Context for processor 'ps7_cortexa9_0' is selected.
12:48:38 INFO  : Processor reset is completed for 'ps7_cortexa9_0'.
12:48:38 INFO  : Context for processor 'ps7_cortexa9_0' is selected.
12:48:38 INFO  : The application 'F:/ax7350/demo/ps_timer/ps_timer.sdk/ps_timer_test_bsp_xscutimer_intr_example_1/Debug/ps_timer_test_bsp_xscutimer_intr_example_1.elf' is downloaded to processor 'ps7_cortexa9_0'.
12:48:38 INFO  : 'configparams force-mem-access 0' command is executed.
12:48:38 INFO  : ----------------XSDB Script----------------
connect -url tcp:127.0.0.1:3121
source F:/ax7350/demo/ps_timer/ps_timer.sdk/design_1_wrapper_hw_platform_0/ps7_init.tcl
targets -set -nocase -filter {name =~"APU*" && jtag_cable_name =~ "Digilent JTAG-HS1 210512180081"} -index 0
loadhw -hw F:/ax7350/demo/ps_timer/ps_timer.sdk/design_1_wrapper_hw_platform_0/system.hdf -mem-ranges [list {0x40000000 0xbfffffff}]
configparams force-mem-access 1
targets -set -nocase -filter {name =~"APU*" && jtag_cable_name =~ "Digilent JTAG-HS1 210512180081"} -index 0
stop
ps7_init
ps7_post_config
targets -set -nocase -filter {name =~ "ARM*#0" && jtag_cable_name =~ "Digilent JTAG-HS1 210512180081"} -index 0
rst -processor
targets -set -nocase -filter {name =~ "ARM*#0" && jtag_cable_name =~ "Digilent JTAG-HS1 210512180081"} -index 0
dow F:/ax7350/demo/ps_timer/ps_timer.sdk/ps_timer_test_bsp_xscutimer_intr_example_1/Debug/ps_timer_test_bsp_xscutimer_intr_example_1.elf
configparams force-mem-access 0
----------------End of Script----------------

12:48:38 INFO  : Context for processor 'ps7_cortexa9_0' is selected.
12:48:38 INFO  : 'con' command is executed.
12:48:38 INFO  : ----------------XSDB Script (After Launch)----------------
targets -set -nocase -filter {name =~ "ARM*#0" && jtag_cable_name =~ "Digilent JTAG-HS1 210512180081"} -index 0
con
----------------End of Script----------------

12:48:38 INFO  : Launch script is exported to file 'F:\ax7350\demo\ps_timer\ps_timer.sdk\.sdk\launch_scripts\xilinx_c-c++_application_(system_debugger)\system_debugger_using_debug_ps_timer_test_bsp_xscutimer_intr_example_1.elf_on_local.tcl'
12:49:26 INFO  : Disconnected from the channel tcfchan#1.
12:49:27 INFO  : Connected to target on host '127.0.0.1' and port '3121'.
12:49:27 INFO  : Jtag cable 'Digilent JTAG-HS1 210512180081' is selected.
12:49:27 INFO  : 'jtag frequency' command is executed.
12:49:27 INFO  : Sourcing of 'F:/ax7350/demo/ps_timer/ps_timer.sdk/design_1_wrapper_hw_platform_0/ps7_init.tcl' is done.
12:49:27 INFO  : Context for 'APU' is selected.
12:49:28 INFO  : Hardware design information is loaded from 'F:/ax7350/demo/ps_timer/ps_timer.sdk/design_1_wrapper_hw_platform_0/system.hdf'.
12:49:28 INFO  : 'configparams force-mem-access 1' command is executed.
12:49:28 INFO  : Context for 'APU' is selected.
12:49:28 INFO  : 'stop' command is executed.
12:49:28 INFO  : 'ps7_init' command is executed.
12:49:28 INFO  : 'ps7_post_config' command is executed.
12:49:28 INFO  : Context for processor 'ps7_cortexa9_0' is selected.
12:49:28 INFO  : Processor reset is completed for 'ps7_cortexa9_0'.
12:49:28 INFO  : Context for processor 'ps7_cortexa9_0' is selected.
12:49:29 INFO  : The application 'F:/ax7350/demo/ps_timer/ps_timer.sdk/ps_timer_test_bsp_xscutimer_intr_example_1/Debug/ps_timer_test_bsp_xscutimer_intr_example_1.elf' is downloaded to processor 'ps7_cortexa9_0'.
12:49:29 INFO  : 'configparams force-mem-access 0' command is executed.
12:49:29 INFO  : ----------------XSDB Script----------------
connect -url tcp:127.0.0.1:3121
source F:/ax7350/demo/ps_timer/ps_timer.sdk/design_1_wrapper_hw_platform_0/ps7_init.tcl
targets -set -nocase -filter {name =~"APU*" && jtag_cable_name =~ "Digilent JTAG-HS1 210512180081"} -index 0
loadhw -hw F:/ax7350/demo/ps_timer/ps_timer.sdk/design_1_wrapper_hw_platform_0/system.hdf -mem-ranges [list {0x40000000 0xbfffffff}]
configparams force-mem-access 1
targets -set -nocase -filter {name =~"APU*" && jtag_cable_name =~ "Digilent JTAG-HS1 210512180081"} -index 0
stop
ps7_init
ps7_post_config
targets -set -nocase -filter {name =~ "ARM*#0" && jtag_cable_name =~ "Digilent JTAG-HS1 210512180081"} -index 0
rst -processor
targets -set -nocase -filter {name =~ "ARM*#0" && jtag_cable_name =~ "Digilent JTAG-HS1 210512180081"} -index 0
dow F:/ax7350/demo/ps_timer/ps_timer.sdk/ps_timer_test_bsp_xscutimer_intr_example_1/Debug/ps_timer_test_bsp_xscutimer_intr_example_1.elf
configparams force-mem-access 0
----------------End of Script----------------

12:49:29 INFO  : Context for processor 'ps7_cortexa9_0' is selected.
12:49:29 INFO  : 'con' command is executed.
12:49:29 INFO  : ----------------XSDB Script (After Launch)----------------
targets -set -nocase -filter {name =~ "ARM*#0" && jtag_cable_name =~ "Digilent JTAG-HS1 210512180081"} -index 0
con
----------------End of Script----------------

12:49:29 INFO  : Launch script is exported to file 'F:\ax7350\demo\ps_timer\ps_timer.sdk\.sdk\launch_scripts\xilinx_c-c++_application_(system_debugger)\system_debugger_using_debug_ps_timer_test_bsp_xscutimer_intr_example_1.elf_on_local.tcl'
12:49:54 INFO  : Disconnected from the channel tcfchan#2.
12:49:55 INFO  : Connected to target on host '127.0.0.1' and port '3121'.
12:49:55 INFO  : Jtag cable 'Digilent JTAG-HS1 210512180081' is selected.
12:49:55 INFO  : 'jtag frequency' command is executed.
12:49:55 INFO  : Sourcing of 'F:/ax7350/demo/ps_timer/ps_timer.sdk/design_1_wrapper_hw_platform_0/ps7_init.tcl' is done.
12:49:55 INFO  : Context for 'APU' is selected.
12:49:55 INFO  : System reset is completed.
12:49:58 INFO  : 'after 3000' command is executed.
12:49:58 INFO  : Context for 'APU' is selected.
12:49:59 INFO  : Hardware design information is loaded from 'F:/ax7350/demo/ps_timer/ps_timer.sdk/design_1_wrapper_hw_platform_0/system.hdf'.
12:49:59 INFO  : 'configparams force-mem-access 1' command is executed.
12:50:00 INFO  : Context for 'APU' is selected.
12:50:00 INFO  : 'ps7_init' command is executed.
12:50:00 INFO  : 'ps7_post_config' command is executed.
12:50:00 INFO  : Context for processor 'ps7_cortexa9_0' is selected.
12:50:00 INFO  : The application 'F:/ax7350/demo/ps_timer/ps_timer.sdk/ps_timer_test_bsp_xscutimer_intr_example_1/Debug/ps_timer_test_bsp_xscutimer_intr_example_1.elf' is downloaded to processor 'ps7_cortexa9_0'.
12:50:00 INFO  : 'configparams force-mem-access 0' command is executed.
12:50:00 INFO  : ----------------XSDB Script----------------
connect -url tcp:127.0.0.1:3121
source F:/ax7350/demo/ps_timer/ps_timer.sdk/design_1_wrapper_hw_platform_0/ps7_init.tcl
targets -set -nocase -filter {name =~"APU*" && jtag_cable_name =~ "Digilent JTAG-HS1 210512180081"} -index 0
rst -system
after 3000
targets -set -nocase -filter {name =~"APU*" && jtag_cable_name =~ "Digilent JTAG-HS1 210512180081"} -index 0
loadhw -hw F:/ax7350/demo/ps_timer/ps_timer.sdk/design_1_wrapper_hw_platform_0/system.hdf -mem-ranges [list {0x40000000 0xbfffffff}]
configparams force-mem-access 1
targets -set -nocase -filter {name =~"APU*" && jtag_cable_name =~ "Digilent JTAG-HS1 210512180081"} -index 0
ps7_init
ps7_post_config
targets -set -nocase -filter {name =~ "ARM*#0" && jtag_cable_name =~ "Digilent JTAG-HS1 210512180081"} -index 0
dow F:/ax7350/demo/ps_timer/ps_timer.sdk/ps_timer_test_bsp_xscutimer_intr_example_1/Debug/ps_timer_test_bsp_xscutimer_intr_example_1.elf
configparams force-mem-access 0
----------------End of Script----------------

12:50:00 INFO  : Context for processor 'ps7_cortexa9_0' is selected.
12:50:00 INFO  : 'con' command is executed.
12:50:00 INFO  : ----------------XSDB Script (After Launch)----------------
targets -set -nocase -filter {name =~ "ARM*#0" && jtag_cable_name =~ "Digilent JTAG-HS1 210512180081"} -index 0
con
----------------End of Script----------------

12:50:00 INFO  : Launch script is exported to file 'F:\ax7350\demo\ps_timer\ps_timer.sdk\.sdk\launch_scripts\xilinx_c-c++_application_(system_debugger)\system_debugger_using_debug_ps_timer_test_bsp_xscutimer_intr_example_1.elf_on_local.tcl'
12:51:07 INFO  : Disconnected from the channel tcfchan#3.
12:51:08 INFO  : Connected to target on host '127.0.0.1' and port '3121'.
12:51:08 INFO  : Jtag cable 'Digilent JTAG-HS1 210512180081' is selected.
12:51:08 INFO  : 'jtag frequency' command is executed.
12:51:08 INFO  : Sourcing of 'F:/ax7350/demo/ps_timer/ps_timer.sdk/design_1_wrapper_hw_platform_0/ps7_init.tcl' is done.
12:51:08 INFO  : Context for 'APU' is selected.
12:51:08 INFO  : System reset is completed.
12:51:11 INFO  : 'after 3000' command is executed.
12:51:11 INFO  : Context for 'APU' is selected.
12:51:12 INFO  : Hardware design information is loaded from 'F:/ax7350/demo/ps_timer/ps_timer.sdk/design_1_wrapper_hw_platform_0/system.hdf'.
12:51:12 INFO  : 'configparams force-mem-access 1' command is executed.
12:51:12 INFO  : Context for 'APU' is selected.
12:51:12 INFO  : 'ps7_init' command is executed.
12:51:12 INFO  : 'ps7_post_config' command is executed.
12:51:12 INFO  : Context for processor 'ps7_cortexa9_0' is selected.
12:51:13 INFO  : The application 'F:/ax7350/demo/ps_timer/ps_timer.sdk/ps_timer_test_bsp_xscutimer_intr_example_1/Debug/ps_timer_test_bsp_xscutimer_intr_example_1.elf' is downloaded to processor 'ps7_cortexa9_0'.
12:51:13 INFO  : 'configparams force-mem-access 0' command is executed.
12:51:13 INFO  : ----------------XSDB Script----------------
connect -url tcp:127.0.0.1:3121
source F:/ax7350/demo/ps_timer/ps_timer.sdk/design_1_wrapper_hw_platform_0/ps7_init.tcl
targets -set -nocase -filter {name =~"APU*" && jtag_cable_name =~ "Digilent JTAG-HS1 210512180081"} -index 0
rst -system
after 3000
targets -set -nocase -filter {name =~"APU*" && jtag_cable_name =~ "Digilent JTAG-HS1 210512180081"} -index 0
loadhw -hw F:/ax7350/demo/ps_timer/ps_timer.sdk/design_1_wrapper_hw_platform_0/system.hdf -mem-ranges [list {0x40000000 0xbfffffff}]
configparams force-mem-access 1
targets -set -nocase -filter {name =~"APU*" && jtag_cable_name =~ "Digilent JTAG-HS1 210512180081"} -index 0
ps7_init
ps7_post_config
targets -set -nocase -filter {name =~ "ARM*#0" && jtag_cable_name =~ "Digilent JTAG-HS1 210512180081"} -index 0
dow F:/ax7350/demo/ps_timer/ps_timer.sdk/ps_timer_test_bsp_xscutimer_intr_example_1/Debug/ps_timer_test_bsp_xscutimer_intr_example_1.elf
configparams force-mem-access 0
----------------End of Script----------------

12:51:13 INFO  : Context for processor 'ps7_cortexa9_0' is selected.
12:51:13 INFO  : 'con' command is executed.
12:51:13 INFO  : ----------------XSDB Script (After Launch)----------------
targets -set -nocase -filter {name =~ "ARM*#0" && jtag_cable_name =~ "Digilent JTAG-HS1 210512180081"} -index 0
con
----------------End of Script----------------

12:51:13 INFO  : Launch script is exported to file 'F:\ax7350\demo\ps_timer\ps_timer.sdk\.sdk\launch_scripts\xilinx_c-c++_application_(system_debugger)\system_debugger_using_debug_ps_timer_test_bsp_xscutimer_intr_example_1.elf_on_local.tcl'
12:59:57 INFO  : Disconnected from the channel tcfchan#4.
12:59:58 INFO  : Connected to target on host '127.0.0.1' and port '3121'.
12:59:59 INFO  : Jtag cable 'Digilent JTAG-HS1 210512180081' is selected.
12:59:59 INFO  : 'jtag frequency' command is executed.
12:59:59 INFO  : Sourcing of 'F:/ax7350/demo/ps_timer/ps_timer.sdk/design_1_wrapper_hw_platform_0/ps7_init.tcl' is done.
12:59:59 INFO  : Context for 'APU' is selected.
12:59:59 INFO  : System reset is completed.
13:00:02 INFO  : 'after 3000' command is executed.
13:00:02 INFO  : Context for 'APU' is selected.
13:00:03 INFO  : Hardware design information is loaded from 'F:/ax7350/demo/ps_timer/ps_timer.sdk/design_1_wrapper_hw_platform_0/system.hdf'.
13:00:03 INFO  : 'configparams force-mem-access 1' command is executed.
13:00:03 INFO  : Context for 'APU' is selected.
13:00:03 INFO  : 'ps7_init' command is executed.
13:00:03 INFO  : 'ps7_post_config' command is executed.
13:00:03 INFO  : Context for processor 'ps7_cortexa9_0' is selected.
13:00:04 INFO  : The application 'F:/ax7350/demo/ps_timer/ps_timer.sdk/ps_timer_test_bsp_xscutimer_intr_example_1/Debug/ps_timer_test_bsp_xscutimer_intr_example_1.elf' is downloaded to processor 'ps7_cortexa9_0'.
13:00:04 INFO  : 'configparams force-mem-access 0' command is executed.
13:00:04 INFO  : ----------------XSDB Script----------------
connect -url tcp:127.0.0.1:3121
source F:/ax7350/demo/ps_timer/ps_timer.sdk/design_1_wrapper_hw_platform_0/ps7_init.tcl
targets -set -nocase -filter {name =~"APU*" && jtag_cable_name =~ "Digilent JTAG-HS1 210512180081"} -index 0
rst -system
after 3000
targets -set -nocase -filter {name =~"APU*" && jtag_cable_name =~ "Digilent JTAG-HS1 210512180081"} -index 0
loadhw -hw F:/ax7350/demo/ps_timer/ps_timer.sdk/design_1_wrapper_hw_platform_0/system.hdf -mem-ranges [list {0x40000000 0xbfffffff}]
configparams force-mem-access 1
targets -set -nocase -filter {name =~"APU*" && jtag_cable_name =~ "Digilent JTAG-HS1 210512180081"} -index 0
ps7_init
ps7_post_config
targets -set -nocase -filter {name =~ "ARM*#0" && jtag_cable_name =~ "Digilent JTAG-HS1 210512180081"} -index 0
dow F:/ax7350/demo/ps_timer/ps_timer.sdk/ps_timer_test_bsp_xscutimer_intr_example_1/Debug/ps_timer_test_bsp_xscutimer_intr_example_1.elf
configparams force-mem-access 0
----------------End of Script----------------

13:00:04 INFO  : Context for processor 'ps7_cortexa9_0' is selected.
13:00:04 INFO  : 'con' command is executed.
13:00:04 INFO  : ----------------XSDB Script (After Launch)----------------
targets -set -nocase -filter {name =~ "ARM*#0" && jtag_cable_name =~ "Digilent JTAG-HS1 210512180081"} -index 0
con
----------------End of Script----------------

13:00:04 INFO  : Launch script is exported to file 'F:\ax7350\demo\ps_timer\ps_timer.sdk\.sdk\launch_scripts\xilinx_c-c++_application_(system_debugger)\system_debugger_using_debug_ps_timer_test_bsp_xscutimer_intr_example_1.elf_on_local.tcl'
18:10:55 INFO  : Disconnected from the channel tcfchan#5.
17:39:41 INFO  : Registering command handlers for SDK TCF services
17:39:42 INFO  : Launching XSCT server: xsct.bat -interactive F:\ax7015\demo\ps_timer\ps_timer.sdk\temp_xsdb_launch_script.tcl
17:39:44 INFO  : XSCT server has started successfully.
17:39:44 INFO  : Successfully done setting XSCT server connection channel  
17:39:45 INFO  : Successfully done setting SDK workspace  
17:42:38 INFO  : Copied contents of F:/ax7015/demo/ps_timer/ps_timer.sdk/design_1_wrapper.hdf into \design_1_wrapper_hw_platform_0\system.hdf.
17:42:39 INFO  : Synchronizing projects in the workspace with the hardware platform specification changes.
17:42:40 ERROR : (XSDB Server)ERROR: [Hsi 55-1403] F:/ax7015/demo/ps_timer/ps_timer.sdk/ps_timer_test_bsp/system.mss line 171 - No IP instance named ps7_uart_0 present in hardware design

17:42:40 ERROR : (XSDB Server)ERROR: [Hsi 55-1452] Error: running open_sw_design.

17:42:40 ERROR :  [Common 17-39] 'hsi::open_sw_design' failed due to earlier errors.
17:42:40 ERROR : (XSDB Server)ERROR: [Hsi 55-1403] F:/ax7015/demo/ps_timer/ps_timer.sdk/ps_timer_test_bsp/system.mss line 171 - No IP instance named ps7_uart_0 present in hardware design

17:42:40 ERROR : (XSDB Server)ERROR: [Hsi 55-1452] Error: running open_sw_design.

17:42:40 INFO  : Unable to read in MSS file F:\ax7015\demo\ps_timer\ps_timer.sdk\ps_timer_test_bsp\system.mss : null
17:42:40 ERROR : (XSDB Server)ERROR: [Hsi 55-1403] F:/ax7015/demo/ps_timer/ps_timer.sdk/ps_timer_test_bsp/system.mss line 171 - No IP instance named ps7_uart_0 present in hardware design

17:42:40 ERROR : (XSDB Server)ERROR: [Hsi 55-1452] Error: running open_sw_design.

17:42:40 ERROR : (XSDB Server)ERROR: [Hsi 55-1403] F:/ax7015/demo/ps_timer/ps_timer.sdk/ps_timer_test_bsp/system.mss line 171 - No IP instance named ps7_uart_0 present in hardware design

17:42:40 ERROR : (XSDB Server)ERROR: [Hsi 55-1452] Error: running open_sw_design.

17:42:40 ERROR : (XSDB Server)ERROR: [Hsi 55-1403] F:/ax7015/demo/ps_timer/ps_timer.sdk/ps_timer_test_bsp/system.mss line 171 - No IP instance named ps7_uart_0 present in hardware design

17:42:40 ERROR : (XSDB Server)ERROR: [Hsi 55-1452] Error: running open_sw_design.

17:42:40 ERROR :  [Common 17-39] 'hsi::open_sw_design' failed due to earlier errors.
17:42:40 ERROR : (XSDB Server)ERROR: [Hsi 55-1403] F:/ax7015/demo/ps_timer/ps_timer.sdk/ps_timer_test_bsp/system.mss line 171 - No IP instance named ps7_uart_0 present in hardware design

17:42:40 ERROR : (XSDB Server)ERROR: [Hsi 55-1452] Error: running open_sw_design.

17:42:40 INFO  : Unable to read in MSS file F:\ax7015\demo\ps_timer\ps_timer.sdk\ps_timer_test_bsp\system.mss : null
17:42:40 ERROR : (XSDB Server)ERROR: [Hsi 55-1403] F:/ax7015/demo/ps_timer/ps_timer.sdk/ps_timer_test_bsp/system.mss line 171 - No IP instance named ps7_uart_0 present in hardware design

17:42:40 ERROR : (XSDB Server)ERROR: [Hsi 55-1452] Error: running open_sw_design.

17:42:40 ERROR : Failed to closesw "F:/ax7015/demo/ps_timer/ps_timer.sdk/ps_timer_test_bsp/system.mss"
Reason: Cannot close sw design 'F:/ax7015/demo/ps_timer/ps_timer.sdk/ps_timer_test_bsp/system.mss'.
Design is not opened in the current session.


17:42:43 INFO  : 
17:42:44 INFO  : Updating hardware inferred compiler options for ps_timer_test.
17:42:44 INFO  : Updating hardware inferred compiler options for ps_timer_test_bsp_xscutimer_intr_example_1.
17:42:44 INFO  : Clearing existing target manager status.
17:42:44 WARN  : Given IPC port value is invalid. Using default port 2350
17:42:44 WARN  : Given XMD timeout value is invalid. Using default value of 50000
17:42:45 WARN  : Given XMD transaction timeout value is invalid. Using default value of 60000 milli seconds
17:42:45 INFO  : Closing and re-opening the MSS file of ther project ps_timer_test_bsp
17:42:46 INFO  : Closing and re-opening the MSS file of ther project ps_timer_test_bsp
17:42:46 INFO  : Workspace synchronized with the new hardware specification file. Cleaning dependent projects...
17:42:49 WARN  : Linker script will not be updated automatically. Users need to update it manually.
18:54:53 ERROR : Unexpected error while parsing XMD response ?: com.google.gson.JsonSyntaxException: com.google.gson.stream.MalformedJsonException: invalid number or unquoted string near 
19:37:18 INFO  : Launching XSCT server: xsct.bat -interactive F:\ax7015\demo\ps_timer\ps_timer.sdk\temp_xsdb_launch_script.tcl
19:37:20 INFO  : XSCT server has started successfully.
19:37:20 INFO  : Successfully done setting XSCT server connection channel  
19:37:21 INFO  : Successfully done setting SDK workspace  
19:37:24 INFO  : Registering command handlers for SDK TCF services
19:37:24 INFO  : Processing command line option -hwspec F:/ax7015/demo/ps_timer/ps_timer.sdk/design_1_wrapper.hdf.
19:37:25 INFO  : Checking for hwspec changes in the project design_1_wrapper_hw_platform_0.
19:37:38 INFO  : Connected to target on host '127.0.0.1' and port '3121'.
19:37:38 INFO  : Jtag cable 'Digilent JTAG-HS1 210249854706' is selected.
19:37:38 INFO  : 'jtag frequency' command is executed.
19:37:39 INFO  : Sourcing of 'F:/ax7015/demo/ps_timer/ps_timer.sdk/design_1_wrapper_hw_platform_0/ps7_init.tcl' is done.
19:37:39 INFO  : Context for 'APU' is selected.
19:37:39 INFO  : Hardware design information is loaded from 'F:/ax7015/demo/ps_timer/ps_timer.sdk/design_1_wrapper_hw_platform_0/system.hdf'.
19:37:39 INFO  : 'configparams force-mem-access 1' command is executed.
19:37:39 INFO  : Context for 'APU' is selected.
19:37:39 INFO  : 'stop' command is executed.
19:37:39 INFO  : 'ps7_init' command is executed.
19:37:39 INFO  : 'ps7_post_config' command is executed.
19:37:39 INFO  : Context for processor 'ps7_cortexa9_0' is selected.
19:37:39 INFO  : Processor reset is completed for 'ps7_cortexa9_0'.
19:37:39 INFO  : Context for processor 'ps7_cortexa9_0' is selected.
19:37:39 INFO  : The application 'F:/ax7015/demo/ps_timer/ps_timer.sdk/ps_timer_test/Debug/ps_timer_test.elf' is downloaded to processor 'ps7_cortexa9_0'.
19:37:39 INFO  : 'configparams force-mem-access 0' command is executed.
19:37:39 INFO  : ----------------XSDB Script----------------
connect -url tcp:127.0.0.1:3121
source F:/ax7015/demo/ps_timer/ps_timer.sdk/design_1_wrapper_hw_platform_0/ps7_init.tcl
targets -set -nocase -filter {name =~"APU*" && jtag_cable_name =~ "Digilent JTAG-HS1 210249854706"} -index 0
loadhw -hw F:/ax7015/demo/ps_timer/ps_timer.sdk/design_1_wrapper_hw_platform_0/system.hdf -mem-ranges [list {0x40000000 0xbfffffff}]
configparams force-mem-access 1
targets -set -nocase -filter {name =~"APU*" && jtag_cable_name =~ "Digilent JTAG-HS1 210249854706"} -index 0
stop
ps7_init
ps7_post_config
targets -set -nocase -filter {name =~ "ARM*#0" && jtag_cable_name =~ "Digilent JTAG-HS1 210249854706"} -index 0
rst -processor
targets -set -nocase -filter {name =~ "ARM*#0" && jtag_cable_name =~ "Digilent JTAG-HS1 210249854706"} -index 0
dow F:/ax7015/demo/ps_timer/ps_timer.sdk/ps_timer_test/Debug/ps_timer_test.elf
configparams force-mem-access 0
----------------End of Script----------------

19:37:39 INFO  : Context for processor 'ps7_cortexa9_0' is selected.
19:37:39 INFO  : 'con' command is executed.
19:37:39 INFO  : ----------------XSDB Script (After Launch)----------------
targets -set -nocase -filter {name =~ "ARM*#0" && jtag_cable_name =~ "Digilent JTAG-HS1 210249854706"} -index 0
con
----------------End of Script----------------

19:37:39 INFO  : Launch script is exported to file 'F:\ax7015\demo\ps_timer\ps_timer.sdk\.sdk\launch_scripts\xilinx_c-c++_application_(system_debugger)\system_debugger_using_debug_ps_timer_test.elf_on_local.tcl'
19:37:51 INFO  : Disconnected from the channel tcfchan#1.
19:37:52 INFO  : Connected to target on host '127.0.0.1' and port '3121'.
19:37:52 INFO  : Jtag cable 'Digilent JTAG-HS1 210249854706' is selected.
19:37:52 INFO  : 'jtag frequency' command is executed.
19:37:52 INFO  : Sourcing of 'F:/ax7015/demo/ps_timer/ps_timer.sdk/design_1_wrapper_hw_platform_0/ps7_init.tcl' is done.
19:37:52 INFO  : Context for 'APU' is selected.
19:37:53 INFO  : Hardware design information is loaded from 'F:/ax7015/demo/ps_timer/ps_timer.sdk/design_1_wrapper_hw_platform_0/system.hdf'.
19:37:53 INFO  : 'configparams force-mem-access 1' command is executed.
19:37:53 INFO  : Context for 'APU' is selected.
19:37:53 INFO  : 'stop' command is executed.
19:37:54 INFO  : 'ps7_init' command is executed.
19:37:54 INFO  : 'ps7_post_config' command is executed.
19:37:54 INFO  : Context for processor 'ps7_cortexa9_0' is selected.
19:37:54 INFO  : Processor reset is completed for 'ps7_cortexa9_0'.
19:37:54 INFO  : Context for processor 'ps7_cortexa9_0' is selected.
19:37:54 INFO  : The application 'F:/ax7015/demo/ps_timer/ps_timer.sdk/ps_timer_test/Debug/ps_timer_test.elf' is downloaded to processor 'ps7_cortexa9_0'.
19:37:54 INFO  : 'configparams force-mem-access 0' command is executed.
19:37:54 INFO  : ----------------XSDB Script----------------
connect -url tcp:127.0.0.1:3121
source F:/ax7015/demo/ps_timer/ps_timer.sdk/design_1_wrapper_hw_platform_0/ps7_init.tcl
targets -set -nocase -filter {name =~"APU*" && jtag_cable_name =~ "Digilent JTAG-HS1 210249854706"} -index 0
loadhw -hw F:/ax7015/demo/ps_timer/ps_timer.sdk/design_1_wrapper_hw_platform_0/system.hdf -mem-ranges [list {0x40000000 0xbfffffff}]
configparams force-mem-access 1
targets -set -nocase -filter {name =~"APU*" && jtag_cable_name =~ "Digilent JTAG-HS1 210249854706"} -index 0
stop
ps7_init
ps7_post_config
targets -set -nocase -filter {name =~ "ARM*#0" && jtag_cable_name =~ "Digilent JTAG-HS1 210249854706"} -index 0
rst -processor
targets -set -nocase -filter {name =~ "ARM*#0" && jtag_cable_name =~ "Digilent JTAG-HS1 210249854706"} -index 0
dow F:/ax7015/demo/ps_timer/ps_timer.sdk/ps_timer_test/Debug/ps_timer_test.elf
configparams force-mem-access 0
----------------End of Script----------------

19:37:54 INFO  : Context for processor 'ps7_cortexa9_0' is selected.
19:37:54 INFO  : 'con' command is executed.
19:37:54 INFO  : ----------------XSDB Script (After Launch)----------------
targets -set -nocase -filter {name =~ "ARM*#0" && jtag_cable_name =~ "Digilent JTAG-HS1 210249854706"} -index 0
con
----------------End of Script----------------

19:37:54 INFO  : Launch script is exported to file 'F:\ax7015\demo\ps_timer\ps_timer.sdk\.sdk\launch_scripts\xilinx_c-c++_application_(system_debugger)\system_debugger_using_debug_ps_timer_test.elf_on_local.tcl'
19:38:30 INFO  : Disconnected from the channel tcfchan#2.
19:38:31 INFO  : Connected to target on host '127.0.0.1' and port '3121'.
19:38:31 INFO  : Jtag cable 'Digilent JTAG-HS1 210249854706' is selected.
19:38:31 INFO  : 'jtag frequency' command is executed.
19:38:31 INFO  : Sourcing of 'F:/ax7015/demo/ps_timer/ps_timer.sdk/design_1_wrapper_hw_platform_0/ps7_init.tcl' is done.
19:38:31 INFO  : Context for 'APU' is selected.
19:38:32 INFO  : Hardware design information is loaded from 'F:/ax7015/demo/ps_timer/ps_timer.sdk/design_1_wrapper_hw_platform_0/system.hdf'.
19:38:32 INFO  : 'configparams force-mem-access 1' command is executed.
19:38:32 INFO  : Context for 'APU' is selected.
19:38:32 INFO  : 'stop' command is executed.
19:38:32 INFO  : 'ps7_init' command is executed.
19:38:32 INFO  : 'ps7_post_config' command is executed.
19:38:32 INFO  : Context for processor 'ps7_cortexa9_0' is selected.
19:38:32 INFO  : Processor reset is completed for 'ps7_cortexa9_0'.
19:38:32 INFO  : Context for processor 'ps7_cortexa9_0' is selected.
19:38:32 INFO  : The application 'F:/ax7015/demo/ps_timer/ps_timer.sdk/ps_timer_test/Debug/ps_timer_test.elf' is downloaded to processor 'ps7_cortexa9_0'.
19:38:32 INFO  : 'configparams force-mem-access 0' command is executed.
19:38:32 INFO  : ----------------XSDB Script----------------
connect -url tcp:127.0.0.1:3121
source F:/ax7015/demo/ps_timer/ps_timer.sdk/design_1_wrapper_hw_platform_0/ps7_init.tcl
targets -set -nocase -filter {name =~"APU*" && jtag_cable_name =~ "Digilent JTAG-HS1 210249854706"} -index 0
loadhw -hw F:/ax7015/demo/ps_timer/ps_timer.sdk/design_1_wrapper_hw_platform_0/system.hdf -mem-ranges [list {0x40000000 0xbfffffff}]
configparams force-mem-access 1
targets -set -nocase -filter {name =~"APU*" && jtag_cable_name =~ "Digilent JTAG-HS1 210249854706"} -index 0
stop
ps7_init
ps7_post_config
targets -set -nocase -filter {name =~ "ARM*#0" && jtag_cable_name =~ "Digilent JTAG-HS1 210249854706"} -index 0
rst -processor
targets -set -nocase -filter {name =~ "ARM*#0" && jtag_cable_name =~ "Digilent JTAG-HS1 210249854706"} -index 0
dow F:/ax7015/demo/ps_timer/ps_timer.sdk/ps_timer_test/Debug/ps_timer_test.elf
configparams force-mem-access 0
----------------End of Script----------------

19:38:33 INFO  : Context for processor 'ps7_cortexa9_0' is selected.
19:38:33 INFO  : 'con' command is executed.
19:38:33 INFO  : ----------------XSDB Script (After Launch)----------------
targets -set -nocase -filter {name =~ "ARM*#0" && jtag_cable_name =~ "Digilent JTAG-HS1 210249854706"} -index 0
con
----------------End of Script----------------

19:38:33 INFO  : Launch script is exported to file 'F:\ax7015\demo\ps_timer\ps_timer.sdk\.sdk\launch_scripts\xilinx_c-c++_application_(system_debugger)\system_debugger_using_debug_ps_timer_test.elf_on_local.tcl'
19:38:44 INFO  : Disconnected from the channel tcfchan#3.
19:38:45 INFO  : Connected to target on host '127.0.0.1' and port '3121'.
19:38:46 INFO  : Jtag cable 'Digilent JTAG-HS1 210249854706' is selected.
19:38:46 INFO  : 'jtag frequency' command is executed.
19:38:46 INFO  : Sourcing of 'F:/ax7015/demo/ps_timer/ps_timer.sdk/design_1_wrapper_hw_platform_0/ps7_init.tcl' is done.
19:38:46 INFO  : Context for 'APU' is selected.
19:38:46 INFO  : System reset is completed.
19:38:49 INFO  : 'after 3000' command is executed.
19:38:49 INFO  : Context for 'APU' is selected.
19:38:50 INFO  : Hardware design information is loaded from 'F:/ax7015/demo/ps_timer/ps_timer.sdk/design_1_wrapper_hw_platform_0/system.hdf'.
19:38:50 INFO  : 'configparams force-mem-access 1' command is executed.
19:38:50 INFO  : Context for 'APU' is selected.
19:38:50 INFO  : 'ps7_init' command is executed.
19:38:50 INFO  : 'ps7_post_config' command is executed.
19:38:50 INFO  : Context for processor 'ps7_cortexa9_0' is selected.
19:38:51 INFO  : The application 'F:/ax7015/demo/ps_timer/ps_timer.sdk/ps_timer_test_bsp_xscutimer_intr_example_1/Debug/ps_timer_test_bsp_xscutimer_intr_example_1.elf' is downloaded to processor 'ps7_cortexa9_0'.
19:38:51 INFO  : 'configparams force-mem-access 0' command is executed.
19:38:51 INFO  : ----------------XSDB Script----------------
connect -url tcp:127.0.0.1:3121
source F:/ax7015/demo/ps_timer/ps_timer.sdk/design_1_wrapper_hw_platform_0/ps7_init.tcl
targets -set -nocase -filter {name =~"APU*" && jtag_cable_name =~ "Digilent JTAG-HS1 210249854706"} -index 0
rst -system
after 3000
targets -set -nocase -filter {name =~"APU*" && jtag_cable_name =~ "Digilent JTAG-HS1 210249854706"} -index 0
loadhw -hw F:/ax7015/demo/ps_timer/ps_timer.sdk/design_1_wrapper_hw_platform_0/system.hdf -mem-ranges [list {0x40000000 0xbfffffff}]
configparams force-mem-access 1
targets -set -nocase -filter {name =~"APU*" && jtag_cable_name =~ "Digilent JTAG-HS1 210249854706"} -index 0
ps7_init
ps7_post_config
targets -set -nocase -filter {name =~ "ARM*#0" && jtag_cable_name =~ "Digilent JTAG-HS1 210249854706"} -index 0
dow F:/ax7015/demo/ps_timer/ps_timer.sdk/ps_timer_test_bsp_xscutimer_intr_example_1/Debug/ps_timer_test_bsp_xscutimer_intr_example_1.elf
configparams force-mem-access 0
----------------End of Script----------------

19:38:51 INFO  : Context for processor 'ps7_cortexa9_0' is selected.
19:38:51 INFO  : 'con' command is executed.
19:38:51 INFO  : ----------------XSDB Script (After Launch)----------------
targets -set -nocase -filter {name =~ "ARM*#0" && jtag_cable_name =~ "Digilent JTAG-HS1 210249854706"} -index 0
con
----------------End of Script----------------

19:38:51 INFO  : Launch script is exported to file 'F:\ax7015\demo\ps_timer\ps_timer.sdk\.sdk\launch_scripts\xilinx_c-c++_application_(system_debugger)\system_debugger_using_debug_ps_timer_test_bsp_xscutimer_intr_example_1.elf_on_local.tcl'
19:44:42 INFO  : Disconnected from the channel tcfchan#4.
