10:18:12 INFO  : Registering command handlers for SDK TCF services
10:18:12 INFO  : Launching XSCT server: xsct.bat -interactive F:\ax7015\demo\custom_pwm_ip\custom_pwm_ip.sdk\temp_xsdb_launch_script.tcl
10:18:15 INFO  : XSCT server has started successfully.
10:18:15 INFO  : Successfully done setting XSCT server connection channel  
10:18:16 INFO  : Successfully done setting SDK workspace  
10:18:16 INFO  : Processing command line option -hwspec F:/ax7015/demo/custom_pwm_ip/custom_pwm_ip.sdk/design_1_wrapper.hdf.
10:18:54 INFO  : Launching XSCT server: xsct.bat -interactive F:\ax7015\demo\custom_pwm_ip\custom_pwm_ip.sdk\temp_xsdb_launch_script.tcl
10:18:56 INFO  : XSCT server has started successfully.
10:18:56 INFO  : Successfully done setting XSCT server connection channel  
10:18:59 INFO  : Successfully done setting SDK workspace  
10:19:00 INFO  : Registering command handlers for SDK TCF services
10:48:28 INFO  : 'targets -set -filter {jtag_cable_name =~ "Digilent JTAG-HS1 210249854706" && level==0} -index 1' command is executed.
10:48:28 INFO  : 'fpga -state' command is executed.
10:48:28 INFO  : Connected to target on host '127.0.0.1' and port '3121'.
10:48:28 INFO  : Jtag cable 'Digilent JTAG-HS1 210249854706' is selected.
10:48:28 INFO  : 'jtag frequency' command is executed.
10:48:28 INFO  : Sourcing of 'F:/ax7015/demo/custom_pwm_ip/custom_pwm_ip.sdk/design_1_wrapper_hw_platform_0/ps7_init.tcl' is done.
10:48:28 INFO  : Context for 'APU' is selected.
10:48:28 INFO  : Hardware design information is loaded from 'F:/ax7015/demo/custom_pwm_ip/custom_pwm_ip.sdk/design_1_wrapper_hw_platform_0/system.hdf'.
10:48:28 INFO  : 'configparams force-mem-access 1' command is executed.
10:48:28 INFO  : Context for 'APU' is selected.
10:48:28 INFO  : 'stop' command is executed.
10:48:28 INFO  : 'ps7_init' command is executed.
10:48:28 INFO  : 'ps7_post_config' command is executed.
10:48:28 INFO  : Context for processor 'ps7_cortexa9_0' is selected.
10:48:28 INFO  : Processor reset is completed for 'ps7_cortexa9_0'.
10:48:28 INFO  : Context for processor 'ps7_cortexa9_0' is selected.
10:48:29 INFO  : The application 'F:/ax7015/demo/custom_pwm_ip/custom_pwm_ip.sdk/pwm_test/Debug/pwm_test.elf' is downloaded to processor 'ps7_cortexa9_0'.
10:48:29 INFO  : 'configparams force-mem-access 0' command is executed.
10:48:29 INFO  : ----------------XSDB Script----------------
connect -url tcp:127.0.0.1:3121
source F:/ax7015/demo/custom_pwm_ip/custom_pwm_ip.sdk/design_1_wrapper_hw_platform_0/ps7_init.tcl
targets -set -nocase -filter {name =~"APU*" && jtag_cable_name =~ "Digilent JTAG-HS1 210249854706"} -index 0
loadhw -hw F:/ax7015/demo/custom_pwm_ip/custom_pwm_ip.sdk/design_1_wrapper_hw_platform_0/system.hdf -mem-ranges [list {0x40000000 0xbfffffff}]
configparams force-mem-access 1
targets -set -nocase -filter {name =~"APU*" && jtag_cable_name =~ "Digilent JTAG-HS1 210249854706"} -index 0
stop
ps7_init
ps7_post_config
targets -set -nocase -filter {name =~ "ARM*#0" && jtag_cable_name =~ "Digilent JTAG-HS1 210249854706"} -index 0
rst -processor
targets -set -nocase -filter {name =~ "ARM*#0" && jtag_cable_name =~ "Digilent JTAG-HS1 210249854706"} -index 0
dow F:/ax7015/demo/custom_pwm_ip/custom_pwm_ip.sdk/pwm_test/Debug/pwm_test.elf
configparams force-mem-access 0
----------------End of Script----------------

10:48:29 INFO  : Memory regions updated for context APU
10:48:29 INFO  : Context for processor 'ps7_cortexa9_0' is selected.
10:48:29 INFO  : 'con' command is executed.
10:48:29 INFO  : ----------------XSDB Script (After Launch)----------------
targets -set -nocase -filter {name =~ "ARM*#0" && jtag_cable_name =~ "Digilent JTAG-HS1 210249854706"} -index 0
con
----------------End of Script----------------

10:48:29 INFO  : Launch script is exported to file 'F:\ax7015\demo\custom_pwm_ip\custom_pwm_ip.sdk\.sdk\launch_scripts\xilinx_c-c++_application_(system_debugger)\system_debugger_using_debug_pwm_test.elf_on_local.tcl'
10:48:39 INFO  : Disconnected from the channel tcfchan#1.
10:48:40 INFO  : Connected to target on host '127.0.0.1' and port '3121'.
10:48:40 INFO  : Jtag cable 'Digilent JTAG-HS1 210249854706' is selected.
10:48:40 INFO  : 'jtag frequency' command is executed.
10:48:40 INFO  : Sourcing of 'F:/ax7015/demo/custom_pwm_ip/custom_pwm_ip.sdk/design_1_wrapper_hw_platform_0/ps7_init.tcl' is done.
10:48:41 INFO  : Context for 'APU' is selected.
10:48:41 INFO  : System reset is completed.
10:48:44 INFO  : 'after 3000' command is executed.
10:48:44 INFO  : 'targets -set -filter {jtag_cable_name =~ "Digilent JTAG-HS1 210249854706" && level==0} -index 1' command is executed.
10:48:47 INFO  : FPGA configured successfully with bitstream "F:/ax7015/demo/custom_pwm_ip/custom_pwm_ip.sdk/design_1_wrapper_hw_platform_0/design_1_wrapper.bit"
10:48:47 INFO  : Context for 'APU' is selected.
10:48:48 INFO  : Hardware design information is loaded from 'F:/ax7015/demo/custom_pwm_ip/custom_pwm_ip.sdk/design_1_wrapper_hw_platform_0/system.hdf'.
10:48:48 INFO  : 'configparams force-mem-access 1' command is executed.
10:48:48 INFO  : Context for 'APU' is selected.
10:48:48 INFO  : 'ps7_init' command is executed.
10:48:48 INFO  : 'ps7_post_config' command is executed.
10:48:48 INFO  : Context for processor 'ps7_cortexa9_0' is selected.
10:48:48 INFO  : The application 'F:/ax7015/demo/custom_pwm_ip/custom_pwm_ip.sdk/pwm_test/Debug/pwm_test.elf' is downloaded to processor 'ps7_cortexa9_0'.
10:48:48 INFO  : 'configparams force-mem-access 0' command is executed.
10:48:48 INFO  : ----------------XSDB Script----------------
connect -url tcp:127.0.0.1:3121
source F:/ax7015/demo/custom_pwm_ip/custom_pwm_ip.sdk/design_1_wrapper_hw_platform_0/ps7_init.tcl
targets -set -nocase -filter {name =~"APU*" && jtag_cable_name =~ "Digilent JTAG-HS1 210249854706"} -index 0
rst -system
after 3000
targets -set -filter {jtag_cable_name =~ "Digilent JTAG-HS1 210249854706" && level==0} -index 1
fpga -file F:/ax7015/demo/custom_pwm_ip/custom_pwm_ip.sdk/design_1_wrapper_hw_platform_0/design_1_wrapper.bit
targets -set -nocase -filter {name =~"APU*" && jtag_cable_name =~ "Digilent JTAG-HS1 210249854706"} -index 0
loadhw -hw F:/ax7015/demo/custom_pwm_ip/custom_pwm_ip.sdk/design_1_wrapper_hw_platform_0/system.hdf -mem-ranges [list {0x40000000 0xbfffffff}]
configparams force-mem-access 1
targets -set -nocase -filter {name =~"APU*" && jtag_cable_name =~ "Digilent JTAG-HS1 210249854706"} -index 0
ps7_init
ps7_post_config
targets -set -nocase -filter {name =~ "ARM*#0" && jtag_cable_name =~ "Digilent JTAG-HS1 210249854706"} -index 0
dow F:/ax7015/demo/custom_pwm_ip/custom_pwm_ip.sdk/pwm_test/Debug/pwm_test.elf
configparams force-mem-access 0
----------------End of Script----------------

10:48:49 INFO  : Memory regions updated for context APU
10:48:49 INFO  : Context for processor 'ps7_cortexa9_0' is selected.
10:48:49 INFO  : 'con' command is executed.
10:48:49 INFO  : ----------------XSDB Script (After Launch)----------------
targets -set -nocase -filter {name =~ "ARM*#0" && jtag_cable_name =~ "Digilent JTAG-HS1 210249854706"} -index 0
con
----------------End of Script----------------

10:48:49 INFO  : Launch script is exported to file 'F:\ax7015\demo\custom_pwm_ip\custom_pwm_ip.sdk\.sdk\launch_scripts\xilinx_c-c++_application_(system_debugger)\system_debugger_using_debug_pwm_test.elf_on_local.tcl'
10:55:01 INFO  : Disconnected from the channel tcfchan#2.
10:55:02 INFO  : Connected to target on host '127.0.0.1' and port '3121'.
10:55:02 INFO  : Jtag cable 'Digilent JTAG-HS1 210249854706' is selected.
10:55:02 INFO  : 'jtag frequency' command is executed.
10:55:02 INFO  : Sourcing of 'F:/ax7015/demo/custom_pwm_ip/custom_pwm_ip.sdk/design_1_wrapper_hw_platform_0/ps7_init.tcl' is done.
10:55:02 INFO  : Context for 'APU' is selected.
10:55:02 INFO  : System reset is completed.
10:55:05 INFO  : 'after 3000' command is executed.
10:55:05 INFO  : 'targets -set -filter {jtag_cable_name =~ "Digilent JTAG-HS1 210249854706" && level==0} -index 1' command is executed.
10:55:08 INFO  : FPGA configured successfully with bitstream "F:/ax7015/demo/custom_pwm_ip/custom_pwm_ip.sdk/design_1_wrapper_hw_platform_0/design_1_wrapper.bit"
10:55:08 INFO  : Context for 'APU' is selected.
10:55:09 INFO  : Hardware design information is loaded from 'F:/ax7015/demo/custom_pwm_ip/custom_pwm_ip.sdk/design_1_wrapper_hw_platform_0/system.hdf'.
10:55:09 INFO  : 'configparams force-mem-access 1' command is executed.
10:55:09 INFO  : Context for 'APU' is selected.
10:55:10 INFO  : 'ps7_init' command is executed.
10:55:10 INFO  : 'ps7_post_config' command is executed.
10:55:10 INFO  : Context for processor 'ps7_cortexa9_0' is selected.
10:55:10 INFO  : The application 'F:/ax7015/demo/custom_pwm_ip/custom_pwm_ip.sdk/pwm_test/Debug/pwm_test.elf' is downloaded to processor 'ps7_cortexa9_0'.
10:55:10 INFO  : 'configparams force-mem-access 0' command is executed.
10:55:10 INFO  : ----------------XSDB Script----------------
connect -url tcp:127.0.0.1:3121
source F:/ax7015/demo/custom_pwm_ip/custom_pwm_ip.sdk/design_1_wrapper_hw_platform_0/ps7_init.tcl
targets -set -nocase -filter {name =~"APU*" && jtag_cable_name =~ "Digilent JTAG-HS1 210249854706"} -index 0
rst -system
after 3000
targets -set -filter {jtag_cable_name =~ "Digilent JTAG-HS1 210249854706" && level==0} -index 1
fpga -file F:/ax7015/demo/custom_pwm_ip/custom_pwm_ip.sdk/design_1_wrapper_hw_platform_0/design_1_wrapper.bit
targets -set -nocase -filter {name =~"APU*" && jtag_cable_name =~ "Digilent JTAG-HS1 210249854706"} -index 0
loadhw -hw F:/ax7015/demo/custom_pwm_ip/custom_pwm_ip.sdk/design_1_wrapper_hw_platform_0/system.hdf -mem-ranges [list {0x40000000 0xbfffffff}]
configparams force-mem-access 1
targets -set -nocase -filter {name =~"APU*" && jtag_cable_name =~ "Digilent JTAG-HS1 210249854706"} -index 0
ps7_init
ps7_post_config
targets -set -nocase -filter {name =~ "ARM*#0" && jtag_cable_name =~ "Digilent JTAG-HS1 210249854706"} -index 0
dow F:/ax7015/demo/custom_pwm_ip/custom_pwm_ip.sdk/pwm_test/Debug/pwm_test.elf
configparams force-mem-access 0
----------------End of Script----------------

10:55:10 INFO  : Memory regions updated for context APU
10:55:10 INFO  : Context for processor 'ps7_cortexa9_0' is selected.
10:55:10 INFO  : 'con' command is executed.
10:55:10 INFO  : ----------------XSDB Script (After Launch)----------------
targets -set -nocase -filter {name =~ "ARM*#0" && jtag_cable_name =~ "Digilent JTAG-HS1 210249854706"} -index 0
con
----------------End of Script----------------

10:55:10 INFO  : Launch script is exported to file 'F:\ax7015\demo\custom_pwm_ip\custom_pwm_ip.sdk\.sdk\launch_scripts\xilinx_c-c++_application_(system_debugger)\system_debugger_using_debug_pwm_test.elf_on_local.tcl'
11:16:44 INFO  : Disconnected from the channel tcfchan#3.
