14:50:28 INFO  : Registering command handlers for SDK TCF services
14:50:29 INFO  : Launching XSCT server: xsct.bat -interactive F:\ax7015\demo\vdma_hdmi_out\vdma_hdmi_out.sdk\temp_xsdb_launch_script.tcl
14:50:31 INFO  : XSCT server has started successfully.
14:50:32 INFO  : Successfully done setting XSCT server connection channel  
14:50:32 INFO  : Successfully done setting SDK workspace  
14:50:32 INFO  : Processing command line option -hwspec F:/ax7015/demo/vdma_hdmi_out/vdma_hdmi_out.sdk/design_1_wrapper.hdf.
16:14:17 INFO  : 'targets -set -filter {jtag_cable_name =~ "Digilent JTAG-HS1 210249854706" && level==0} -index 1' command is executed.
16:14:17 INFO  : 'fpga -state' command is executed.
16:14:17 INFO  : Connected to target on host '127.0.0.1' and port '3121'.
16:14:17 INFO  : Jtag cable 'Digilent JTAG-HS1 210249854706' is selected.
16:14:17 INFO  : 'jtag frequency' command is executed.
16:14:17 INFO  : Sourcing of 'F:/ax7015/demo/vdma_hdmi_out/vdma_hdmi_out.sdk/design_1_wrapper_hw_platform_0/ps7_init.tcl' is done.
16:14:17 INFO  : Context for 'APU' is selected.
16:14:17 INFO  : Hardware design information is loaded from 'F:/ax7015/demo/vdma_hdmi_out/vdma_hdmi_out.sdk/design_1_wrapper_hw_platform_0/system.hdf'.
16:14:17 INFO  : 'configparams force-mem-access 1' command is executed.
16:14:17 INFO  : Context for 'APU' is selected.
16:14:17 INFO  : 'stop' command is executed.
16:14:17 INFO  : 'ps7_init' command is executed.
16:14:17 INFO  : 'ps7_post_config' command is executed.
16:14:17 INFO  : Context for processor 'ps7_cortexa9_0' is selected.
16:14:17 INFO  : Processor reset is completed for 'ps7_cortexa9_0'.
16:14:17 INFO  : Context for processor 'ps7_cortexa9_0' is selected.
16:14:21 INFO  : The application 'F:/ax7015/demo/vdma_hdmi_out/vdma_hdmi_out.sdk/vdma_hdmi/Debug/vdma_hdmi.elf' is downloaded to processor 'ps7_cortexa9_0'.
16:14:21 INFO  : 'configparams force-mem-access 0' command is executed.
16:14:21 INFO  : ----------------XSDB Script----------------
connect -url tcp:127.0.0.1:3121
source F:/ax7015/demo/vdma_hdmi_out/vdma_hdmi_out.sdk/design_1_wrapper_hw_platform_0/ps7_init.tcl
targets -set -nocase -filter {name =~"APU*" && jtag_cable_name =~ "Digilent JTAG-HS1 210249854706"} -index 0
loadhw -hw F:/ax7015/demo/vdma_hdmi_out/vdma_hdmi_out.sdk/design_1_wrapper_hw_platform_0/system.hdf -mem-ranges [list {0x40000000 0xbfffffff}]
configparams force-mem-access 1
targets -set -nocase -filter {name =~"APU*" && jtag_cable_name =~ "Digilent JTAG-HS1 210249854706"} -index 0
stop
ps7_init
ps7_post_config
targets -set -nocase -filter {name =~ "ARM*#0" && jtag_cable_name =~ "Digilent JTAG-HS1 210249854706"} -index 0
rst -processor
targets -set -nocase -filter {name =~ "ARM*#0" && jtag_cable_name =~ "Digilent JTAG-HS1 210249854706"} -index 0
dow F:/ax7015/demo/vdma_hdmi_out/vdma_hdmi_out.sdk/vdma_hdmi/Debug/vdma_hdmi.elf
configparams force-mem-access 0
----------------End of Script----------------

16:14:21 INFO  : Memory regions updated for context APU
16:14:21 INFO  : Context for processor 'ps7_cortexa9_0' is selected.
16:14:21 INFO  : 'con' command is executed.
16:14:21 INFO  : ----------------XSDB Script (After Launch)----------------
targets -set -nocase -filter {name =~ "ARM*#0" && jtag_cable_name =~ "Digilent JTAG-HS1 210249854706"} -index 0
con
----------------End of Script----------------

16:14:21 INFO  : Launch script is exported to file 'F:\ax7015\demo\vdma_hdmi_out\vdma_hdmi_out.sdk\.sdk\launch_scripts\xilinx_c-c++_application_(system_debugger)\system_debugger_using_debug_vdma_hdmi.elf_on_local.tcl'
16:14:35 INFO  : Disconnected from the channel tcfchan#1.
16:14:36 INFO  : Connected to target on host '127.0.0.1' and port '3121'.
16:14:36 INFO  : Jtag cable 'Digilent JTAG-HS1 210249854706' is selected.
16:14:36 INFO  : 'jtag frequency' command is executed.
16:14:36 INFO  : Sourcing of 'F:/ax7015/demo/vdma_hdmi_out/vdma_hdmi_out.sdk/design_1_wrapper_hw_platform_0/ps7_init.tcl' is done.
16:14:37 INFO  : Context for 'APU' is selected.
16:14:37 INFO  : System reset is completed.
16:14:40 INFO  : 'after 3000' command is executed.
16:14:40 INFO  : 'targets -set -filter {jtag_cable_name =~ "Digilent JTAG-HS1 210249854706" && level==0} -index 1' command is executed.
16:14:43 INFO  : FPGA configured successfully with bitstream "F:/ax7015/demo/vdma_hdmi_out/vdma_hdmi_out.sdk/design_1_wrapper_hw_platform_0/design_1_wrapper.bit"
16:14:43 INFO  : Context for 'APU' is selected.
16:14:44 INFO  : Hardware design information is loaded from 'F:/ax7015/demo/vdma_hdmi_out/vdma_hdmi_out.sdk/design_1_wrapper_hw_platform_0/system.hdf'.
16:14:44 INFO  : 'configparams force-mem-access 1' command is executed.
16:14:44 INFO  : Context for 'APU' is selected.
16:14:44 INFO  : 'ps7_init' command is executed.
16:14:44 INFO  : 'ps7_post_config' command is executed.
16:14:44 INFO  : Context for processor 'ps7_cortexa9_0' is selected.
16:14:48 INFO  : The application 'F:/ax7015/demo/vdma_hdmi_out/vdma_hdmi_out.sdk/vdma_hdmi/Debug/vdma_hdmi.elf' is downloaded to processor 'ps7_cortexa9_0'.
16:14:48 INFO  : 'configparams force-mem-access 0' command is executed.
16:14:48 INFO  : ----------------XSDB Script----------------
connect -url tcp:127.0.0.1:3121
source F:/ax7015/demo/vdma_hdmi_out/vdma_hdmi_out.sdk/design_1_wrapper_hw_platform_0/ps7_init.tcl
targets -set -nocase -filter {name =~"APU*" && jtag_cable_name =~ "Digilent JTAG-HS1 210249854706"} -index 0
rst -system
after 3000
targets -set -filter {jtag_cable_name =~ "Digilent JTAG-HS1 210249854706" && level==0} -index 1
fpga -file F:/ax7015/demo/vdma_hdmi_out/vdma_hdmi_out.sdk/design_1_wrapper_hw_platform_0/design_1_wrapper.bit
targets -set -nocase -filter {name =~"APU*" && jtag_cable_name =~ "Digilent JTAG-HS1 210249854706"} -index 0
loadhw -hw F:/ax7015/demo/vdma_hdmi_out/vdma_hdmi_out.sdk/design_1_wrapper_hw_platform_0/system.hdf -mem-ranges [list {0x40000000 0xbfffffff}]
configparams force-mem-access 1
targets -set -nocase -filter {name =~"APU*" && jtag_cable_name =~ "Digilent JTAG-HS1 210249854706"} -index 0
ps7_init
ps7_post_config
targets -set -nocase -filter {name =~ "ARM*#0" && jtag_cable_name =~ "Digilent JTAG-HS1 210249854706"} -index 0
dow F:/ax7015/demo/vdma_hdmi_out/vdma_hdmi_out.sdk/vdma_hdmi/Debug/vdma_hdmi.elf
configparams force-mem-access 0
----------------End of Script----------------

16:14:48 INFO  : Memory regions updated for context APU
16:14:48 INFO  : Context for processor 'ps7_cortexa9_0' is selected.
16:14:48 INFO  : 'con' command is executed.
16:14:48 INFO  : ----------------XSDB Script (After Launch)----------------
targets -set -nocase -filter {name =~ "ARM*#0" && jtag_cable_name =~ "Digilent JTAG-HS1 210249854706"} -index 0
con
----------------End of Script----------------

16:14:48 INFO  : Launch script is exported to file 'F:\ax7015\demo\vdma_hdmi_out\vdma_hdmi_out.sdk\.sdk\launch_scripts\xilinx_c-c++_application_(system_debugger)\system_debugger_using_debug_vdma_hdmi.elf_on_local.tcl'
16:15:37 INFO  : Disconnected from the channel tcfchan#2.
16:15:38 INFO  : Connected to target on host '127.0.0.1' and port '3121'.
16:15:38 INFO  : Jtag cable 'Digilent JTAG-HS1 210249854706' is selected.
16:15:38 INFO  : 'jtag frequency' command is executed.
16:15:38 INFO  : Sourcing of 'F:/ax7015/demo/vdma_hdmi_out/vdma_hdmi_out.sdk/design_1_wrapper_hw_platform_0/ps7_init.tcl' is done.
16:15:38 INFO  : Context for 'APU' is selected.
16:15:38 INFO  : System reset is completed.
16:15:41 INFO  : 'after 3000' command is executed.
16:15:41 INFO  : 'targets -set -filter {jtag_cable_name =~ "Digilent JTAG-HS1 210249854706" && level==0} -index 1' command is executed.
16:15:44 INFO  : FPGA configured successfully with bitstream "F:/ax7015/demo/vdma_hdmi_out/vdma_hdmi_out.sdk/design_1_wrapper_hw_platform_0/design_1_wrapper.bit"
16:15:44 INFO  : Context for 'APU' is selected.
16:15:45 INFO  : Hardware design information is loaded from 'F:/ax7015/demo/vdma_hdmi_out/vdma_hdmi_out.sdk/design_1_wrapper_hw_platform_0/system.hdf'.
16:15:45 INFO  : 'configparams force-mem-access 1' command is executed.
16:15:45 INFO  : Context for 'APU' is selected.
16:15:45 INFO  : 'ps7_init' command is executed.
16:15:45 INFO  : 'ps7_post_config' command is executed.
16:15:45 INFO  : Context for processor 'ps7_cortexa9_0' is selected.
16:15:49 INFO  : The application 'F:/ax7015/demo/vdma_hdmi_out/vdma_hdmi_out.sdk/vdma_hdmi/Debug/vdma_hdmi.elf' is downloaded to processor 'ps7_cortexa9_0'.
16:15:49 INFO  : 'configparams force-mem-access 0' command is executed.
16:15:49 INFO  : ----------------XSDB Script----------------
connect -url tcp:127.0.0.1:3121
source F:/ax7015/demo/vdma_hdmi_out/vdma_hdmi_out.sdk/design_1_wrapper_hw_platform_0/ps7_init.tcl
targets -set -nocase -filter {name =~"APU*" && jtag_cable_name =~ "Digilent JTAG-HS1 210249854706"} -index 0
rst -system
after 3000
targets -set -filter {jtag_cable_name =~ "Digilent JTAG-HS1 210249854706" && level==0} -index 1
fpga -file F:/ax7015/demo/vdma_hdmi_out/vdma_hdmi_out.sdk/design_1_wrapper_hw_platform_0/design_1_wrapper.bit
targets -set -nocase -filter {name =~"APU*" && jtag_cable_name =~ "Digilent JTAG-HS1 210249854706"} -index 0
loadhw -hw F:/ax7015/demo/vdma_hdmi_out/vdma_hdmi_out.sdk/design_1_wrapper_hw_platform_0/system.hdf -mem-ranges [list {0x40000000 0xbfffffff}]
configparams force-mem-access 1
targets -set -nocase -filter {name =~"APU*" && jtag_cable_name =~ "Digilent JTAG-HS1 210249854706"} -index 0
ps7_init
ps7_post_config
targets -set -nocase -filter {name =~ "ARM*#0" && jtag_cable_name =~ "Digilent JTAG-HS1 210249854706"} -index 0
dow F:/ax7015/demo/vdma_hdmi_out/vdma_hdmi_out.sdk/vdma_hdmi/Debug/vdma_hdmi.elf
configparams force-mem-access 0
----------------End of Script----------------

16:15:49 INFO  : Memory regions updated for context APU
16:15:49 INFO  : Context for processor 'ps7_cortexa9_0' is selected.
16:15:49 INFO  : 'con' command is executed.
16:15:49 INFO  : ----------------XSDB Script (After Launch)----------------
targets -set -nocase -filter {name =~ "ARM*#0" && jtag_cable_name =~ "Digilent JTAG-HS1 210249854706"} -index 0
con
----------------End of Script----------------

16:15:49 INFO  : Launch script is exported to file 'F:\ax7015\demo\vdma_hdmi_out\vdma_hdmi_out.sdk\.sdk\launch_scripts\xilinx_c-c++_application_(system_debugger)\system_debugger_using_debug_vdma_hdmi.elf_on_local.tcl'
16:18:33 INFO  : Disconnected from the channel tcfchan#3.
16:18:34 INFO  : Connected to target on host '127.0.0.1' and port '3121'.
16:18:34 INFO  : Jtag cable 'Digilent JTAG-HS1 210249854706' is selected.
16:18:34 INFO  : 'jtag frequency' command is executed.
16:18:34 INFO  : Sourcing of 'F:/ax7015/demo/vdma_hdmi_out/vdma_hdmi_out.sdk/design_1_wrapper_hw_platform_0/ps7_init.tcl' is done.
16:18:34 INFO  : Context for 'APU' is selected.
16:18:34 INFO  : System reset is completed.
16:18:37 INFO  : 'after 3000' command is executed.
16:18:37 INFO  : 'targets -set -filter {jtag_cable_name =~ "Digilent JTAG-HS1 210249854706" && level==0} -index 1' command is executed.
16:18:40 INFO  : FPGA configured successfully with bitstream "F:/ax7015/demo/vdma_hdmi_out/vdma_hdmi_out.sdk/design_1_wrapper_hw_platform_0/design_1_wrapper.bit"
16:18:40 INFO  : Context for 'APU' is selected.
16:18:41 INFO  : Hardware design information is loaded from 'F:/ax7015/demo/vdma_hdmi_out/vdma_hdmi_out.sdk/design_1_wrapper_hw_platform_0/system.hdf'.
16:18:41 INFO  : 'configparams force-mem-access 1' command is executed.
16:18:41 INFO  : Context for 'APU' is selected.
16:18:42 INFO  : 'ps7_init' command is executed.
16:18:42 INFO  : 'ps7_post_config' command is executed.
16:18:42 INFO  : Context for processor 'ps7_cortexa9_0' is selected.
16:18:45 INFO  : The application 'F:/ax7015/demo/vdma_hdmi_out/vdma_hdmi_out.sdk/vdma_hdmi/Debug/vdma_hdmi.elf' is downloaded to processor 'ps7_cortexa9_0'.
16:18:45 INFO  : 'configparams force-mem-access 0' command is executed.
16:18:45 INFO  : ----------------XSDB Script----------------
connect -url tcp:127.0.0.1:3121
source F:/ax7015/demo/vdma_hdmi_out/vdma_hdmi_out.sdk/design_1_wrapper_hw_platform_0/ps7_init.tcl
targets -set -nocase -filter {name =~"APU*" && jtag_cable_name =~ "Digilent JTAG-HS1 210249854706"} -index 0
rst -system
after 3000
targets -set -filter {jtag_cable_name =~ "Digilent JTAG-HS1 210249854706" && level==0} -index 1
fpga -file F:/ax7015/demo/vdma_hdmi_out/vdma_hdmi_out.sdk/design_1_wrapper_hw_platform_0/design_1_wrapper.bit
targets -set -nocase -filter {name =~"APU*" && jtag_cable_name =~ "Digilent JTAG-HS1 210249854706"} -index 0
loadhw -hw F:/ax7015/demo/vdma_hdmi_out/vdma_hdmi_out.sdk/design_1_wrapper_hw_platform_0/system.hdf -mem-ranges [list {0x40000000 0xbfffffff}]
configparams force-mem-access 1
targets -set -nocase -filter {name =~"APU*" && jtag_cable_name =~ "Digilent JTAG-HS1 210249854706"} -index 0
ps7_init
ps7_post_config
targets -set -nocase -filter {name =~ "ARM*#0" && jtag_cable_name =~ "Digilent JTAG-HS1 210249854706"} -index 0
dow F:/ax7015/demo/vdma_hdmi_out/vdma_hdmi_out.sdk/vdma_hdmi/Debug/vdma_hdmi.elf
configparams force-mem-access 0
----------------End of Script----------------

16:18:45 INFO  : Memory regions updated for context APU
16:18:45 INFO  : Context for processor 'ps7_cortexa9_0' is selected.
16:18:45 INFO  : 'con' command is executed.
16:18:45 INFO  : ----------------XSDB Script (After Launch)----------------
targets -set -nocase -filter {name =~ "ARM*#0" && jtag_cable_name =~ "Digilent JTAG-HS1 210249854706"} -index 0
con
----------------End of Script----------------

16:18:45 INFO  : Launch script is exported to file 'F:\ax7015\demo\vdma_hdmi_out\vdma_hdmi_out.sdk\.sdk\launch_scripts\xilinx_c-c++_application_(system_debugger)\system_debugger_using_debug_vdma_hdmi.elf_on_local.tcl'
16:21:09 INFO  : Disconnected from the channel tcfchan#4.
16:21:10 INFO  : Connected to target on host '127.0.0.1' and port '3121'.
16:21:10 INFO  : Jtag cable 'Digilent JTAG-HS1 210249854706' is selected.
16:21:10 INFO  : 'jtag frequency' command is executed.
16:21:10 INFO  : Sourcing of 'F:/ax7015/demo/vdma_hdmi_out/vdma_hdmi_out.sdk/design_1_wrapper_hw_platform_0/ps7_init.tcl' is done.
16:21:10 INFO  : Context for 'APU' is selected.
16:21:10 INFO  : System reset is completed.
16:21:13 INFO  : 'after 3000' command is executed.
16:21:13 INFO  : 'targets -set -filter {jtag_cable_name =~ "Digilent JTAG-HS1 210249854706" && level==0} -index 1' command is executed.
16:21:16 INFO  : FPGA configured successfully with bitstream "F:/ax7015/demo/vdma_hdmi_out/vdma_hdmi_out.sdk/design_1_wrapper_hw_platform_0/design_1_wrapper.bit"
16:21:16 INFO  : Context for 'APU' is selected.
16:21:17 INFO  : Hardware design information is loaded from 'F:/ax7015/demo/vdma_hdmi_out/vdma_hdmi_out.sdk/design_1_wrapper_hw_platform_0/system.hdf'.
16:21:17 INFO  : 'configparams force-mem-access 1' command is executed.
16:21:18 INFO  : Context for 'APU' is selected.
16:21:18 INFO  : 'ps7_init' command is executed.
16:21:18 INFO  : 'ps7_post_config' command is executed.
16:21:18 INFO  : Context for processor 'ps7_cortexa9_0' is selected.
16:21:21 INFO  : The application 'F:/ax7015/demo/vdma_hdmi_out/vdma_hdmi_out.sdk/vdma_hdmi/Debug/vdma_hdmi.elf' is downloaded to processor 'ps7_cortexa9_0'.
16:21:21 INFO  : 'configparams force-mem-access 0' command is executed.
16:21:21 INFO  : ----------------XSDB Script----------------
connect -url tcp:127.0.0.1:3121
source F:/ax7015/demo/vdma_hdmi_out/vdma_hdmi_out.sdk/design_1_wrapper_hw_platform_0/ps7_init.tcl
targets -set -nocase -filter {name =~"APU*" && jtag_cable_name =~ "Digilent JTAG-HS1 210249854706"} -index 0
rst -system
after 3000
targets -set -filter {jtag_cable_name =~ "Digilent JTAG-HS1 210249854706" && level==0} -index 1
fpga -file F:/ax7015/demo/vdma_hdmi_out/vdma_hdmi_out.sdk/design_1_wrapper_hw_platform_0/design_1_wrapper.bit
targets -set -nocase -filter {name =~"APU*" && jtag_cable_name =~ "Digilent JTAG-HS1 210249854706"} -index 0
loadhw -hw F:/ax7015/demo/vdma_hdmi_out/vdma_hdmi_out.sdk/design_1_wrapper_hw_platform_0/system.hdf -mem-ranges [list {0x40000000 0xbfffffff}]
configparams force-mem-access 1
targets -set -nocase -filter {name =~"APU*" && jtag_cable_name =~ "Digilent JTAG-HS1 210249854706"} -index 0
ps7_init
ps7_post_config
targets -set -nocase -filter {name =~ "ARM*#0" && jtag_cable_name =~ "Digilent JTAG-HS1 210249854706"} -index 0
dow F:/ax7015/demo/vdma_hdmi_out/vdma_hdmi_out.sdk/vdma_hdmi/Debug/vdma_hdmi.elf
configparams force-mem-access 0
----------------End of Script----------------

16:21:21 INFO  : Memory regions updated for context APU
16:21:21 INFO  : Context for processor 'ps7_cortexa9_0' is selected.
16:21:21 INFO  : 'con' command is executed.
16:21:21 INFO  : ----------------XSDB Script (After Launch)----------------
targets -set -nocase -filter {name =~ "ARM*#0" && jtag_cable_name =~ "Digilent JTAG-HS1 210249854706"} -index 0
con
----------------End of Script----------------

16:21:21 INFO  : Launch script is exported to file 'F:\ax7015\demo\vdma_hdmi_out\vdma_hdmi_out.sdk\.sdk\launch_scripts\xilinx_c-c++_application_(system_debugger)\system_debugger_using_debug_vdma_hdmi.elf_on_local.tcl'
16:30:45 INFO  : SDK has detected change in the last modified timestamps for source hardware specification file Source:1520497813956,  Project:1520490015666
16:30:45 INFO  : Project design_1_wrapper_hw_platform_0's source hardware specification located at F:/ax7015/demo/vdma_hdmi_out/vdma_hdmi_out.sdk/design_1_wrapper.hdf is now different from the local copy.
		 The local copy will be replaced with the source specification and your workspace will be updated.
16:30:46 INFO  : Copied contents of F:/ax7015/demo/vdma_hdmi_out/vdma_hdmi_out.sdk/design_1_wrapper.hdf into \design_1_wrapper_hw_platform_0\system.hdf.
16:30:48 INFO  : Synchronizing projects in the workspace with the hardware platform specification changes.
16:30:52 INFO  : 
16:30:53 INFO  : Updating hardware inferred compiler options for vdma_hdmi.
16:30:53 INFO  : Clearing existing target manager status.
16:30:53 WARN  : Given IPC port value is invalid. Using default port 2350
16:30:53 WARN  : Given XMD timeout value is invalid. Using default value of 50000
16:30:54 WARN  : Given XMD transaction timeout value is invalid. Using default value of 60000 milli seconds
16:30:54 INFO  : Closing and re-opening the MSS file of ther project vdma_hdmi_bsp
16:30:54 INFO  : Workspace synchronized with the new hardware specification file. Cleaning dependent projects...
16:30:56 WARN  : Linker script will not be updated automatically. Users need to update it manually.
16:31:44 INFO  : Disconnected from the channel tcfchan#5.
16:31:45 INFO  : Connected to target on host '127.0.0.1' and port '3121'.
16:31:45 INFO  : Jtag cable 'Digilent JTAG-HS1 210249854706' is selected.
16:31:45 INFO  : 'jtag frequency' command is executed.
16:31:45 INFO  : Sourcing of 'F:/ax7015/demo/vdma_hdmi_out/vdma_hdmi_out.sdk/design_1_wrapper_hw_platform_0/ps7_init.tcl' is done.
16:31:45 INFO  : Context for 'APU' is selected.
16:31:45 INFO  : System reset is completed.
16:31:48 INFO  : 'after 3000' command is executed.
16:31:48 INFO  : 'targets -set -filter {jtag_cable_name =~ "Digilent JTAG-HS1 210249854706" && level==0} -index 1' command is executed.
16:31:51 INFO  : FPGA configured successfully with bitstream "F:/ax7015/demo/vdma_hdmi_out/vdma_hdmi_out.sdk/design_1_wrapper_hw_platform_0/design_1_wrapper.bit"
16:31:51 INFO  : Context for 'APU' is selected.
16:31:51 INFO  : Hardware design information is loaded from 'F:/ax7015/demo/vdma_hdmi_out/vdma_hdmi_out.sdk/design_1_wrapper_hw_platform_0/system.hdf'.
16:31:51 INFO  : 'configparams force-mem-access 1' command is executed.
16:31:51 INFO  : Context for 'APU' is selected.
16:31:52 INFO  : 'ps7_init' command is executed.
16:31:52 INFO  : 'ps7_post_config' command is executed.
16:31:52 INFO  : Context for processor 'ps7_cortexa9_0' is selected.
16:31:55 INFO  : The application 'F:/ax7015/demo/vdma_hdmi_out/vdma_hdmi_out.sdk/vdma_hdmi/Debug/vdma_hdmi.elf' is downloaded to processor 'ps7_cortexa9_0'.
16:31:55 INFO  : 'configparams force-mem-access 0' command is executed.
16:31:55 INFO  : ----------------XSDB Script----------------
connect -url tcp:127.0.0.1:3121
source F:/ax7015/demo/vdma_hdmi_out/vdma_hdmi_out.sdk/design_1_wrapper_hw_platform_0/ps7_init.tcl
targets -set -nocase -filter {name =~"APU*" && jtag_cable_name =~ "Digilent JTAG-HS1 210249854706"} -index 0
rst -system
after 3000
targets -set -filter {jtag_cable_name =~ "Digilent JTAG-HS1 210249854706" && level==0} -index 1
fpga -file F:/ax7015/demo/vdma_hdmi_out/vdma_hdmi_out.sdk/design_1_wrapper_hw_platform_0/design_1_wrapper.bit
targets -set -nocase -filter {name =~"APU*" && jtag_cable_name =~ "Digilent JTAG-HS1 210249854706"} -index 0
loadhw -hw F:/ax7015/demo/vdma_hdmi_out/vdma_hdmi_out.sdk/design_1_wrapper_hw_platform_0/system.hdf -mem-ranges [list {0x40000000 0xbfffffff}]
configparams force-mem-access 1
targets -set -nocase -filter {name =~"APU*" && jtag_cable_name =~ "Digilent JTAG-HS1 210249854706"} -index 0
ps7_init
ps7_post_config
targets -set -nocase -filter {name =~ "ARM*#0" && jtag_cable_name =~ "Digilent JTAG-HS1 210249854706"} -index 0
dow F:/ax7015/demo/vdma_hdmi_out/vdma_hdmi_out.sdk/vdma_hdmi/Debug/vdma_hdmi.elf
configparams force-mem-access 0
----------------End of Script----------------

16:31:55 INFO  : Memory regions updated for context APU
16:31:55 INFO  : Context for processor 'ps7_cortexa9_0' is selected.
16:31:55 INFO  : 'con' command is executed.
16:31:55 INFO  : ----------------XSDB Script (After Launch)----------------
targets -set -nocase -filter {name =~ "ARM*#0" && jtag_cable_name =~ "Digilent JTAG-HS1 210249854706"} -index 0
con
----------------End of Script----------------

16:31:55 INFO  : Launch script is exported to file 'F:\ax7015\demo\vdma_hdmi_out\vdma_hdmi_out.sdk\.sdk\launch_scripts\xilinx_c-c++_application_(system_debugger)\system_debugger_using_debug_vdma_hdmi.elf_on_local.tcl'
16:33:41 INFO  : Disconnected from the channel tcfchan#6.
16:33:42 INFO  : Connected to target on host '127.0.0.1' and port '3121'.
16:33:42 INFO  : Jtag cable 'Digilent JTAG-HS1 210249854706' is selected.
16:33:42 INFO  : 'jtag frequency' command is executed.
16:33:42 INFO  : Sourcing of 'F:/ax7015/demo/vdma_hdmi_out/vdma_hdmi_out.sdk/design_1_wrapper_hw_platform_0/ps7_init.tcl' is done.
16:33:42 INFO  : Context for 'APU' is selected.
16:33:42 INFO  : System reset is completed.
16:33:45 INFO  : 'after 3000' command is executed.
16:33:45 INFO  : 'targets -set -filter {jtag_cable_name =~ "Digilent JTAG-HS1 210249854706" && level==0} -index 1' command is executed.
16:33:48 INFO  : FPGA configured successfully with bitstream "F:/ax7015/demo/vdma_hdmi_out/vdma_hdmi_out.sdk/design_1_wrapper_hw_platform_0/design_1_wrapper.bit"
16:33:48 INFO  : Context for 'APU' is selected.
16:33:49 INFO  : Hardware design information is loaded from 'F:/ax7015/demo/vdma_hdmi_out/vdma_hdmi_out.sdk/design_1_wrapper_hw_platform_0/system.hdf'.
16:33:49 INFO  : 'configparams force-mem-access 1' command is executed.
16:33:49 INFO  : Context for 'APU' is selected.
16:33:49 INFO  : 'ps7_init' command is executed.
16:33:49 INFO  : 'ps7_post_config' command is executed.
16:33:49 INFO  : Context for processor 'ps7_cortexa9_0' is selected.
16:33:53 INFO  : The application 'F:/ax7015/demo/vdma_hdmi_out/vdma_hdmi_out.sdk/vdma_hdmi/Debug/vdma_hdmi.elf' is downloaded to processor 'ps7_cortexa9_0'.
16:33:53 INFO  : 'configparams force-mem-access 0' command is executed.
16:33:53 INFO  : ----------------XSDB Script----------------
connect -url tcp:127.0.0.1:3121
source F:/ax7015/demo/vdma_hdmi_out/vdma_hdmi_out.sdk/design_1_wrapper_hw_platform_0/ps7_init.tcl
targets -set -nocase -filter {name =~"APU*" && jtag_cable_name =~ "Digilent JTAG-HS1 210249854706"} -index 0
rst -system
after 3000
targets -set -filter {jtag_cable_name =~ "Digilent JTAG-HS1 210249854706" && level==0} -index 1
fpga -file F:/ax7015/demo/vdma_hdmi_out/vdma_hdmi_out.sdk/design_1_wrapper_hw_platform_0/design_1_wrapper.bit
targets -set -nocase -filter {name =~"APU*" && jtag_cable_name =~ "Digilent JTAG-HS1 210249854706"} -index 0
loadhw -hw F:/ax7015/demo/vdma_hdmi_out/vdma_hdmi_out.sdk/design_1_wrapper_hw_platform_0/system.hdf -mem-ranges [list {0x40000000 0xbfffffff}]
configparams force-mem-access 1
targets -set -nocase -filter {name =~"APU*" && jtag_cable_name =~ "Digilent JTAG-HS1 210249854706"} -index 0
ps7_init
ps7_post_config
targets -set -nocase -filter {name =~ "ARM*#0" && jtag_cable_name =~ "Digilent JTAG-HS1 210249854706"} -index 0
dow F:/ax7015/demo/vdma_hdmi_out/vdma_hdmi_out.sdk/vdma_hdmi/Debug/vdma_hdmi.elf
configparams force-mem-access 0
----------------End of Script----------------

16:33:53 INFO  : Memory regions updated for context APU
16:33:53 INFO  : Context for processor 'ps7_cortexa9_0' is selected.
16:33:53 INFO  : 'con' command is executed.
16:33:53 INFO  : ----------------XSDB Script (After Launch)----------------
targets -set -nocase -filter {name =~ "ARM*#0" && jtag_cable_name =~ "Digilent JTAG-HS1 210249854706"} -index 0
con
----------------End of Script----------------

16:33:53 INFO  : Launch script is exported to file 'F:\ax7015\demo\vdma_hdmi_out\vdma_hdmi_out.sdk\.sdk\launch_scripts\xilinx_c-c++_application_(system_debugger)\system_debugger_using_debug_vdma_hdmi.elf_on_local.tcl'
16:40:05 INFO  : Disconnected from the channel tcfchan#7.
16:40:06 INFO  : Connected to target on host '127.0.0.1' and port '3121'.
16:40:06 INFO  : Jtag cable 'Digilent JTAG-HS1 210249854706' is selected.
16:40:06 INFO  : 'jtag frequency' command is executed.
16:40:06 INFO  : Sourcing of 'F:/ax7015/demo/vdma_hdmi_out/vdma_hdmi_out.sdk/design_1_wrapper_hw_platform_0/ps7_init.tcl' is done.
16:40:06 INFO  : Context for 'APU' is selected.
16:40:06 INFO  : System reset is completed.
16:40:09 INFO  : 'after 3000' command is executed.
16:40:09 INFO  : 'targets -set -filter {jtag_cable_name =~ "Digilent JTAG-HS1 210249854706" && level==0} -index 1' command is executed.
16:40:12 INFO  : FPGA configured successfully with bitstream "F:/ax7015/demo/vdma_hdmi_out/vdma_hdmi_out.sdk/design_1_wrapper_hw_platform_0/design_1_wrapper.bit"
16:40:12 INFO  : Context for 'APU' is selected.
16:40:12 INFO  : Hardware design information is loaded from 'F:/ax7015/demo/vdma_hdmi_out/vdma_hdmi_out.sdk/design_1_wrapper_hw_platform_0/system.hdf'.
16:40:12 INFO  : 'configparams force-mem-access 1' command is executed.
16:40:12 INFO  : Context for 'APU' is selected.
16:40:13 INFO  : 'ps7_init' command is executed.
16:40:13 INFO  : 'ps7_post_config' command is executed.
16:40:13 INFO  : Context for processor 'ps7_cortexa9_0' is selected.
16:40:16 INFO  : The application 'F:/ax7015/demo/vdma_hdmi_out/vdma_hdmi_out.sdk/vdma_hdmi/Debug/vdma_hdmi.elf' is downloaded to processor 'ps7_cortexa9_0'.
16:40:16 INFO  : 'configparams force-mem-access 0' command is executed.
16:40:16 INFO  : ----------------XSDB Script----------------
connect -url tcp:127.0.0.1:3121
source F:/ax7015/demo/vdma_hdmi_out/vdma_hdmi_out.sdk/design_1_wrapper_hw_platform_0/ps7_init.tcl
targets -set -nocase -filter {name =~"APU*" && jtag_cable_name =~ "Digilent JTAG-HS1 210249854706"} -index 0
rst -system
after 3000
targets -set -filter {jtag_cable_name =~ "Digilent JTAG-HS1 210249854706" && level==0} -index 1
fpga -file F:/ax7015/demo/vdma_hdmi_out/vdma_hdmi_out.sdk/design_1_wrapper_hw_platform_0/design_1_wrapper.bit
targets -set -nocase -filter {name =~"APU*" && jtag_cable_name =~ "Digilent JTAG-HS1 210249854706"} -index 0
loadhw -hw F:/ax7015/demo/vdma_hdmi_out/vdma_hdmi_out.sdk/design_1_wrapper_hw_platform_0/system.hdf -mem-ranges [list {0x40000000 0xbfffffff}]
configparams force-mem-access 1
targets -set -nocase -filter {name =~"APU*" && jtag_cable_name =~ "Digilent JTAG-HS1 210249854706"} -index 0
ps7_init
ps7_post_config
targets -set -nocase -filter {name =~ "ARM*#0" && jtag_cable_name =~ "Digilent JTAG-HS1 210249854706"} -index 0
dow F:/ax7015/demo/vdma_hdmi_out/vdma_hdmi_out.sdk/vdma_hdmi/Debug/vdma_hdmi.elf
configparams force-mem-access 0
----------------End of Script----------------

16:40:16 INFO  : Memory regions updated for context APU
16:40:16 INFO  : Context for processor 'ps7_cortexa9_0' is selected.
16:40:16 INFO  : 'con' command is executed.
16:40:16 INFO  : ----------------XSDB Script (After Launch)----------------
targets -set -nocase -filter {name =~ "ARM*#0" && jtag_cable_name =~ "Digilent JTAG-HS1 210249854706"} -index 0
con
----------------End of Script----------------

16:40:16 INFO  : Launch script is exported to file 'F:\ax7015\demo\vdma_hdmi_out\vdma_hdmi_out.sdk\.sdk\launch_scripts\xilinx_c-c++_application_(system_debugger)\system_debugger_using_debug_vdma_hdmi.elf_on_local.tcl'
16:40:51 INFO  : Disconnected from the channel tcfchan#8.
16:40:52 INFO  : Connected to target on host '127.0.0.1' and port '3121'.
16:40:52 INFO  : Jtag cable 'Digilent JTAG-HS1 210249854706' is selected.
16:40:52 INFO  : 'jtag frequency' command is executed.
16:40:52 INFO  : Sourcing of 'F:/ax7015/demo/vdma_hdmi_out/vdma_hdmi_out.sdk/design_1_wrapper_hw_platform_0/ps7_init.tcl' is done.
16:40:52 INFO  : Context for 'APU' is selected.
16:40:52 INFO  : System reset is completed.
16:40:55 INFO  : 'after 3000' command is executed.
16:40:55 INFO  : 'targets -set -filter {jtag_cable_name =~ "Digilent JTAG-HS1 210249854706" && level==0} -index 1' command is executed.
16:40:58 INFO  : FPGA configured successfully with bitstream "F:/ax7015/demo/vdma_hdmi_out/vdma_hdmi_out.sdk/design_1_wrapper_hw_platform_0/design_1_wrapper.bit"
16:40:58 INFO  : Context for 'APU' is selected.
16:40:58 INFO  : Hardware design information is loaded from 'F:/ax7015/demo/vdma_hdmi_out/vdma_hdmi_out.sdk/design_1_wrapper_hw_platform_0/system.hdf'.
16:40:58 INFO  : 'configparams force-mem-access 1' command is executed.
16:40:58 INFO  : Context for 'APU' is selected.
16:40:58 INFO  : 'ps7_init' command is executed.
16:40:58 INFO  : 'ps7_post_config' command is executed.
16:40:58 INFO  : Context for processor 'ps7_cortexa9_0' is selected.
16:41:02 INFO  : The application 'F:/ax7015/demo/vdma_hdmi_out/vdma_hdmi_out.sdk/vdma_hdmi/Debug/vdma_hdmi.elf' is downloaded to processor 'ps7_cortexa9_0'.
16:41:02 INFO  : 'configparams force-mem-access 0' command is executed.
16:41:02 INFO  : ----------------XSDB Script----------------
connect -url tcp:127.0.0.1:3121
source F:/ax7015/demo/vdma_hdmi_out/vdma_hdmi_out.sdk/design_1_wrapper_hw_platform_0/ps7_init.tcl
targets -set -nocase -filter {name =~"APU*" && jtag_cable_name =~ "Digilent JTAG-HS1 210249854706"} -index 0
rst -system
after 3000
targets -set -filter {jtag_cable_name =~ "Digilent JTAG-HS1 210249854706" && level==0} -index 1
fpga -file F:/ax7015/demo/vdma_hdmi_out/vdma_hdmi_out.sdk/design_1_wrapper_hw_platform_0/design_1_wrapper.bit
targets -set -nocase -filter {name =~"APU*" && jtag_cable_name =~ "Digilent JTAG-HS1 210249854706"} -index 0
loadhw -hw F:/ax7015/demo/vdma_hdmi_out/vdma_hdmi_out.sdk/design_1_wrapper_hw_platform_0/system.hdf -mem-ranges [list {0x40000000 0xbfffffff}]
configparams force-mem-access 1
targets -set -nocase -filter {name =~"APU*" && jtag_cable_name =~ "Digilent JTAG-HS1 210249854706"} -index 0
ps7_init
ps7_post_config
targets -set -nocase -filter {name =~ "ARM*#0" && jtag_cable_name =~ "Digilent JTAG-HS1 210249854706"} -index 0
dow F:/ax7015/demo/vdma_hdmi_out/vdma_hdmi_out.sdk/vdma_hdmi/Debug/vdma_hdmi.elf
configparams force-mem-access 0
----------------End of Script----------------

16:41:02 INFO  : Memory regions updated for context APU
16:41:02 INFO  : Context for processor 'ps7_cortexa9_0' is selected.
16:41:02 INFO  : 'con' command is executed.
16:41:02 INFO  : ----------------XSDB Script (After Launch)----------------
targets -set -nocase -filter {name =~ "ARM*#0" && jtag_cable_name =~ "Digilent JTAG-HS1 210249854706"} -index 0
con
----------------End of Script----------------

16:41:02 INFO  : Launch script is exported to file 'F:\ax7015\demo\vdma_hdmi_out\vdma_hdmi_out.sdk\.sdk\launch_scripts\xilinx_c-c++_application_(system_debugger)\system_debugger_using_debug_vdma_hdmi.elf_on_local.tcl'
16:42:14 INFO  : Disconnected from the channel tcfchan#9.
16:42:15 INFO  : Connected to target on host '127.0.0.1' and port '3121'.
16:42:15 INFO  : Jtag cable 'Digilent JTAG-HS1 210249854706' is selected.
16:42:15 INFO  : 'jtag frequency' command is executed.
16:42:15 INFO  : Sourcing of 'F:/ax7015/demo/vdma_hdmi_out/vdma_hdmi_out.sdk/design_1_wrapper_hw_platform_0/ps7_init.tcl' is done.
16:42:15 INFO  : Context for 'APU' is selected.
16:42:15 INFO  : System reset is completed.
16:42:18 INFO  : 'after 3000' command is executed.
16:42:18 INFO  : 'targets -set -filter {jtag_cable_name =~ "Digilent JTAG-HS1 210249854706" && level==0} -index 1' command is executed.
16:42:21 INFO  : FPGA configured successfully with bitstream "F:/ax7015/demo/vdma_hdmi_out/vdma_hdmi_out.sdk/design_1_wrapper_hw_platform_0/design_1_wrapper.bit"
16:42:21 INFO  : Context for 'APU' is selected.
16:42:21 INFO  : Hardware design information is loaded from 'F:/ax7015/demo/vdma_hdmi_out/vdma_hdmi_out.sdk/design_1_wrapper_hw_platform_0/system.hdf'.
16:42:21 INFO  : 'configparams force-mem-access 1' command is executed.
16:42:21 INFO  : Context for 'APU' is selected.
16:42:21 INFO  : 'ps7_init' command is executed.
16:42:21 INFO  : 'ps7_post_config' command is executed.
16:42:21 INFO  : Context for processor 'ps7_cortexa9_0' is selected.
16:42:25 INFO  : The application 'F:/ax7015/demo/vdma_hdmi_out/vdma_hdmi_out.sdk/vdma_hdmi/Debug/vdma_hdmi.elf' is downloaded to processor 'ps7_cortexa9_0'.
16:42:25 INFO  : 'configparams force-mem-access 0' command is executed.
16:42:25 INFO  : ----------------XSDB Script----------------
connect -url tcp:127.0.0.1:3121
source F:/ax7015/demo/vdma_hdmi_out/vdma_hdmi_out.sdk/design_1_wrapper_hw_platform_0/ps7_init.tcl
targets -set -nocase -filter {name =~"APU*" && jtag_cable_name =~ "Digilent JTAG-HS1 210249854706"} -index 0
rst -system
after 3000
targets -set -filter {jtag_cable_name =~ "Digilent JTAG-HS1 210249854706" && level==0} -index 1
fpga -file F:/ax7015/demo/vdma_hdmi_out/vdma_hdmi_out.sdk/design_1_wrapper_hw_platform_0/design_1_wrapper.bit
targets -set -nocase -filter {name =~"APU*" && jtag_cable_name =~ "Digilent JTAG-HS1 210249854706"} -index 0
loadhw -hw F:/ax7015/demo/vdma_hdmi_out/vdma_hdmi_out.sdk/design_1_wrapper_hw_platform_0/system.hdf -mem-ranges [list {0x40000000 0xbfffffff}]
configparams force-mem-access 1
targets -set -nocase -filter {name =~"APU*" && jtag_cable_name =~ "Digilent JTAG-HS1 210249854706"} -index 0
ps7_init
ps7_post_config
targets -set -nocase -filter {name =~ "ARM*#0" && jtag_cable_name =~ "Digilent JTAG-HS1 210249854706"} -index 0
dow F:/ax7015/demo/vdma_hdmi_out/vdma_hdmi_out.sdk/vdma_hdmi/Debug/vdma_hdmi.elf
configparams force-mem-access 0
----------------End of Script----------------

16:42:25 INFO  : Memory regions updated for context APU
16:42:25 INFO  : Context for processor 'ps7_cortexa9_0' is selected.
16:42:25 INFO  : 'con' command is executed.
16:42:25 INFO  : ----------------XSDB Script (After Launch)----------------
targets -set -nocase -filter {name =~ "ARM*#0" && jtag_cable_name =~ "Digilent JTAG-HS1 210249854706"} -index 0
con
----------------End of Script----------------

16:42:25 INFO  : Launch script is exported to file 'F:\ax7015\demo\vdma_hdmi_out\vdma_hdmi_out.sdk\.sdk\launch_scripts\xilinx_c-c++_application_(system_debugger)\system_debugger_using_debug_vdma_hdmi.elf_on_local.tcl'
16:42:35 INFO  : Disconnected from the channel tcfchan#10.
16:42:36 INFO  : Connected to target on host '127.0.0.1' and port '3121'.
16:42:36 INFO  : Jtag cable 'Digilent JTAG-HS1 210249854706' is selected.
16:42:36 INFO  : 'jtag frequency' command is executed.
16:42:36 INFO  : Sourcing of 'F:/ax7015/demo/vdma_hdmi_out/vdma_hdmi_out.sdk/design_1_wrapper_hw_platform_0/ps7_init.tcl' is done.
16:42:36 INFO  : Context for 'APU' is selected.
16:42:36 INFO  : System reset is completed.
16:42:39 INFO  : 'after 3000' command is executed.
16:42:39 INFO  : 'targets -set -filter {jtag_cable_name =~ "Digilent JTAG-HS1 210249854706" && level==0} -index 1' command is executed.
16:42:42 INFO  : FPGA configured successfully with bitstream "F:/ax7015/demo/vdma_hdmi_out/vdma_hdmi_out.sdk/design_1_wrapper_hw_platform_0/design_1_wrapper.bit"
16:42:42 INFO  : Context for 'APU' is selected.
16:42:42 INFO  : Hardware design information is loaded from 'F:/ax7015/demo/vdma_hdmi_out/vdma_hdmi_out.sdk/design_1_wrapper_hw_platform_0/system.hdf'.
16:42:42 INFO  : 'configparams force-mem-access 1' command is executed.
16:42:42 INFO  : Context for 'APU' is selected.
16:42:43 INFO  : 'ps7_init' command is executed.
16:42:43 INFO  : 'ps7_post_config' command is executed.
16:42:43 INFO  : Context for processor 'ps7_cortexa9_0' is selected.
16:42:46 INFO  : The application 'F:/ax7015/demo/vdma_hdmi_out/vdma_hdmi_out.sdk/vdma_hdmi/Debug/vdma_hdmi.elf' is downloaded to processor 'ps7_cortexa9_0'.
16:42:46 INFO  : 'configparams force-mem-access 0' command is executed.
16:42:46 INFO  : ----------------XSDB Script----------------
connect -url tcp:127.0.0.1:3121
source F:/ax7015/demo/vdma_hdmi_out/vdma_hdmi_out.sdk/design_1_wrapper_hw_platform_0/ps7_init.tcl
targets -set -nocase -filter {name =~"APU*" && jtag_cable_name =~ "Digilent JTAG-HS1 210249854706"} -index 0
rst -system
after 3000
targets -set -filter {jtag_cable_name =~ "Digilent JTAG-HS1 210249854706" && level==0} -index 1
fpga -file F:/ax7015/demo/vdma_hdmi_out/vdma_hdmi_out.sdk/design_1_wrapper_hw_platform_0/design_1_wrapper.bit
targets -set -nocase -filter {name =~"APU*" && jtag_cable_name =~ "Digilent JTAG-HS1 210249854706"} -index 0
loadhw -hw F:/ax7015/demo/vdma_hdmi_out/vdma_hdmi_out.sdk/design_1_wrapper_hw_platform_0/system.hdf -mem-ranges [list {0x40000000 0xbfffffff}]
configparams force-mem-access 1
targets -set -nocase -filter {name =~"APU*" && jtag_cable_name =~ "Digilent JTAG-HS1 210249854706"} -index 0
ps7_init
ps7_post_config
targets -set -nocase -filter {name =~ "ARM*#0" && jtag_cable_name =~ "Digilent JTAG-HS1 210249854706"} -index 0
dow F:/ax7015/demo/vdma_hdmi_out/vdma_hdmi_out.sdk/vdma_hdmi/Debug/vdma_hdmi.elf
configparams force-mem-access 0
----------------End of Script----------------

16:42:46 INFO  : Memory regions updated for context APU
16:42:46 INFO  : Context for processor 'ps7_cortexa9_0' is selected.
16:42:46 INFO  : 'con' command is executed.
16:42:46 INFO  : ----------------XSDB Script (After Launch)----------------
targets -set -nocase -filter {name =~ "ARM*#0" && jtag_cable_name =~ "Digilent JTAG-HS1 210249854706"} -index 0
con
----------------End of Script----------------

16:42:46 INFO  : Launch script is exported to file 'F:\ax7015\demo\vdma_hdmi_out\vdma_hdmi_out.sdk\.sdk\launch_scripts\xilinx_c-c++_application_(system_debugger)\system_debugger_using_debug_vdma_hdmi.elf_on_local.tcl'
16:44:01 INFO  : Disconnected from the channel tcfchan#11.
16:44:02 INFO  : Connected to target on host '127.0.0.1' and port '3121'.
16:44:02 INFO  : Jtag cable 'Digilent JTAG-HS1 210249854706' is selected.
16:44:02 INFO  : 'jtag frequency' command is executed.
16:44:02 INFO  : Sourcing of 'F:/ax7015/demo/vdma_hdmi_out/vdma_hdmi_out.sdk/design_1_wrapper_hw_platform_0/ps7_init.tcl' is done.
16:44:02 INFO  : Context for 'APU' is selected.
16:44:02 INFO  : System reset is completed.
16:44:05 INFO  : 'after 3000' command is executed.
16:44:05 INFO  : 'targets -set -filter {jtag_cable_name =~ "Digilent JTAG-HS1 210249854706" && level==0} -index 1' command is executed.
16:44:08 INFO  : FPGA configured successfully with bitstream "F:/ax7015/demo/vdma_hdmi_out/vdma_hdmi_out.sdk/design_1_wrapper_hw_platform_0/design_1_wrapper.bit"
16:44:08 INFO  : Context for 'APU' is selected.
16:44:08 INFO  : Hardware design information is loaded from 'F:/ax7015/demo/vdma_hdmi_out/vdma_hdmi_out.sdk/design_1_wrapper_hw_platform_0/system.hdf'.
16:44:08 INFO  : 'configparams force-mem-access 1' command is executed.
16:44:08 INFO  : Context for 'APU' is selected.
16:44:09 INFO  : 'ps7_init' command is executed.
16:44:09 INFO  : 'ps7_post_config' command is executed.
16:44:09 INFO  : Context for processor 'ps7_cortexa9_0' is selected.
16:44:12 INFO  : The application 'F:/ax7015/demo/vdma_hdmi_out/vdma_hdmi_out.sdk/vdma_hdmi/Debug/vdma_hdmi.elf' is downloaded to processor 'ps7_cortexa9_0'.
16:44:12 INFO  : 'configparams force-mem-access 0' command is executed.
16:44:12 INFO  : ----------------XSDB Script----------------
connect -url tcp:127.0.0.1:3121
source F:/ax7015/demo/vdma_hdmi_out/vdma_hdmi_out.sdk/design_1_wrapper_hw_platform_0/ps7_init.tcl
targets -set -nocase -filter {name =~"APU*" && jtag_cable_name =~ "Digilent JTAG-HS1 210249854706"} -index 0
rst -system
after 3000
targets -set -filter {jtag_cable_name =~ "Digilent JTAG-HS1 210249854706" && level==0} -index 1
fpga -file F:/ax7015/demo/vdma_hdmi_out/vdma_hdmi_out.sdk/design_1_wrapper_hw_platform_0/design_1_wrapper.bit
targets -set -nocase -filter {name =~"APU*" && jtag_cable_name =~ "Digilent JTAG-HS1 210249854706"} -index 0
loadhw -hw F:/ax7015/demo/vdma_hdmi_out/vdma_hdmi_out.sdk/design_1_wrapper_hw_platform_0/system.hdf -mem-ranges [list {0x40000000 0xbfffffff}]
configparams force-mem-access 1
targets -set -nocase -filter {name =~"APU*" && jtag_cable_name =~ "Digilent JTAG-HS1 210249854706"} -index 0
ps7_init
ps7_post_config
targets -set -nocase -filter {name =~ "ARM*#0" && jtag_cable_name =~ "Digilent JTAG-HS1 210249854706"} -index 0
dow F:/ax7015/demo/vdma_hdmi_out/vdma_hdmi_out.sdk/vdma_hdmi/Debug/vdma_hdmi.elf
configparams force-mem-access 0
----------------End of Script----------------

16:44:12 INFO  : Memory regions updated for context APU
16:44:12 INFO  : Context for processor 'ps7_cortexa9_0' is selected.
16:44:12 INFO  : 'con' command is executed.
16:44:12 INFO  : ----------------XSDB Script (After Launch)----------------
targets -set -nocase -filter {name =~ "ARM*#0" && jtag_cable_name =~ "Digilent JTAG-HS1 210249854706"} -index 0
con
----------------End of Script----------------

16:44:12 INFO  : Launch script is exported to file 'F:\ax7015\demo\vdma_hdmi_out\vdma_hdmi_out.sdk\.sdk\launch_scripts\xilinx_c-c++_application_(system_debugger)\system_debugger_using_debug_vdma_hdmi.elf_on_local.tcl'
16:45:18 INFO  : Disconnected from the channel tcfchan#12.
16:45:19 INFO  : Connected to target on host '127.0.0.1' and port '3121'.
16:45:19 INFO  : Jtag cable 'Digilent JTAG-HS1 210249854706' is selected.
16:45:19 INFO  : 'jtag frequency' command is executed.
16:45:19 INFO  : Sourcing of 'F:/ax7015/demo/vdma_hdmi_out/vdma_hdmi_out.sdk/design_1_wrapper_hw_platform_0/ps7_init.tcl' is done.
16:45:19 INFO  : Context for 'APU' is selected.
16:45:20 INFO  : System reset is completed.
16:45:23 INFO  : 'after 3000' command is executed.
16:45:23 INFO  : 'targets -set -filter {jtag_cable_name =~ "Digilent JTAG-HS1 210249854706" && level==0} -index 1' command is executed.
16:45:26 INFO  : FPGA configured successfully with bitstream "F:/ax7015/demo/vdma_hdmi_out/vdma_hdmi_out.sdk/design_1_wrapper_hw_platform_0/design_1_wrapper.bit"
16:45:26 INFO  : Context for 'APU' is selected.
16:45:26 INFO  : Hardware design information is loaded from 'F:/ax7015/demo/vdma_hdmi_out/vdma_hdmi_out.sdk/design_1_wrapper_hw_platform_0/system.hdf'.
16:45:26 INFO  : 'configparams force-mem-access 1' command is executed.
16:45:26 INFO  : Context for 'APU' is selected.
16:45:26 INFO  : 'ps7_init' command is executed.
16:45:26 INFO  : 'ps7_post_config' command is executed.
16:45:26 INFO  : Context for processor 'ps7_cortexa9_0' is selected.
16:45:29 INFO  : The application 'F:/ax7015/demo/vdma_hdmi_out/vdma_hdmi_out.sdk/vdma_hdmi/Debug/vdma_hdmi.elf' is downloaded to processor 'ps7_cortexa9_0'.
16:45:29 INFO  : 'configparams force-mem-access 0' command is executed.
16:45:29 INFO  : ----------------XSDB Script----------------
connect -url tcp:127.0.0.1:3121
source F:/ax7015/demo/vdma_hdmi_out/vdma_hdmi_out.sdk/design_1_wrapper_hw_platform_0/ps7_init.tcl
targets -set -nocase -filter {name =~"APU*" && jtag_cable_name =~ "Digilent JTAG-HS1 210249854706"} -index 0
rst -system
after 3000
targets -set -filter {jtag_cable_name =~ "Digilent JTAG-HS1 210249854706" && level==0} -index 1
fpga -file F:/ax7015/demo/vdma_hdmi_out/vdma_hdmi_out.sdk/design_1_wrapper_hw_platform_0/design_1_wrapper.bit
targets -set -nocase -filter {name =~"APU*" && jtag_cable_name =~ "Digilent JTAG-HS1 210249854706"} -index 0
loadhw -hw F:/ax7015/demo/vdma_hdmi_out/vdma_hdmi_out.sdk/design_1_wrapper_hw_platform_0/system.hdf -mem-ranges [list {0x40000000 0xbfffffff}]
configparams force-mem-access 1
targets -set -nocase -filter {name =~"APU*" && jtag_cable_name =~ "Digilent JTAG-HS1 210249854706"} -index 0
ps7_init
ps7_post_config
targets -set -nocase -filter {name =~ "ARM*#0" && jtag_cable_name =~ "Digilent JTAG-HS1 210249854706"} -index 0
dow F:/ax7015/demo/vdma_hdmi_out/vdma_hdmi_out.sdk/vdma_hdmi/Debug/vdma_hdmi.elf
configparams force-mem-access 0
----------------End of Script----------------

16:45:30 INFO  : Memory regions updated for context APU
16:45:30 INFO  : Context for processor 'ps7_cortexa9_0' is selected.
16:45:30 INFO  : 'con' command is executed.
16:45:30 INFO  : ----------------XSDB Script (After Launch)----------------
targets -set -nocase -filter {name =~ "ARM*#0" && jtag_cable_name =~ "Digilent JTAG-HS1 210249854706"} -index 0
con
----------------End of Script----------------

16:45:30 INFO  : Launch script is exported to file 'F:\ax7015\demo\vdma_hdmi_out\vdma_hdmi_out.sdk\.sdk\launch_scripts\xilinx_c-c++_application_(system_debugger)\system_debugger_using_debug_vdma_hdmi.elf_on_local.tcl'
16:46:09 INFO  : Disconnected from the channel tcfchan#13.
16:46:10 INFO  : Connected to target on host '127.0.0.1' and port '3121'.
16:46:10 INFO  : Jtag cable 'Digilent JTAG-HS1 210249854706' is selected.
16:46:10 INFO  : 'jtag frequency' command is executed.
16:46:10 INFO  : Sourcing of 'F:/ax7015/demo/vdma_hdmi_out/vdma_hdmi_out.sdk/design_1_wrapper_hw_platform_0/ps7_init.tcl' is done.
16:46:10 INFO  : Context for 'APU' is selected.
16:46:10 INFO  : System reset is completed.
16:46:13 INFO  : 'after 3000' command is executed.
16:46:13 INFO  : 'targets -set -filter {jtag_cable_name =~ "Digilent JTAG-HS1 210249854706" && level==0} -index 1' command is executed.
16:46:16 INFO  : FPGA configured successfully with bitstream "F:/ax7015/demo/vdma_hdmi_out/vdma_hdmi_out.sdk/design_1_wrapper_hw_platform_0/design_1_wrapper.bit"
16:46:16 INFO  : Context for 'APU' is selected.
16:46:16 INFO  : Hardware design information is loaded from 'F:/ax7015/demo/vdma_hdmi_out/vdma_hdmi_out.sdk/design_1_wrapper_hw_platform_0/system.hdf'.
16:46:16 INFO  : 'configparams force-mem-access 1' command is executed.
16:46:16 INFO  : Context for 'APU' is selected.
16:46:16 INFO  : 'ps7_init' command is executed.
16:46:16 INFO  : 'ps7_post_config' command is executed.
16:46:17 INFO  : Context for processor 'ps7_cortexa9_0' is selected.
16:46:20 INFO  : The application 'F:/ax7015/demo/vdma_hdmi_out/vdma_hdmi_out.sdk/vdma_hdmi/Debug/vdma_hdmi.elf' is downloaded to processor 'ps7_cortexa9_0'.
16:46:20 INFO  : 'configparams force-mem-access 0' command is executed.
16:46:20 INFO  : ----------------XSDB Script----------------
connect -url tcp:127.0.0.1:3121
source F:/ax7015/demo/vdma_hdmi_out/vdma_hdmi_out.sdk/design_1_wrapper_hw_platform_0/ps7_init.tcl
targets -set -nocase -filter {name =~"APU*" && jtag_cable_name =~ "Digilent JTAG-HS1 210249854706"} -index 0
rst -system
after 3000
targets -set -filter {jtag_cable_name =~ "Digilent JTAG-HS1 210249854706" && level==0} -index 1
fpga -file F:/ax7015/demo/vdma_hdmi_out/vdma_hdmi_out.sdk/design_1_wrapper_hw_platform_0/design_1_wrapper.bit
targets -set -nocase -filter {name =~"APU*" && jtag_cable_name =~ "Digilent JTAG-HS1 210249854706"} -index 0
loadhw -hw F:/ax7015/demo/vdma_hdmi_out/vdma_hdmi_out.sdk/design_1_wrapper_hw_platform_0/system.hdf -mem-ranges [list {0x40000000 0xbfffffff}]
configparams force-mem-access 1
targets -set -nocase -filter {name =~"APU*" && jtag_cable_name =~ "Digilent JTAG-HS1 210249854706"} -index 0
ps7_init
ps7_post_config
targets -set -nocase -filter {name =~ "ARM*#0" && jtag_cable_name =~ "Digilent JTAG-HS1 210249854706"} -index 0
dow F:/ax7015/demo/vdma_hdmi_out/vdma_hdmi_out.sdk/vdma_hdmi/Debug/vdma_hdmi.elf
configparams force-mem-access 0
----------------End of Script----------------

16:46:20 INFO  : Memory regions updated for context APU
16:46:20 INFO  : Context for processor 'ps7_cortexa9_0' is selected.
16:46:20 INFO  : 'con' command is executed.
16:46:20 INFO  : ----------------XSDB Script (After Launch)----------------
targets -set -nocase -filter {name =~ "ARM*#0" && jtag_cable_name =~ "Digilent JTAG-HS1 210249854706"} -index 0
con
----------------End of Script----------------

16:46:20 INFO  : Launch script is exported to file 'F:\ax7015\demo\vdma_hdmi_out\vdma_hdmi_out.sdk\.sdk\launch_scripts\xilinx_c-c++_application_(system_debugger)\system_debugger_using_debug_vdma_hdmi.elf_on_local.tcl'
16:52:27 INFO  : Disconnected from the channel tcfchan#14.
16:52:28 INFO  : Connected to target on host '127.0.0.1' and port '3121'.
16:52:29 INFO  : Jtag cable 'Digilent JTAG-HS1 210249854706' is selected.
16:52:29 INFO  : 'jtag frequency' command is executed.
16:52:29 INFO  : Sourcing of 'F:/ax7015/demo/vdma_hdmi_out/vdma_hdmi_out.sdk/design_1_wrapper_hw_platform_0/ps7_init.tcl' is done.
16:52:29 INFO  : Context for 'APU' is selected.
16:52:29 INFO  : System reset is completed.
16:52:32 INFO  : 'after 3000' command is executed.
16:52:32 INFO  : 'targets -set -filter {jtag_cable_name =~ "Digilent JTAG-HS1 210249854706" && level==0} -index 1' command is executed.
16:52:35 INFO  : FPGA configured successfully with bitstream "F:/ax7015/demo/vdma_hdmi_out/vdma_hdmi_out.sdk/design_1_wrapper_hw_platform_0/design_1_wrapper.bit"
16:52:35 INFO  : Context for 'APU' is selected.
16:52:35 INFO  : Hardware design information is loaded from 'F:/ax7015/demo/vdma_hdmi_out/vdma_hdmi_out.sdk/design_1_wrapper_hw_platform_0/system.hdf'.
16:52:35 INFO  : 'configparams force-mem-access 1' command is executed.
16:52:35 INFO  : Context for 'APU' is selected.
16:52:35 INFO  : 'ps7_init' command is executed.
16:52:35 INFO  : 'ps7_post_config' command is executed.
16:52:35 INFO  : Context for processor 'ps7_cortexa9_0' is selected.
16:52:39 INFO  : The application 'F:/ax7015/demo/vdma_hdmi_out/vdma_hdmi_out.sdk/vdma_hdmi/Debug/vdma_hdmi.elf' is downloaded to processor 'ps7_cortexa9_0'.
16:52:39 INFO  : 'configparams force-mem-access 0' command is executed.
16:52:39 INFO  : ----------------XSDB Script----------------
connect -url tcp:127.0.0.1:3121
source F:/ax7015/demo/vdma_hdmi_out/vdma_hdmi_out.sdk/design_1_wrapper_hw_platform_0/ps7_init.tcl
targets -set -nocase -filter {name =~"APU*" && jtag_cable_name =~ "Digilent JTAG-HS1 210249854706"} -index 0
rst -system
after 3000
targets -set -filter {jtag_cable_name =~ "Digilent JTAG-HS1 210249854706" && level==0} -index 1
fpga -file F:/ax7015/demo/vdma_hdmi_out/vdma_hdmi_out.sdk/design_1_wrapper_hw_platform_0/design_1_wrapper.bit
targets -set -nocase -filter {name =~"APU*" && jtag_cable_name =~ "Digilent JTAG-HS1 210249854706"} -index 0
loadhw -hw F:/ax7015/demo/vdma_hdmi_out/vdma_hdmi_out.sdk/design_1_wrapper_hw_platform_0/system.hdf -mem-ranges [list {0x40000000 0xbfffffff}]
configparams force-mem-access 1
targets -set -nocase -filter {name =~"APU*" && jtag_cable_name =~ "Digilent JTAG-HS1 210249854706"} -index 0
ps7_init
ps7_post_config
targets -set -nocase -filter {name =~ "ARM*#0" && jtag_cable_name =~ "Digilent JTAG-HS1 210249854706"} -index 0
dow F:/ax7015/demo/vdma_hdmi_out/vdma_hdmi_out.sdk/vdma_hdmi/Debug/vdma_hdmi.elf
configparams force-mem-access 0
----------------End of Script----------------

16:52:39 INFO  : Memory regions updated for context APU
16:52:39 INFO  : Context for processor 'ps7_cortexa9_0' is selected.
16:52:39 INFO  : 'con' command is executed.
16:52:39 INFO  : ----------------XSDB Script (After Launch)----------------
targets -set -nocase -filter {name =~ "ARM*#0" && jtag_cable_name =~ "Digilent JTAG-HS1 210249854706"} -index 0
con
----------------End of Script----------------

16:52:39 INFO  : Launch script is exported to file 'F:\ax7015\demo\vdma_hdmi_out\vdma_hdmi_out.sdk\.sdk\launch_scripts\xilinx_c-c++_application_(system_debugger)\system_debugger_using_debug_vdma_hdmi.elf_on_local.tcl'
16:53:17 INFO  : Disconnected from the channel tcfchan#15.
16:53:18 INFO  : Connected to target on host '127.0.0.1' and port '3121'.
16:53:18 INFO  : Jtag cable 'Digilent JTAG-HS1 210249854706' is selected.
16:53:18 INFO  : 'jtag frequency' command is executed.
16:53:19 INFO  : Sourcing of 'F:/ax7015/demo/vdma_hdmi_out/vdma_hdmi_out.sdk/design_1_wrapper_hw_platform_0/ps7_init.tcl' is done.
16:53:19 INFO  : Context for 'APU' is selected.
16:53:19 INFO  : System reset is completed.
16:53:22 INFO  : 'after 3000' command is executed.
16:53:22 INFO  : 'targets -set -filter {jtag_cable_name =~ "Digilent JTAG-HS1 210249854706" && level==0} -index 1' command is executed.
16:53:25 INFO  : FPGA configured successfully with bitstream "F:/ax7015/demo/vdma_hdmi_out/vdma_hdmi_out.sdk/design_1_wrapper_hw_platform_0/design_1_wrapper.bit"
16:53:25 INFO  : Context for 'APU' is selected.
16:53:25 INFO  : Hardware design information is loaded from 'F:/ax7015/demo/vdma_hdmi_out/vdma_hdmi_out.sdk/design_1_wrapper_hw_platform_0/system.hdf'.
16:53:25 INFO  : 'configparams force-mem-access 1' command is executed.
16:53:25 INFO  : Context for 'APU' is selected.
16:53:25 INFO  : 'ps7_init' command is executed.
16:53:25 INFO  : 'ps7_post_config' command is executed.
16:53:25 INFO  : Context for processor 'ps7_cortexa9_0' is selected.
16:53:29 INFO  : The application 'F:/ax7015/demo/vdma_hdmi_out/vdma_hdmi_out.sdk/vdma_hdmi/Debug/vdma_hdmi.elf' is downloaded to processor 'ps7_cortexa9_0'.
16:53:29 INFO  : 'configparams force-mem-access 0' command is executed.
16:53:29 INFO  : ----------------XSDB Script----------------
connect -url tcp:127.0.0.1:3121
source F:/ax7015/demo/vdma_hdmi_out/vdma_hdmi_out.sdk/design_1_wrapper_hw_platform_0/ps7_init.tcl
targets -set -nocase -filter {name =~"APU*" && jtag_cable_name =~ "Digilent JTAG-HS1 210249854706"} -index 0
rst -system
after 3000
targets -set -filter {jtag_cable_name =~ "Digilent JTAG-HS1 210249854706" && level==0} -index 1
fpga -file F:/ax7015/demo/vdma_hdmi_out/vdma_hdmi_out.sdk/design_1_wrapper_hw_platform_0/design_1_wrapper.bit
targets -set -nocase -filter {name =~"APU*" && jtag_cable_name =~ "Digilent JTAG-HS1 210249854706"} -index 0
loadhw -hw F:/ax7015/demo/vdma_hdmi_out/vdma_hdmi_out.sdk/design_1_wrapper_hw_platform_0/system.hdf -mem-ranges [list {0x40000000 0xbfffffff}]
configparams force-mem-access 1
targets -set -nocase -filter {name =~"APU*" && jtag_cable_name =~ "Digilent JTAG-HS1 210249854706"} -index 0
ps7_init
ps7_post_config
targets -set -nocase -filter {name =~ "ARM*#0" && jtag_cable_name =~ "Digilent JTAG-HS1 210249854706"} -index 0
dow F:/ax7015/demo/vdma_hdmi_out/vdma_hdmi_out.sdk/vdma_hdmi/Debug/vdma_hdmi.elf
configparams force-mem-access 0
----------------End of Script----------------

16:53:29 INFO  : Memory regions updated for context APU
16:53:29 INFO  : Context for processor 'ps7_cortexa9_0' is selected.
16:53:29 INFO  : 'con' command is executed.
16:53:29 INFO  : ----------------XSDB Script (After Launch)----------------
targets -set -nocase -filter {name =~ "ARM*#0" && jtag_cable_name =~ "Digilent JTAG-HS1 210249854706"} -index 0
con
----------------End of Script----------------

16:53:29 INFO  : Launch script is exported to file 'F:\ax7015\demo\vdma_hdmi_out\vdma_hdmi_out.sdk\.sdk\launch_scripts\xilinx_c-c++_application_(system_debugger)\system_debugger_using_debug_vdma_hdmi.elf_on_local.tcl'
16:58:50 INFO  : Disconnected from the channel tcfchan#16.
16:58:51 INFO  : Connected to target on host '127.0.0.1' and port '3121'.
16:58:51 INFO  : Jtag cable 'Digilent JTAG-HS1 210249854706' is selected.
16:58:51 INFO  : 'jtag frequency' command is executed.
16:58:51 INFO  : Sourcing of 'F:/ax7015/demo/vdma_hdmi_out/vdma_hdmi_out.sdk/design_1_wrapper_hw_platform_0/ps7_init.tcl' is done.
16:58:51 INFO  : Context for 'APU' is selected.
16:58:51 INFO  : System reset is completed.
16:58:54 INFO  : 'after 3000' command is executed.
16:58:54 INFO  : 'targets -set -filter {jtag_cable_name =~ "Digilent JTAG-HS1 210249854706" && level==0} -index 1' command is executed.
16:58:57 INFO  : FPGA configured successfully with bitstream "F:/ax7015/demo/vdma_hdmi_out/vdma_hdmi_out.sdk/design_1_wrapper_hw_platform_0/design_1_wrapper.bit"
16:58:57 INFO  : Context for 'APU' is selected.
16:58:57 INFO  : Hardware design information is loaded from 'F:/ax7015/demo/vdma_hdmi_out/vdma_hdmi_out.sdk/design_1_wrapper_hw_platform_0/system.hdf'.
16:58:57 INFO  : 'configparams force-mem-access 1' command is executed.
16:58:57 INFO  : Context for 'APU' is selected.
16:58:57 INFO  : 'ps7_init' command is executed.
16:58:57 INFO  : 'ps7_post_config' command is executed.
16:58:57 INFO  : Context for processor 'ps7_cortexa9_0' is selected.
16:59:01 INFO  : The application 'F:/ax7015/demo/vdma_hdmi_out/vdma_hdmi_out.sdk/vdma_hdmi/Debug/vdma_hdmi.elf' is downloaded to processor 'ps7_cortexa9_0'.
16:59:01 INFO  : 'configparams force-mem-access 0' command is executed.
16:59:01 INFO  : ----------------XSDB Script----------------
connect -url tcp:127.0.0.1:3121
source F:/ax7015/demo/vdma_hdmi_out/vdma_hdmi_out.sdk/design_1_wrapper_hw_platform_0/ps7_init.tcl
targets -set -nocase -filter {name =~"APU*" && jtag_cable_name =~ "Digilent JTAG-HS1 210249854706"} -index 0
rst -system
after 3000
targets -set -filter {jtag_cable_name =~ "Digilent JTAG-HS1 210249854706" && level==0} -index 1
fpga -file F:/ax7015/demo/vdma_hdmi_out/vdma_hdmi_out.sdk/design_1_wrapper_hw_platform_0/design_1_wrapper.bit
targets -set -nocase -filter {name =~"APU*" && jtag_cable_name =~ "Digilent JTAG-HS1 210249854706"} -index 0
loadhw -hw F:/ax7015/demo/vdma_hdmi_out/vdma_hdmi_out.sdk/design_1_wrapper_hw_platform_0/system.hdf -mem-ranges [list {0x40000000 0xbfffffff}]
configparams force-mem-access 1
targets -set -nocase -filter {name =~"APU*" && jtag_cable_name =~ "Digilent JTAG-HS1 210249854706"} -index 0
ps7_init
ps7_post_config
targets -set -nocase -filter {name =~ "ARM*#0" && jtag_cable_name =~ "Digilent JTAG-HS1 210249854706"} -index 0
dow F:/ax7015/demo/vdma_hdmi_out/vdma_hdmi_out.sdk/vdma_hdmi/Debug/vdma_hdmi.elf
configparams force-mem-access 0
----------------End of Script----------------

16:59:01 INFO  : Memory regions updated for context APU
16:59:01 INFO  : Context for processor 'ps7_cortexa9_0' is selected.
16:59:01 INFO  : 'con' command is executed.
16:59:01 INFO  : ----------------XSDB Script (After Launch)----------------
targets -set -nocase -filter {name =~ "ARM*#0" && jtag_cable_name =~ "Digilent JTAG-HS1 210249854706"} -index 0
con
----------------End of Script----------------

16:59:01 INFO  : Launch script is exported to file 'F:\ax7015\demo\vdma_hdmi_out\vdma_hdmi_out.sdk\.sdk\launch_scripts\xilinx_c-c++_application_(system_debugger)\system_debugger_using_debug_vdma_hdmi.elf_on_local.tcl'
09:53:20 INFO  : Registering command handlers for SDK TCF services
09:53:20 INFO  : Launching XSCT server: xsct.bat -interactive F:\ax7015\demo\vdma_to_qspi_sd\vdma_to_qspi_sd.sdk\temp_xsdb_launch_script.tcl
09:53:24 INFO  : XSCT server has started successfully.
09:53:25 INFO  : Successfully done setting XSCT server connection channel  
09:53:25 INFO  : Successfully done setting SDK workspace  
09:53:25 INFO  : Processing command line option -hwspec F:/ax7015/demo/vdma_to_qspi_sd/vdma_to_qspi_sd.sdk/design_1_wrapper.hdf.
09:59:26 INFO  : Apm configuration has been updated and stored to 'F:\ax7015\demo\vdma_to_qspi_sd\vdma_to_qspi_sd.sdk\design_1_wrapper_hw_platform_1\apmconfigs\apm_default.json' for the project 'design_1_wrapper_hw_platform_1'
10:00:11 INFO  : Launching XSCT server: xsct.bat -interactive F:\ax7015\demo\vdma_to_qspi_sd\vdma_to_qspi_sd.sdk\temp_xsdb_launch_script.tcl
10:00:13 INFO  : XSCT server has started successfully.
10:00:15 INFO  : Successfully done setting XSCT server connection channel  
10:00:15 INFO  : Successfully done setting SDK workspace  
10:00:17 INFO  : Registering command handlers for SDK TCF services
10:00:18 INFO  : Processing command line option -hwspec F:/ax7015/demo/vdma_to_qspi_sd/vdma_to_qspi_sd.sdk/design_1_wrapper.hdf.
10:00:18 INFO  : Checking for hwspec changes in the project design_1_wrapper_hw_platform_1.
10:44:10 INFO  : Invoking Bootgen: bootgen -image fsbl.bif -arch zynq -o F:\ax7015\demo\vdma_to_qspi_sd\vdma_to_qspi_sd.sdk\fsbl\bootimage\BOOT.bin
10:44:10 INFO  : Creating new bif file F:\ax7015\demo\vdma_to_qspi_sd\vdma_to_qspi_sd.sdk\fsbl\bootimage\fsbl.bif
10:44:12 INFO  : Bootgen command execution is done.
