17:01:16 INFO  : Registering command handlers for SDK TCF services
17:01:16 INFO  : Launching XSCT server: xsct.bat -interactive F:\ax7350\demo\ps_axi_led\ps_axi_led.sdk\temp_xsdb_launch_script.tcl
17:01:19 INFO  : XSCT server has started successfully.
17:01:19 INFO  : Successfully done setting XSCT server connection channel  
17:01:22 INFO  : Successfully done setting SDK workspace  
17:01:22 INFO  : Processing command line option -hwspec F:/ax7350/demo/ps_axi_led/ps_axi_led.sdk/design_1_wrapper.hdf.
17:14:50 INFO  : SDK has detected change in the last modified timestamps for source hardware specification file Source:1515661901494,  Project:1515659587237
17:14:50 INFO  : Project design_1_wrapper_hw_platform_0's source hardware specification located at F:/ax7350/demo/ps_axi_led/ps_axi_led.sdk/design_1_wrapper.hdf is now different from the local copy.
		 The local copy will be replaced with the source specification and your workspace will be updated.
17:14:53 INFO  : Copied contents of F:/ax7350/demo/ps_axi_led/ps_axi_led.sdk/design_1_wrapper.hdf into \design_1_wrapper_hw_platform_0\system.hdf.
17:14:55 INFO  : Synchronizing projects in the workspace with the hardware platform specification changes.
17:14:55 INFO  : Clearing existing target manager status.
17:14:58 INFO  : Workspace synchronized with the new hardware specification file. Cleaning dependent projects...
17:14:58 WARN  : Linker script will not be updated automatically. Users need to update it manually.
17:22:32 INFO  : SDK has detected change in the last modified timestamps for source hardware specification file Source:1515662493176,  Project:1515661901494
17:22:32 INFO  : Project design_1_wrapper_hw_platform_0's source hardware specification located at F:/ax7350/demo/ps_axi_led/ps_axi_led.sdk/design_1_wrapper.hdf is now different from the local copy.
		 The local copy will be replaced with the source specification and your workspace will be updated.
17:22:35 INFO  : Copied contents of F:/ax7350/demo/ps_axi_led/ps_axi_led.sdk/design_1_wrapper.hdf into \design_1_wrapper_hw_platform_0\system.hdf.
17:22:37 INFO  : Synchronizing projects in the workspace with the hardware platform specification changes.
17:22:37 INFO  : Clearing existing target manager status.
17:22:37 INFO  : Workspace synchronized with the new hardware specification file. Cleaning dependent projects...
17:22:37 WARN  : Linker script will not be updated automatically. Users need to update it manually.
17:45:58 INFO  : Example project axi_led_bsp_xgpio_example_1 has been created successfully.
17:47:08 INFO  : 'targets -set -filter {jtag_cable_name =~ "Digilent JTAG-HS1 210512180081" && level==0} -index 1' command is executed.
17:47:08 INFO  : 'fpga -state' command is executed.
17:47:09 INFO  : Connected to target on host '127.0.0.1' and port '3121'.
17:47:09 INFO  : Jtag cable 'Digilent JTAG-HS1 210512180081' is selected.
17:47:09 INFO  : 'jtag frequency' command is executed.
17:47:09 INFO  : Sourcing of 'F:/ax7350/demo/ps_axi_led/ps_axi_led.sdk/design_1_wrapper_hw_platform_0/ps7_init.tcl' is done.
17:47:09 INFO  : Context for 'APU' is selected.
17:47:09 INFO  : Hardware design information is loaded from 'F:/ax7350/demo/ps_axi_led/ps_axi_led.sdk/design_1_wrapper_hw_platform_0/system.hdf'.
17:47:09 INFO  : 'configparams force-mem-access 1' command is executed.
17:47:09 INFO  : Context for 'APU' is selected.
17:47:09 INFO  : 'stop' command is executed.
17:47:10 INFO  : 'ps7_init' command is executed.
17:47:10 INFO  : 'ps7_post_config' command is executed.
17:47:10 INFO  : Context for processor 'ps7_cortexa9_0' is selected.
17:47:10 INFO  : Processor reset is completed for 'ps7_cortexa9_0'.
17:47:10 INFO  : Context for processor 'ps7_cortexa9_0' is selected.
17:47:10 INFO  : The application 'F:/ax7350/demo/ps_axi_led/ps_axi_led.sdk/axi_led_bsp_xgpio_example_1/Debug/axi_led_bsp_xgpio_example_1.elf' is downloaded to processor 'ps7_cortexa9_0'.
17:47:10 INFO  : 'configparams force-mem-access 0' command is executed.
17:47:10 INFO  : ----------------XSDB Script----------------
connect -url tcp:127.0.0.1:3121
source F:/ax7350/demo/ps_axi_led/ps_axi_led.sdk/design_1_wrapper_hw_platform_0/ps7_init.tcl
targets -set -nocase -filter {name =~"APU*" && jtag_cable_name =~ "Digilent JTAG-HS1 210512180081"} -index 0
loadhw -hw F:/ax7350/demo/ps_axi_led/ps_axi_led.sdk/design_1_wrapper_hw_platform_0/system.hdf -mem-ranges [list {0x40000000 0xbfffffff}]
configparams force-mem-access 1
targets -set -nocase -filter {name =~"APU*" && jtag_cable_name =~ "Digilent JTAG-HS1 210512180081"} -index 0
stop
ps7_init
ps7_post_config
targets -set -nocase -filter {name =~ "ARM*#0" && jtag_cable_name =~ "Digilent JTAG-HS1 210512180081"} -index 0
rst -processor
targets -set -nocase -filter {name =~ "ARM*#0" && jtag_cable_name =~ "Digilent JTAG-HS1 210512180081"} -index 0
dow F:/ax7350/demo/ps_axi_led/ps_axi_led.sdk/axi_led_bsp_xgpio_example_1/Debug/axi_led_bsp_xgpio_example_1.elf
configparams force-mem-access 0
----------------End of Script----------------

17:47:10 INFO  : Memory regions updated for context APU
17:47:10 INFO  : Context for processor 'ps7_cortexa9_0' is selected.
17:47:10 INFO  : 'con' command is executed.
17:47:10 INFO  : ----------------XSDB Script (After Launch)----------------
targets -set -nocase -filter {name =~ "ARM*#0" && jtag_cable_name =~ "Digilent JTAG-HS1 210512180081"} -index 0
con
----------------End of Script----------------

17:47:10 INFO  : Launch script is exported to file 'F:\ax7350\demo\ps_axi_led\ps_axi_led.sdk\.sdk\launch_scripts\xilinx_c-c++_application_(system_debugger)\system_debugger_using_debug_axi_led_bsp_xgpio_example_1.elf_on_local.tcl'
17:47:31 INFO  : Disconnected from the channel tcfchan#1.
17:47:32 INFO  : Connected to target on host '127.0.0.1' and port '3121'.
17:47:32 INFO  : Jtag cable 'Digilent JTAG-HS1 210512180081' is selected.
17:47:32 INFO  : 'jtag frequency' command is executed.
17:47:32 INFO  : Sourcing of 'F:/ax7350/demo/ps_axi_led/ps_axi_led.sdk/design_1_wrapper_hw_platform_0/ps7_init.tcl' is done.
17:47:32 INFO  : Context for 'APU' is selected.
17:47:32 INFO  : System reset is completed.
17:47:35 INFO  : 'after 3000' command is executed.
17:47:35 INFO  : 'targets -set -filter {jtag_cable_name =~ "Digilent JTAG-HS1 210512180081" && level==0} -index 1' command is executed.
17:47:47 INFO  : FPGA configured successfully with bitstream "F:/ax7350/demo/ps_axi_led/ps_axi_led.sdk/design_1_wrapper_hw_platform_0/design_1_wrapper.bit"
17:47:47 INFO  : Context for 'APU' is selected.
17:47:47 INFO  : Hardware design information is loaded from 'F:/ax7350/demo/ps_axi_led/ps_axi_led.sdk/design_1_wrapper_hw_platform_0/system.hdf'.
17:47:47 INFO  : 'configparams force-mem-access 1' command is executed.
17:47:47 INFO  : Context for 'APU' is selected.
17:47:47 INFO  : 'ps7_init' command is executed.
17:47:47 INFO  : 'ps7_post_config' command is executed.
17:47:47 INFO  : Context for processor 'ps7_cortexa9_0' is selected.
17:47:47 INFO  : The application 'F:/ax7350/demo/ps_axi_led/ps_axi_led.sdk/axi_led_bsp_xgpio_example_1/Debug/axi_led_bsp_xgpio_example_1.elf' is downloaded to processor 'ps7_cortexa9_0'.
17:47:47 INFO  : 'configparams force-mem-access 0' command is executed.
17:47:47 INFO  : ----------------XSDB Script----------------
connect -url tcp:127.0.0.1:3121
source F:/ax7350/demo/ps_axi_led/ps_axi_led.sdk/design_1_wrapper_hw_platform_0/ps7_init.tcl
targets -set -nocase -filter {name =~"APU*" && jtag_cable_name =~ "Digilent JTAG-HS1 210512180081"} -index 0
rst -system
after 3000
targets -set -filter {jtag_cable_name =~ "Digilent JTAG-HS1 210512180081" && level==0} -index 1
fpga -file F:/ax7350/demo/ps_axi_led/ps_axi_led.sdk/design_1_wrapper_hw_platform_0/design_1_wrapper.bit
targets -set -nocase -filter {name =~"APU*" && jtag_cable_name =~ "Digilent JTAG-HS1 210512180081"} -index 0
loadhw -hw F:/ax7350/demo/ps_axi_led/ps_axi_led.sdk/design_1_wrapper_hw_platform_0/system.hdf -mem-ranges [list {0x40000000 0xbfffffff}]
configparams force-mem-access 1
targets -set -nocase -filter {name =~"APU*" && jtag_cable_name =~ "Digilent JTAG-HS1 210512180081"} -index 0
ps7_init
ps7_post_config
targets -set -nocase -filter {name =~ "ARM*#0" && jtag_cable_name =~ "Digilent JTAG-HS1 210512180081"} -index 0
dow F:/ax7350/demo/ps_axi_led/ps_axi_led.sdk/axi_led_bsp_xgpio_example_1/Debug/axi_led_bsp_xgpio_example_1.elf
configparams force-mem-access 0
----------------End of Script----------------

17:47:47 INFO  : Memory regions updated for context APU
17:47:48 INFO  : Context for processor 'ps7_cortexa9_0' is selected.
17:47:48 INFO  : 'con' command is executed.
17:47:48 INFO  : ----------------XSDB Script (After Launch)----------------
targets -set -nocase -filter {name =~ "ARM*#0" && jtag_cable_name =~ "Digilent JTAG-HS1 210512180081"} -index 0
con
----------------End of Script----------------

17:47:48 INFO  : Launch script is exported to file 'F:\ax7350\demo\ps_axi_led\ps_axi_led.sdk\.sdk\launch_scripts\xilinx_c-c++_application_(system_debugger)\system_debugger_using_debug_axi_led_bsp_xgpio_example_1.elf_on_local.tcl'
17:56:13 INFO  : Disconnected from the channel tcfchan#2.
17:56:14 INFO  : 'targets -set -filter {jtag_cable_name =~ "Digilent JTAG-HS1 210512180081" && level==0} -index 1' command is executed.
17:56:14 INFO  : 'fpga -state' command is executed.
17:56:14 INFO  : Connected to target on host '127.0.0.1' and port '3121'.
17:56:14 INFO  : Jtag cable 'Digilent JTAG-HS1 210512180081' is selected.
17:56:14 INFO  : 'jtag frequency' command is executed.
17:56:14 INFO  : Sourcing of 'F:/ax7350/demo/ps_axi_led/ps_axi_led.sdk/design_1_wrapper_hw_platform_0/ps7_init.tcl' is done.
17:56:14 INFO  : Context for 'APU' is selected.
17:56:14 INFO  : Hardware design information is loaded from 'F:/ax7350/demo/ps_axi_led/ps_axi_led.sdk/design_1_wrapper_hw_platform_0/system.hdf'.
17:56:14 INFO  : 'configparams force-mem-access 1' command is executed.
17:56:14 INFO  : Context for 'APU' is selected.
17:56:14 INFO  : 'stop' command is executed.
17:56:14 INFO  : 'ps7_init' command is executed.
17:56:14 INFO  : 'ps7_post_config' command is executed.
17:56:14 INFO  : Context for processor 'ps7_cortexa9_0' is selected.
17:56:14 INFO  : Processor reset is completed for 'ps7_cortexa9_0'.
17:56:15 INFO  : Context for processor 'ps7_cortexa9_0' is selected.
17:56:15 INFO  : The application 'F:/ax7350/demo/ps_axi_led/ps_axi_led.sdk/axi_led_bsp_xgpio_example_1/Debug/axi_led_bsp_xgpio_example_1.elf' is downloaded to processor 'ps7_cortexa9_0'.
17:56:15 INFO  : 'configparams force-mem-access 0' command is executed.
17:56:15 INFO  : ----------------XSDB Script----------------
connect -url tcp:127.0.0.1:3121
source F:/ax7350/demo/ps_axi_led/ps_axi_led.sdk/design_1_wrapper_hw_platform_0/ps7_init.tcl
targets -set -nocase -filter {name =~"APU*" && jtag_cable_name =~ "Digilent JTAG-HS1 210512180081"} -index 0
loadhw -hw F:/ax7350/demo/ps_axi_led/ps_axi_led.sdk/design_1_wrapper_hw_platform_0/system.hdf -mem-ranges [list {0x40000000 0xbfffffff}]
configparams force-mem-access 1
targets -set -nocase -filter {name =~"APU*" && jtag_cable_name =~ "Digilent JTAG-HS1 210512180081"} -index 0
stop
ps7_init
ps7_post_config
targets -set -nocase -filter {name =~ "ARM*#0" && jtag_cable_name =~ "Digilent JTAG-HS1 210512180081"} -index 0
rst -processor
targets -set -nocase -filter {name =~ "ARM*#0" && jtag_cable_name =~ "Digilent JTAG-HS1 210512180081"} -index 0
dow F:/ax7350/demo/ps_axi_led/ps_axi_led.sdk/axi_led_bsp_xgpio_example_1/Debug/axi_led_bsp_xgpio_example_1.elf
configparams force-mem-access 0
----------------End of Script----------------

17:56:15 INFO  : Memory regions updated for context APU
17:56:15 INFO  : Context for processor 'ps7_cortexa9_0' is selected.
17:56:15 INFO  : 'con' command is executed.
17:56:15 INFO  : ----------------XSDB Script (After Launch)----------------
targets -set -nocase -filter {name =~ "ARM*#0" && jtag_cable_name =~ "Digilent JTAG-HS1 210512180081"} -index 0
con
----------------End of Script----------------

17:56:15 INFO  : Launch script is exported to file 'F:\ax7350\demo\ps_axi_led\ps_axi_led.sdk\.sdk\launch_scripts\xilinx_c-c++_application_(system_debugger)\system_debugger_using_debug_axi_led_bsp_xgpio_example_1.elf_on_local.tcl'
18:00:33 INFO  : Disconnected from the channel tcfchan#3.
18:00:34 INFO  : Connected to target on host '127.0.0.1' and port '3121'.
18:00:34 INFO  : Jtag cable 'Digilent JTAG-HS1 210512180081' is selected.
18:00:34 INFO  : 'jtag frequency' command is executed.
18:00:34 INFO  : Sourcing of 'F:/ax7350/demo/ps_axi_led/ps_axi_led.sdk/design_1_wrapper_hw_platform_0/ps7_init.tcl' is done.
18:00:34 INFO  : Context for 'APU' is selected.
18:00:34 INFO  : System reset is completed.
18:00:37 INFO  : 'after 3000' command is executed.
18:00:37 INFO  : 'targets -set -filter {jtag_cable_name =~ "Digilent JTAG-HS1 210512180081" && level==0} -index 1' command is executed.
18:00:49 INFO  : FPGA configured successfully with bitstream "F:/ax7350/demo/ps_axi_led/ps_axi_led.sdk/design_1_wrapper_hw_platform_0/design_1_wrapper.bit"
18:00:49 INFO  : Context for 'APU' is selected.
18:00:49 INFO  : Hardware design information is loaded from 'F:/ax7350/demo/ps_axi_led/ps_axi_led.sdk/design_1_wrapper_hw_platform_0/system.hdf'.
18:00:49 INFO  : 'configparams force-mem-access 1' command is executed.
18:00:49 INFO  : Context for 'APU' is selected.
18:00:49 INFO  : 'ps7_init' command is executed.
18:00:49 INFO  : 'ps7_post_config' command is executed.
18:00:49 INFO  : Context for processor 'ps7_cortexa9_0' is selected.
18:00:49 INFO  : The application 'F:/ax7350/demo/ps_axi_led/ps_axi_led.sdk/axi_led_bsp_xgpio_example_1/Debug/axi_led_bsp_xgpio_example_1.elf' is downloaded to processor 'ps7_cortexa9_0'.
18:00:49 INFO  : 'configparams force-mem-access 0' command is executed.
18:00:49 INFO  : ----------------XSDB Script----------------
connect -url tcp:127.0.0.1:3121
source F:/ax7350/demo/ps_axi_led/ps_axi_led.sdk/design_1_wrapper_hw_platform_0/ps7_init.tcl
targets -set -nocase -filter {name =~"APU*" && jtag_cable_name =~ "Digilent JTAG-HS1 210512180081"} -index 0
rst -system
after 3000
targets -set -filter {jtag_cable_name =~ "Digilent JTAG-HS1 210512180081" && level==0} -index 1
fpga -file F:/ax7350/demo/ps_axi_led/ps_axi_led.sdk/design_1_wrapper_hw_platform_0/design_1_wrapper.bit
targets -set -nocase -filter {name =~"APU*" && jtag_cable_name =~ "Digilent JTAG-HS1 210512180081"} -index 0
loadhw -hw F:/ax7350/demo/ps_axi_led/ps_axi_led.sdk/design_1_wrapper_hw_platform_0/system.hdf -mem-ranges [list {0x40000000 0xbfffffff}]
configparams force-mem-access 1
targets -set -nocase -filter {name =~"APU*" && jtag_cable_name =~ "Digilent JTAG-HS1 210512180081"} -index 0
ps7_init
ps7_post_config
targets -set -nocase -filter {name =~ "ARM*#0" && jtag_cable_name =~ "Digilent JTAG-HS1 210512180081"} -index 0
dow F:/ax7350/demo/ps_axi_led/ps_axi_led.sdk/axi_led_bsp_xgpio_example_1/Debug/axi_led_bsp_xgpio_example_1.elf
configparams force-mem-access 0
----------------End of Script----------------

18:00:49 INFO  : Memory regions updated for context APU
18:00:49 INFO  : Context for processor 'ps7_cortexa9_0' is selected.
18:00:49 INFO  : 'con' command is executed.
18:00:49 INFO  : ----------------XSDB Script (After Launch)----------------
targets -set -nocase -filter {name =~ "ARM*#0" && jtag_cable_name =~ "Digilent JTAG-HS1 210512180081"} -index 0
con
----------------End of Script----------------

18:00:49 INFO  : Launch script is exported to file 'F:\ax7350\demo\ps_axi_led\ps_axi_led.sdk\.sdk\launch_scripts\xilinx_c-c++_application_(system_debugger)\system_debugger_using_debug_axi_led_bsp_xgpio_example_1.elf_on_local.tcl'
18:01:42 INFO  : Disconnected from the channel tcfchan#4.
18:01:43 INFO  : Connected to target on host '127.0.0.1' and port '3121'.
18:01:44 INFO  : Jtag cable 'Digilent JTAG-HS1 210512180081' is selected.
18:01:44 INFO  : 'jtag frequency' command is executed.
18:01:44 INFO  : Sourcing of 'F:/ax7350/demo/ps_axi_led/ps_axi_led.sdk/design_1_wrapper_hw_platform_0/ps7_init.tcl' is done.
18:01:44 INFO  : Context for 'APU' is selected.
18:01:44 INFO  : System reset is completed.
18:01:47 INFO  : 'after 3000' command is executed.
18:01:47 INFO  : 'targets -set -filter {jtag_cable_name =~ "Digilent JTAG-HS1 210512180081" && level==0} -index 1' command is executed.
18:01:59 INFO  : FPGA configured successfully with bitstream "F:/ax7350/demo/ps_axi_led/ps_axi_led.sdk/design_1_wrapper_hw_platform_0/design_1_wrapper.bit"
18:01:59 INFO  : Context for 'APU' is selected.
18:01:59 INFO  : Hardware design information is loaded from 'F:/ax7350/demo/ps_axi_led/ps_axi_led.sdk/design_1_wrapper_hw_platform_0/system.hdf'.
18:01:59 INFO  : 'configparams force-mem-access 1' command is executed.
18:01:59 INFO  : Context for 'APU' is selected.
18:01:59 INFO  : 'ps7_init' command is executed.
18:01:59 INFO  : 'ps7_post_config' command is executed.
18:01:59 INFO  : Context for processor 'ps7_cortexa9_0' is selected.
18:01:59 INFO  : The application 'F:/ax7350/demo/ps_axi_led/ps_axi_led.sdk/axi_led_bsp_xgpio_example_1/Debug/axi_led_bsp_xgpio_example_1.elf' is downloaded to processor 'ps7_cortexa9_0'.
18:01:59 INFO  : 'configparams force-mem-access 0' command is executed.
18:01:59 INFO  : ----------------XSDB Script----------------
connect -url tcp:127.0.0.1:3121
source F:/ax7350/demo/ps_axi_led/ps_axi_led.sdk/design_1_wrapper_hw_platform_0/ps7_init.tcl
targets -set -nocase -filter {name =~"APU*" && jtag_cable_name =~ "Digilent JTAG-HS1 210512180081"} -index 0
rst -system
after 3000
targets -set -filter {jtag_cable_name =~ "Digilent JTAG-HS1 210512180081" && level==0} -index 1
fpga -file F:/ax7350/demo/ps_axi_led/ps_axi_led.sdk/design_1_wrapper_hw_platform_0/design_1_wrapper.bit
targets -set -nocase -filter {name =~"APU*" && jtag_cable_name =~ "Digilent JTAG-HS1 210512180081"} -index 0
loadhw -hw F:/ax7350/demo/ps_axi_led/ps_axi_led.sdk/design_1_wrapper_hw_platform_0/system.hdf -mem-ranges [list {0x40000000 0xbfffffff}]
configparams force-mem-access 1
targets -set -nocase -filter {name =~"APU*" && jtag_cable_name =~ "Digilent JTAG-HS1 210512180081"} -index 0
ps7_init
ps7_post_config
targets -set -nocase -filter {name =~ "ARM*#0" && jtag_cable_name =~ "Digilent JTAG-HS1 210512180081"} -index 0
dow F:/ax7350/demo/ps_axi_led/ps_axi_led.sdk/axi_led_bsp_xgpio_example_1/Debug/axi_led_bsp_xgpio_example_1.elf
configparams force-mem-access 0
----------------End of Script----------------

18:01:59 INFO  : Memory regions updated for context APU
18:01:59 INFO  : Context for processor 'ps7_cortexa9_0' is selected.
18:01:59 INFO  : 'con' command is executed.
18:01:59 INFO  : ----------------XSDB Script (After Launch)----------------
targets -set -nocase -filter {name =~ "ARM*#0" && jtag_cable_name =~ "Digilent JTAG-HS1 210512180081"} -index 0
con
----------------End of Script----------------

18:01:59 INFO  : Launch script is exported to file 'F:\ax7350\demo\ps_axi_led\ps_axi_led.sdk\.sdk\launch_scripts\xilinx_c-c++_application_(system_debugger)\system_debugger_using_debug_axi_led_bsp_xgpio_example_1.elf_on_local.tcl'
18:18:56 INFO  : Disconnected from the channel tcfchan#5.
18:18:57 ERROR : Unexpected error while parsing XMD response ?: com.google.gson.JsonSyntaxException: com.google.gson.stream.MalformedJsonException: invalid number or unquoted string near 
10:12:22 INFO  : Registering command handlers for SDK TCF services
10:12:23 INFO  : Launching XSCT server: xsct.bat -interactive F:\ax7015\demo\ps_axi_key\ps_axi_key.sdk\temp_xsdb_launch_script.tcl
10:12:25 INFO  : XSCT server has started successfully.
10:12:26 INFO  : Successfully done setting XSCT server connection channel  
10:12:26 INFO  : Successfully done setting SDK workspace  
10:12:26 INFO  : Processing command line option -hwspec F:/ax7015/demo/ps_axi_key/ps_axi_key.sdk/design_1_wrapper.hdf.
10:27:04 INFO  : Registering command handlers for SDK TCF services
10:27:04 INFO  : Launching XSCT server: xsct.bat -interactive F:\ax7015\demo\ps_axi_key\ps_axi_key.sdk\temp_xsdb_launch_script.tcl
10:27:06 INFO  : XSCT server has started successfully.
10:27:07 INFO  : Successfully done setting XSCT server connection channel  
10:27:07 INFO  : Successfully done setting SDK workspace  
10:27:07 INFO  : Processing command line option -hwspec F:/ax7015/demo/ps_axi_key/ps_axi_key.sdk/design_1_wrapper.hdf.
11:32:40 INFO  : Example project key_test_bsp_xgpio_intr_tapp_example_1 has been created successfully.
13:38:04 INFO  : SDK has detected change in the last modified timestamps for source hardware specification file Source:1520313773983,  Project:1520300483449
13:38:04 INFO  : Project design_1_wrapper_hw_platform_0's source hardware specification located at F:/ax7015/demo/ps_axi_key/ps_axi_key.sdk/design_1_wrapper.hdf is now different from the local copy.
		 The local copy will be replaced with the source specification and your workspace will be updated.
13:42:45 INFO  : Copied contents of F:/ax7015/demo/ps_axi_key/ps_axi_key.sdk/design_1_wrapper.hdf into \design_1_wrapper_hw_platform_0\system.hdf.
13:42:47 INFO  : Synchronizing projects in the workspace with the hardware platform specification changes.
13:42:51 INFO  : 
13:42:52 INFO  : Updating hardware inferred compiler options for key_test.
13:42:53 INFO  : Updating hardware inferred compiler options for key_test_bsp_xgpio_intr_tapp_example_1.
13:42:53 INFO  : Clearing existing target manager status.
13:42:53 WARN  : Given IPC port value is invalid. Using default port 2350
13:42:53 WARN  : Given XMD timeout value is invalid. Using default value of 50000
13:42:54 WARN  : Given XMD transaction timeout value is invalid. Using default value of 60000 milli seconds
13:42:55 INFO  : Closing and re-opening the MSS file of ther project key_test_bsp
13:42:55 INFO  : Closing and re-opening the MSS file of ther project key_test_bsp
13:42:55 INFO  : Workspace synchronized with the new hardware specification file. Cleaning dependent projects...
13:43:17 WARN  : Linker script will not be updated automatically. Users need to update it manually.
14:07:30 INFO  : Example project key_test_bsp_xgpio_intr_tapp_example_1 has been created successfully.
14:16:17 INFO  : 'targets -set -filter {jtag_cable_name =~ "Digilent JTAG-HS1 210249854706" && level==0} -index 1' command is executed.
14:16:17 INFO  : 'fpga -state' command is executed.
14:16:19 INFO  : Connected to target on host '127.0.0.1' and port '3121'.
14:16:19 INFO  : Jtag cable 'Digilent JTAG-HS1 210249854706' is selected.
14:16:19 INFO  : 'jtag frequency' command is executed.
14:16:19 INFO  : Sourcing of 'F:/ax7015/demo/ps_axi_key/ps_axi_key.sdk/design_1_wrapper_hw_platform_0/ps7_init.tcl' is done.
14:16:19 INFO  : Context for 'APU' is selected.
14:16:19 INFO  : Hardware design information is loaded from 'F:/ax7015/demo/ps_axi_key/ps_axi_key.sdk/design_1_wrapper_hw_platform_0/system.hdf'.
14:16:19 INFO  : 'configparams force-mem-access 1' command is executed.
14:16:19 INFO  : Context for 'APU' is selected.
14:16:19 INFO  : 'stop' command is executed.
14:16:19 INFO  : 'ps7_init' command is executed.
14:16:19 INFO  : 'ps7_post_config' command is executed.
14:16:19 INFO  : Context for processor 'ps7_cortexa9_0' is selected.
14:16:19 INFO  : Processor reset is completed for 'ps7_cortexa9_0'.
14:16:19 INFO  : Context for processor 'ps7_cortexa9_0' is selected.
14:16:20 INFO  : The application 'F:/ax7015/demo/ps_axi_key/ps_axi_key.sdk/key_test_bsp_xgpio_intr_tapp_example_1/Debug/key_test_bsp_xgpio_intr_tapp_example_1.elf' is downloaded to processor 'ps7_cortexa9_0'.
14:16:20 INFO  : 'configparams force-mem-access 0' command is executed.
14:16:20 INFO  : ----------------XSDB Script----------------
connect -url tcp:127.0.0.1:3121
source F:/ax7015/demo/ps_axi_key/ps_axi_key.sdk/design_1_wrapper_hw_platform_0/ps7_init.tcl
targets -set -nocase -filter {name =~"APU*" && jtag_cable_name =~ "Digilent JTAG-HS1 210249854706"} -index 0
loadhw -hw F:/ax7015/demo/ps_axi_key/ps_axi_key.sdk/design_1_wrapper_hw_platform_0/system.hdf -mem-ranges [list {0x40000000 0xbfffffff}]
configparams force-mem-access 1
targets -set -nocase -filter {name =~"APU*" && jtag_cable_name =~ "Digilent JTAG-HS1 210249854706"} -index 0
stop
ps7_init
ps7_post_config
targets -set -nocase -filter {name =~ "ARM*#0" && jtag_cable_name =~ "Digilent JTAG-HS1 210249854706"} -index 0
rst -processor
targets -set -nocase -filter {name =~ "ARM*#0" && jtag_cable_name =~ "Digilent JTAG-HS1 210249854706"} -index 0
dow F:/ax7015/demo/ps_axi_key/ps_axi_key.sdk/key_test_bsp_xgpio_intr_tapp_example_1/Debug/key_test_bsp_xgpio_intr_tapp_example_1.elf
configparams force-mem-access 0
----------------End of Script----------------

14:16:20 INFO  : Memory regions updated for context APU
14:16:20 INFO  : Context for processor 'ps7_cortexa9_0' is selected.
14:16:20 INFO  : 'con' command is executed.
14:16:20 INFO  : ----------------XSDB Script (After Launch)----------------
targets -set -nocase -filter {name =~ "ARM*#0" && jtag_cable_name =~ "Digilent JTAG-HS1 210249854706"} -index 0
con
----------------End of Script----------------

14:16:20 INFO  : Launch script is exported to file 'F:\ax7015\demo\ps_axi_key\ps_axi_key.sdk\.sdk\launch_scripts\xilinx_c-c++_application_(system_debugger)\system_debugger_using_debug_key_test_bsp_xgpio_intr_tapp_example_1.elf_on_local.tcl'
14:16:31 INFO  : Disconnected from the channel tcfchan#1.
14:16:32 INFO  : Connected to target on host '127.0.0.1' and port '3121'.
14:16:32 INFO  : Jtag cable 'Digilent JTAG-HS1 210249854706' is selected.
14:16:32 INFO  : 'jtag frequency' command is executed.
14:16:32 INFO  : Sourcing of 'F:/ax7015/demo/ps_axi_key/ps_axi_key.sdk/design_1_wrapper_hw_platform_0/ps7_init.tcl' is done.
14:16:32 INFO  : Context for 'APU' is selected.
14:16:32 INFO  : System reset is completed.
14:16:35 INFO  : 'after 3000' command is executed.
14:16:35 INFO  : 'targets -set -filter {jtag_cable_name =~ "Digilent JTAG-HS1 210249854706" && level==0} -index 1' command is executed.
14:16:38 INFO  : FPGA configured successfully with bitstream "F:/ax7015/demo/ps_axi_key/ps_axi_key.sdk/design_1_wrapper_hw_platform_0/design_1_wrapper.bit"
14:16:38 INFO  : Context for 'APU' is selected.
14:16:39 INFO  : Hardware design information is loaded from 'F:/ax7015/demo/ps_axi_key/ps_axi_key.sdk/design_1_wrapper_hw_platform_0/system.hdf'.
14:16:39 INFO  : 'configparams force-mem-access 1' command is executed.
14:16:39 INFO  : Context for 'APU' is selected.
14:16:40 INFO  : 'ps7_init' command is executed.
14:16:40 INFO  : 'ps7_post_config' command is executed.
14:16:40 INFO  : Context for processor 'ps7_cortexa9_0' is selected.
14:16:40 INFO  : The application 'F:/ax7015/demo/ps_axi_key/ps_axi_key.sdk/key_test_bsp_xgpio_intr_tapp_example_1/Debug/key_test_bsp_xgpio_intr_tapp_example_1.elf' is downloaded to processor 'ps7_cortexa9_0'.
14:16:40 INFO  : 'configparams force-mem-access 0' command is executed.
14:16:40 INFO  : ----------------XSDB Script----------------
connect -url tcp:127.0.0.1:3121
source F:/ax7015/demo/ps_axi_key/ps_axi_key.sdk/design_1_wrapper_hw_platform_0/ps7_init.tcl
targets -set -nocase -filter {name =~"APU*" && jtag_cable_name =~ "Digilent JTAG-HS1 210249854706"} -index 0
rst -system
after 3000
targets -set -filter {jtag_cable_name =~ "Digilent JTAG-HS1 210249854706" && level==0} -index 1
fpga -file F:/ax7015/demo/ps_axi_key/ps_axi_key.sdk/design_1_wrapper_hw_platform_0/design_1_wrapper.bit
targets -set -nocase -filter {name =~"APU*" && jtag_cable_name =~ "Digilent JTAG-HS1 210249854706"} -index 0
loadhw -hw F:/ax7015/demo/ps_axi_key/ps_axi_key.sdk/design_1_wrapper_hw_platform_0/system.hdf -mem-ranges [list {0x40000000 0xbfffffff}]
configparams force-mem-access 1
targets -set -nocase -filter {name =~"APU*" && jtag_cable_name =~ "Digilent JTAG-HS1 210249854706"} -index 0
ps7_init
ps7_post_config
targets -set -nocase -filter {name =~ "ARM*#0" && jtag_cable_name =~ "Digilent JTAG-HS1 210249854706"} -index 0
dow F:/ax7015/demo/ps_axi_key/ps_axi_key.sdk/key_test_bsp_xgpio_intr_tapp_example_1/Debug/key_test_bsp_xgpio_intr_tapp_example_1.elf
configparams force-mem-access 0
----------------End of Script----------------

14:16:40 INFO  : Memory regions updated for context APU
14:16:40 INFO  : Context for processor 'ps7_cortexa9_0' is selected.
14:16:40 INFO  : 'con' command is executed.
14:16:40 INFO  : ----------------XSDB Script (After Launch)----------------
targets -set -nocase -filter {name =~ "ARM*#0" && jtag_cable_name =~ "Digilent JTAG-HS1 210249854706"} -index 0
con
----------------End of Script----------------

14:16:40 INFO  : Launch script is exported to file 'F:\ax7015\demo\ps_axi_key\ps_axi_key.sdk\.sdk\launch_scripts\xilinx_c-c++_application_(system_debugger)\system_debugger_using_debug_key_test_bsp_xgpio_intr_tapp_example_1.elf_on_local.tcl'
14:17:01 INFO  : Disconnected from the channel tcfchan#2.
14:17:02 INFO  : Connected to target on host '127.0.0.1' and port '3121'.
14:17:02 INFO  : Jtag cable 'Digilent JTAG-HS1 210249854706' is selected.
14:17:02 INFO  : 'jtag frequency' command is executed.
14:17:02 INFO  : Sourcing of 'F:/ax7015/demo/ps_axi_key/ps_axi_key.sdk/design_1_wrapper_hw_platform_0/ps7_init.tcl' is done.
14:17:02 INFO  : Context for 'APU' is selected.
14:17:02 INFO  : System reset is completed.
14:17:05 INFO  : 'after 3000' command is executed.
14:17:06 INFO  : 'targets -set -filter {jtag_cable_name =~ "Digilent JTAG-HS1 210249854706" && level==0} -index 1' command is executed.
14:17:09 INFO  : FPGA configured successfully with bitstream "F:/ax7015/demo/ps_axi_key/ps_axi_key.sdk/design_1_wrapper_hw_platform_0/design_1_wrapper.bit"
14:17:09 INFO  : Context for 'APU' is selected.
14:17:09 INFO  : Hardware design information is loaded from 'F:/ax7015/demo/ps_axi_key/ps_axi_key.sdk/design_1_wrapper_hw_platform_0/system.hdf'.
14:17:09 INFO  : 'configparams force-mem-access 1' command is executed.
14:17:09 INFO  : Context for 'APU' is selected.
14:17:09 INFO  : 'ps7_init' command is executed.
14:17:09 INFO  : 'ps7_post_config' command is executed.
14:17:09 INFO  : Context for processor 'ps7_cortexa9_0' is selected.
14:17:09 INFO  : The application 'F:/ax7015/demo/ps_axi_key/ps_axi_key.sdk/key_test_bsp_xgpio_intr_tapp_example_1/Debug/key_test_bsp_xgpio_intr_tapp_example_1.elf' is downloaded to processor 'ps7_cortexa9_0'.
14:17:09 INFO  : 'configparams force-mem-access 0' command is executed.
14:17:09 INFO  : ----------------XSDB Script----------------
connect -url tcp:127.0.0.1:3121
source F:/ax7015/demo/ps_axi_key/ps_axi_key.sdk/design_1_wrapper_hw_platform_0/ps7_init.tcl
targets -set -nocase -filter {name =~"APU*" && jtag_cable_name =~ "Digilent JTAG-HS1 210249854706"} -index 0
rst -system
after 3000
targets -set -filter {jtag_cable_name =~ "Digilent JTAG-HS1 210249854706" && level==0} -index 1
fpga -file F:/ax7015/demo/ps_axi_key/ps_axi_key.sdk/design_1_wrapper_hw_platform_0/design_1_wrapper.bit
targets -set -nocase -filter {name =~"APU*" && jtag_cable_name =~ "Digilent JTAG-HS1 210249854706"} -index 0
loadhw -hw F:/ax7015/demo/ps_axi_key/ps_axi_key.sdk/design_1_wrapper_hw_platform_0/system.hdf -mem-ranges [list {0x40000000 0xbfffffff}]
configparams force-mem-access 1
targets -set -nocase -filter {name =~"APU*" && jtag_cable_name =~ "Digilent JTAG-HS1 210249854706"} -index 0
ps7_init
ps7_post_config
targets -set -nocase -filter {name =~ "ARM*#0" && jtag_cable_name =~ "Digilent JTAG-HS1 210249854706"} -index 0
dow F:/ax7015/demo/ps_axi_key/ps_axi_key.sdk/key_test_bsp_xgpio_intr_tapp_example_1/Debug/key_test_bsp_xgpio_intr_tapp_example_1.elf
configparams force-mem-access 0
----------------End of Script----------------

14:17:09 INFO  : Memory regions updated for context APU
14:17:09 INFO  : Context for processor 'ps7_cortexa9_0' is selected.
14:17:09 INFO  : 'con' command is executed.
14:17:09 INFO  : ----------------XSDB Script (After Launch)----------------
targets -set -nocase -filter {name =~ "ARM*#0" && jtag_cable_name =~ "Digilent JTAG-HS1 210249854706"} -index 0
con
----------------End of Script----------------

14:17:09 INFO  : Launch script is exported to file 'F:\ax7015\demo\ps_axi_key\ps_axi_key.sdk\.sdk\launch_scripts\xilinx_c-c++_application_(system_debugger)\system_debugger_using_debug_key_test_bsp_xgpio_intr_tapp_example_1.elf_on_local.tcl'
14:17:26 INFO  : Disconnected from the channel tcfchan#3.
14:17:27 INFO  : Connected to target on host '127.0.0.1' and port '3121'.
14:17:28 INFO  : Jtag cable 'Digilent JTAG-HS1 210249854706' is selected.
14:17:28 INFO  : 'jtag frequency' command is executed.
14:17:28 INFO  : Sourcing of 'F:/ax7015/demo/ps_axi_key/ps_axi_key.sdk/design_1_wrapper_hw_platform_0/ps7_init.tcl' is done.
14:17:28 INFO  : Context for 'APU' is selected.
14:17:28 INFO  : System reset is completed.
14:17:31 INFO  : 'after 3000' command is executed.
14:17:31 INFO  : 'targets -set -filter {jtag_cable_name =~ "Digilent JTAG-HS1 210249854706" && level==0} -index 1' command is executed.
14:17:34 INFO  : FPGA configured successfully with bitstream "F:/ax7015/demo/ps_axi_key/ps_axi_key.sdk/design_1_wrapper_hw_platform_0/design_1_wrapper.bit"
14:17:34 INFO  : Context for 'APU' is selected.
14:17:34 INFO  : Hardware design information is loaded from 'F:/ax7015/demo/ps_axi_key/ps_axi_key.sdk/design_1_wrapper_hw_platform_0/system.hdf'.
14:17:34 INFO  : 'configparams force-mem-access 1' command is executed.
14:17:34 INFO  : Context for 'APU' is selected.
14:17:34 INFO  : 'ps7_init' command is executed.
14:17:34 INFO  : 'ps7_post_config' command is executed.
14:17:34 INFO  : Context for processor 'ps7_cortexa9_0' is selected.
14:17:35 INFO  : The application 'F:/ax7015/demo/ps_axi_key/ps_axi_key.sdk/key_test_bsp_xgpio_intr_tapp_example_1/Debug/key_test_bsp_xgpio_intr_tapp_example_1.elf' is downloaded to processor 'ps7_cortexa9_0'.
14:17:35 INFO  : 'configparams force-mem-access 0' command is executed.
14:17:35 INFO  : ----------------XSDB Script----------------
connect -url tcp:127.0.0.1:3121
source F:/ax7015/demo/ps_axi_key/ps_axi_key.sdk/design_1_wrapper_hw_platform_0/ps7_init.tcl
targets -set -nocase -filter {name =~"APU*" && jtag_cable_name =~ "Digilent JTAG-HS1 210249854706"} -index 0
rst -system
after 3000
targets -set -filter {jtag_cable_name =~ "Digilent JTAG-HS1 210249854706" && level==0} -index 1
fpga -file F:/ax7015/demo/ps_axi_key/ps_axi_key.sdk/design_1_wrapper_hw_platform_0/design_1_wrapper.bit
targets -set -nocase -filter {name =~"APU*" && jtag_cable_name =~ "Digilent JTAG-HS1 210249854706"} -index 0
loadhw -hw F:/ax7015/demo/ps_axi_key/ps_axi_key.sdk/design_1_wrapper_hw_platform_0/system.hdf -mem-ranges [list {0x40000000 0xbfffffff}]
configparams force-mem-access 1
targets -set -nocase -filter {name =~"APU*" && jtag_cable_name =~ "Digilent JTAG-HS1 210249854706"} -index 0
ps7_init
ps7_post_config
targets -set -nocase -filter {name =~ "ARM*#0" && jtag_cable_name =~ "Digilent JTAG-HS1 210249854706"} -index 0
dow F:/ax7015/demo/ps_axi_key/ps_axi_key.sdk/key_test_bsp_xgpio_intr_tapp_example_1/Debug/key_test_bsp_xgpio_intr_tapp_example_1.elf
configparams force-mem-access 0
----------------End of Script----------------

14:17:35 INFO  : Memory regions updated for context APU
14:17:35 INFO  : Context for processor 'ps7_cortexa9_0' is selected.
14:17:35 INFO  : 'con' command is executed.
14:17:35 INFO  : ----------------XSDB Script (After Launch)----------------
targets -set -nocase -filter {name =~ "ARM*#0" && jtag_cable_name =~ "Digilent JTAG-HS1 210249854706"} -index 0
con
----------------End of Script----------------

14:17:35 INFO  : Launch script is exported to file 'F:\ax7015\demo\ps_axi_key\ps_axi_key.sdk\.sdk\launch_scripts\xilinx_c-c++_application_(system_debugger)\system_debugger_using_debug_key_test_bsp_xgpio_intr_tapp_example_1.elf_on_local.tcl'
14:20:07 INFO  : Disconnected from the channel tcfchan#4.
14:20:08 INFO  : Connected to target on host '127.0.0.1' and port '3121'.
14:20:08 INFO  : Jtag cable 'Digilent JTAG-HS1 210249854706' is selected.
14:20:08 INFO  : 'jtag frequency' command is executed.
14:20:08 INFO  : Sourcing of 'F:/ax7015/demo/ps_axi_key/ps_axi_key.sdk/design_1_wrapper_hw_platform_0/ps7_init.tcl' is done.
14:20:08 INFO  : Context for 'APU' is selected.
14:20:08 INFO  : System reset is completed.
14:20:11 INFO  : 'after 3000' command is executed.
14:20:12 INFO  : 'targets -set -filter {jtag_cable_name =~ "Digilent JTAG-HS1 210249854706" && level==0} -index 1' command is executed.
14:20:15 INFO  : FPGA configured successfully with bitstream "F:/ax7015/demo/ps_axi_key/ps_axi_key.sdk/design_1_wrapper_hw_platform_0/design_1_wrapper.bit"
14:20:15 INFO  : Context for 'APU' is selected.
14:20:15 INFO  : Hardware design information is loaded from 'F:/ax7015/demo/ps_axi_key/ps_axi_key.sdk/design_1_wrapper_hw_platform_0/system.hdf'.
14:20:15 INFO  : 'configparams force-mem-access 1' command is executed.
14:20:15 INFO  : Context for 'APU' is selected.
14:20:15 INFO  : 'ps7_init' command is executed.
14:20:15 INFO  : 'ps7_post_config' command is executed.
14:20:15 INFO  : Context for processor 'ps7_cortexa9_0' is selected.
14:20:15 INFO  : The application 'F:/ax7015/demo/ps_axi_key/ps_axi_key.sdk/key_test_bsp_xgpio_intr_tapp_example_1/Debug/key_test_bsp_xgpio_intr_tapp_example_1.elf' is downloaded to processor 'ps7_cortexa9_0'.
14:20:15 INFO  : 'configparams force-mem-access 0' command is executed.
14:20:15 INFO  : ----------------XSDB Script----------------
connect -url tcp:127.0.0.1:3121
source F:/ax7015/demo/ps_axi_key/ps_axi_key.sdk/design_1_wrapper_hw_platform_0/ps7_init.tcl
targets -set -nocase -filter {name =~"APU*" && jtag_cable_name =~ "Digilent JTAG-HS1 210249854706"} -index 0
rst -system
after 3000
targets -set -filter {jtag_cable_name =~ "Digilent JTAG-HS1 210249854706" && level==0} -index 1
fpga -file F:/ax7015/demo/ps_axi_key/ps_axi_key.sdk/design_1_wrapper_hw_platform_0/design_1_wrapper.bit
targets -set -nocase -filter {name =~"APU*" && jtag_cable_name =~ "Digilent JTAG-HS1 210249854706"} -index 0
loadhw -hw F:/ax7015/demo/ps_axi_key/ps_axi_key.sdk/design_1_wrapper_hw_platform_0/system.hdf -mem-ranges [list {0x40000000 0xbfffffff}]
configparams force-mem-access 1
targets -set -nocase -filter {name =~"APU*" && jtag_cable_name =~ "Digilent JTAG-HS1 210249854706"} -index 0
ps7_init
ps7_post_config
targets -set -nocase -filter {name =~ "ARM*#0" && jtag_cable_name =~ "Digilent JTAG-HS1 210249854706"} -index 0
dow F:/ax7015/demo/ps_axi_key/ps_axi_key.sdk/key_test_bsp_xgpio_intr_tapp_example_1/Debug/key_test_bsp_xgpio_intr_tapp_example_1.elf
configparams force-mem-access 0
----------------End of Script----------------

14:20:15 INFO  : Memory regions updated for context APU
14:20:15 INFO  : Context for processor 'ps7_cortexa9_0' is selected.
14:20:15 INFO  : 'con' command is executed.
14:20:15 INFO  : ----------------XSDB Script (After Launch)----------------
targets -set -nocase -filter {name =~ "ARM*#0" && jtag_cable_name =~ "Digilent JTAG-HS1 210249854706"} -index 0
con
----------------End of Script----------------

14:20:15 INFO  : Launch script is exported to file 'F:\ax7015\demo\ps_axi_key\ps_axi_key.sdk\.sdk\launch_scripts\xilinx_c-c++_application_(system_debugger)\system_debugger_using_debug_key_test_bsp_xgpio_intr_tapp_example_1.elf_on_local.tcl'
14:21:01 INFO  : Disconnected from the channel tcfchan#5.
14:21:03 INFO  : Connected to target on host '127.0.0.1' and port '3121'.
14:21:03 INFO  : Jtag cable 'Digilent JTAG-HS1 210249854706' is selected.
14:21:03 INFO  : 'jtag frequency' command is executed.
14:21:03 INFO  : Sourcing of 'F:/ax7015/demo/ps_axi_key/ps_axi_key.sdk/design_1_wrapper_hw_platform_0/ps7_init.tcl' is done.
14:21:03 INFO  : Context for 'APU' is selected.
14:21:03 INFO  : System reset is completed.
14:21:06 INFO  : 'after 3000' command is executed.
14:21:06 INFO  : 'targets -set -filter {jtag_cable_name =~ "Digilent JTAG-HS1 210249854706" && level==0} -index 1' command is executed.
14:21:09 INFO  : FPGA configured successfully with bitstream "F:/ax7015/demo/ps_axi_key/ps_axi_key.sdk/design_1_wrapper_hw_platform_0/design_1_wrapper.bit"
14:21:09 INFO  : Context for 'APU' is selected.
14:21:09 INFO  : Hardware design information is loaded from 'F:/ax7015/demo/ps_axi_key/ps_axi_key.sdk/design_1_wrapper_hw_platform_0/system.hdf'.
14:21:09 INFO  : 'configparams force-mem-access 1' command is executed.
14:21:09 INFO  : Context for 'APU' is selected.
14:21:09 INFO  : 'ps7_init' command is executed.
14:21:09 INFO  : 'ps7_post_config' command is executed.
14:21:09 INFO  : Context for processor 'ps7_cortexa9_0' is selected.
14:21:10 INFO  : The application 'F:/ax7015/demo/ps_axi_key/ps_axi_key.sdk/key_test_bsp_xgpio_intr_tapp_example_1/Debug/key_test_bsp_xgpio_intr_tapp_example_1.elf' is downloaded to processor 'ps7_cortexa9_0'.
14:21:10 INFO  : 'configparams force-mem-access 0' command is executed.
14:21:10 INFO  : ----------------XSDB Script----------------
connect -url tcp:127.0.0.1:3121
source F:/ax7015/demo/ps_axi_key/ps_axi_key.sdk/design_1_wrapper_hw_platform_0/ps7_init.tcl
targets -set -nocase -filter {name =~"APU*" && jtag_cable_name =~ "Digilent JTAG-HS1 210249854706"} -index 0
rst -system
after 3000
targets -set -filter {jtag_cable_name =~ "Digilent JTAG-HS1 210249854706" && level==0} -index 1
fpga -file F:/ax7015/demo/ps_axi_key/ps_axi_key.sdk/design_1_wrapper_hw_platform_0/design_1_wrapper.bit
targets -set -nocase -filter {name =~"APU*" && jtag_cable_name =~ "Digilent JTAG-HS1 210249854706"} -index 0
loadhw -hw F:/ax7015/demo/ps_axi_key/ps_axi_key.sdk/design_1_wrapper_hw_platform_0/system.hdf -mem-ranges [list {0x40000000 0xbfffffff}]
configparams force-mem-access 1
targets -set -nocase -filter {name =~"APU*" && jtag_cable_name =~ "Digilent JTAG-HS1 210249854706"} -index 0
ps7_init
ps7_post_config
targets -set -nocase -filter {name =~ "ARM*#0" && jtag_cable_name =~ "Digilent JTAG-HS1 210249854706"} -index 0
dow F:/ax7015/demo/ps_axi_key/ps_axi_key.sdk/key_test_bsp_xgpio_intr_tapp_example_1/Debug/key_test_bsp_xgpio_intr_tapp_example_1.elf
configparams force-mem-access 0
----------------End of Script----------------

14:21:10 INFO  : Memory regions updated for context APU
14:21:10 INFO  : Context for processor 'ps7_cortexa9_0' is selected.
14:21:10 INFO  : 'con' command is executed.
14:21:10 INFO  : ----------------XSDB Script (After Launch)----------------
targets -set -nocase -filter {name =~ "ARM*#0" && jtag_cable_name =~ "Digilent JTAG-HS1 210249854706"} -index 0
con
----------------End of Script----------------

14:21:10 INFO  : Launch script is exported to file 'F:\ax7015\demo\ps_axi_key\ps_axi_key.sdk\.sdk\launch_scripts\xilinx_c-c++_application_(system_debugger)\system_debugger_using_debug_key_test_bsp_xgpio_intr_tapp_example_1.elf_on_local.tcl'
14:22:15 INFO  : Disconnected from the channel tcfchan#6.
14:22:16 INFO  : Connected to target on host '127.0.0.1' and port '3121'.
14:22:16 INFO  : Jtag cable 'Digilent JTAG-HS1 210249854706' is selected.
14:22:16 INFO  : 'jtag frequency' command is executed.
14:22:16 INFO  : Sourcing of 'F:/ax7015/demo/ps_axi_key/ps_axi_key.sdk/design_1_wrapper_hw_platform_0/ps7_init.tcl' is done.
14:22:16 INFO  : Context for 'APU' is selected.
14:22:16 INFO  : System reset is completed.
14:22:19 INFO  : 'after 3000' command is executed.
14:22:20 INFO  : 'targets -set -filter {jtag_cable_name =~ "Digilent JTAG-HS1 210249854706" && level==0} -index 1' command is executed.
14:22:23 INFO  : FPGA configured successfully with bitstream "F:/ax7015/demo/ps_axi_key/ps_axi_key.sdk/design_1_wrapper_hw_platform_0/design_1_wrapper.bit"
14:22:23 INFO  : Context for 'APU' is selected.
14:22:23 INFO  : Hardware design information is loaded from 'F:/ax7015/demo/ps_axi_key/ps_axi_key.sdk/design_1_wrapper_hw_platform_0/system.hdf'.
14:22:23 INFO  : 'configparams force-mem-access 1' command is executed.
14:22:23 INFO  : Context for 'APU' is selected.
14:22:23 INFO  : 'ps7_init' command is executed.
14:22:23 INFO  : 'ps7_post_config' command is executed.
14:22:23 INFO  : Context for processor 'ps7_cortexa9_0' is selected.
14:22:23 INFO  : The application 'F:/ax7015/demo/ps_axi_key/ps_axi_key.sdk/key_test_bsp_xgpio_intr_tapp_example_1/Debug/key_test_bsp_xgpio_intr_tapp_example_1.elf' is downloaded to processor 'ps7_cortexa9_0'.
14:22:23 INFO  : 'configparams force-mem-access 0' command is executed.
14:22:23 INFO  : ----------------XSDB Script----------------
connect -url tcp:127.0.0.1:3121
source F:/ax7015/demo/ps_axi_key/ps_axi_key.sdk/design_1_wrapper_hw_platform_0/ps7_init.tcl
targets -set -nocase -filter {name =~"APU*" && jtag_cable_name =~ "Digilent JTAG-HS1 210249854706"} -index 0
rst -system
after 3000
targets -set -filter {jtag_cable_name =~ "Digilent JTAG-HS1 210249854706" && level==0} -index 1
fpga -file F:/ax7015/demo/ps_axi_key/ps_axi_key.sdk/design_1_wrapper_hw_platform_0/design_1_wrapper.bit
targets -set -nocase -filter {name =~"APU*" && jtag_cable_name =~ "Digilent JTAG-HS1 210249854706"} -index 0
loadhw -hw F:/ax7015/demo/ps_axi_key/ps_axi_key.sdk/design_1_wrapper_hw_platform_0/system.hdf -mem-ranges [list {0x40000000 0xbfffffff}]
configparams force-mem-access 1
targets -set -nocase -filter {name =~"APU*" && jtag_cable_name =~ "Digilent JTAG-HS1 210249854706"} -index 0
ps7_init
ps7_post_config
targets -set -nocase -filter {name =~ "ARM*#0" && jtag_cable_name =~ "Digilent JTAG-HS1 210249854706"} -index 0
dow F:/ax7015/demo/ps_axi_key/ps_axi_key.sdk/key_test_bsp_xgpio_intr_tapp_example_1/Debug/key_test_bsp_xgpio_intr_tapp_example_1.elf
configparams force-mem-access 0
----------------End of Script----------------

14:22:23 INFO  : Memory regions updated for context APU
14:22:23 INFO  : Context for processor 'ps7_cortexa9_0' is selected.
14:22:23 INFO  : 'con' command is executed.
14:22:23 INFO  : ----------------XSDB Script (After Launch)----------------
targets -set -nocase -filter {name =~ "ARM*#0" && jtag_cable_name =~ "Digilent JTAG-HS1 210249854706"} -index 0
con
----------------End of Script----------------

14:22:23 INFO  : Launch script is exported to file 'F:\ax7015\demo\ps_axi_key\ps_axi_key.sdk\.sdk\launch_scripts\xilinx_c-c++_application_(system_debugger)\system_debugger_using_debug_key_test_bsp_xgpio_intr_tapp_example_1.elf_on_local.tcl'
14:23:45 INFO  : Disconnected from the channel tcfchan#7.
14:23:46 INFO  : Connected to target on host '127.0.0.1' and port '3121'.
14:23:46 INFO  : Jtag cable 'Digilent JTAG-HS1 210249854706' is selected.
14:23:46 INFO  : 'jtag frequency' command is executed.
14:23:46 INFO  : Sourcing of 'F:/ax7015/demo/ps_axi_key/ps_axi_key.sdk/design_1_wrapper_hw_platform_0/ps7_init.tcl' is done.
14:23:46 INFO  : Context for 'APU' is selected.
14:23:47 INFO  : System reset is completed.
14:23:50 INFO  : 'after 3000' command is executed.
14:23:50 INFO  : 'targets -set -filter {jtag_cable_name =~ "Digilent JTAG-HS1 210249854706" && level==0} -index 1' command is executed.
14:23:53 INFO  : FPGA configured successfully with bitstream "F:/ax7015/demo/ps_axi_key/ps_axi_key.sdk/design_1_wrapper_hw_platform_0/design_1_wrapper.bit"
14:23:53 INFO  : Context for 'APU' is selected.
14:23:53 INFO  : Hardware design information is loaded from 'F:/ax7015/demo/ps_axi_key/ps_axi_key.sdk/design_1_wrapper_hw_platform_0/system.hdf'.
14:23:53 INFO  : 'configparams force-mem-access 1' command is executed.
14:23:53 INFO  : Context for 'APU' is selected.
14:23:53 INFO  : 'ps7_init' command is executed.
14:23:53 INFO  : 'ps7_post_config' command is executed.
14:23:53 INFO  : Context for processor 'ps7_cortexa9_0' is selected.
14:23:53 INFO  : The application 'F:/ax7015/demo/ps_axi_key/ps_axi_key.sdk/key_test_bsp_xgpio_intr_tapp_example_1/Debug/key_test_bsp_xgpio_intr_tapp_example_1.elf' is downloaded to processor 'ps7_cortexa9_0'.
14:23:53 INFO  : 'configparams force-mem-access 0' command is executed.
14:23:53 INFO  : ----------------XSDB Script----------------
connect -url tcp:127.0.0.1:3121
source F:/ax7015/demo/ps_axi_key/ps_axi_key.sdk/design_1_wrapper_hw_platform_0/ps7_init.tcl
targets -set -nocase -filter {name =~"APU*" && jtag_cable_name =~ "Digilent JTAG-HS1 210249854706"} -index 0
rst -system
after 3000
targets -set -filter {jtag_cable_name =~ "Digilent JTAG-HS1 210249854706" && level==0} -index 1
fpga -file F:/ax7015/demo/ps_axi_key/ps_axi_key.sdk/design_1_wrapper_hw_platform_0/design_1_wrapper.bit
targets -set -nocase -filter {name =~"APU*" && jtag_cable_name =~ "Digilent JTAG-HS1 210249854706"} -index 0
loadhw -hw F:/ax7015/demo/ps_axi_key/ps_axi_key.sdk/design_1_wrapper_hw_platform_0/system.hdf -mem-ranges [list {0x40000000 0xbfffffff}]
configparams force-mem-access 1
targets -set -nocase -filter {name =~"APU*" && jtag_cable_name =~ "Digilent JTAG-HS1 210249854706"} -index 0
ps7_init
ps7_post_config
targets -set -nocase -filter {name =~ "ARM*#0" && jtag_cable_name =~ "Digilent JTAG-HS1 210249854706"} -index 0
dow F:/ax7015/demo/ps_axi_key/ps_axi_key.sdk/key_test_bsp_xgpio_intr_tapp_example_1/Debug/key_test_bsp_xgpio_intr_tapp_example_1.elf
configparams force-mem-access 0
----------------End of Script----------------

14:23:53 INFO  : Memory regions updated for context APU
14:23:53 INFO  : Context for processor 'ps7_cortexa9_0' is selected.
14:23:53 INFO  : 'con' command is executed.
14:23:53 INFO  : ----------------XSDB Script (After Launch)----------------
targets -set -nocase -filter {name =~ "ARM*#0" && jtag_cable_name =~ "Digilent JTAG-HS1 210249854706"} -index 0
con
----------------End of Script----------------

14:23:53 INFO  : Launch script is exported to file 'F:\ax7015\demo\ps_axi_key\ps_axi_key.sdk\.sdk\launch_scripts\xilinx_c-c++_application_(system_debugger)\system_debugger_using_debug_key_test_bsp_xgpio_intr_tapp_example_1.elf_on_local.tcl'
14:43:31 INFO  : Disconnected from the channel tcfchan#8.
14:43:34 ERROR : Unexpected error while parsing XMD response ?: com.google.gson.JsonSyntaxException: com.google.gson.stream.MalformedJsonException: invalid number or unquoted string near 
