10:34:32 INFO  : Registering command handlers for SDK TCF services
10:34:32 INFO  : Launching XSCT server: xsct.bat -interactive F:\ax7015\pcie_x2\PCIe.sdk\temp_xsdb_launch_script.tcl
10:34:34 INFO  : XSCT server has started successfully.
10:34:34 INFO  : Successfully done setting XSCT server connection channel  
10:34:35 INFO  : Successfully done setting SDK workspace  
10:34:35 INFO  : Processing command line option -hwspec F:/ax7015/pcie_x2/PCIe.sdk/PCIe_wrapper.hdf.
10:37:58 INFO  : Invoking Bootgen: bootgen -image fsbl.bif -arch zynq -o F:\ax7015\pcie_x2\PCIe.sdk\fsbl\bootimage\BOOT.bin
10:37:58 INFO  : Creating new bif file F:\ax7015\pcie_x2\PCIe.sdk\fsbl\bootimage\fsbl.bif
10:38:00 INFO  : Bootgen command execution is done.
10:42:25 INFO  : Launching XSCT server: xsct.bat -interactive F:\ax7015\pcie_x2\PCIe.sdk\temp_xsdb_launch_script.tcl
10:42:27 INFO  : XSCT server has started successfully.
10:42:27 INFO  : Successfully done setting XSCT server connection channel  
10:42:28 INFO  : Successfully done setting SDK workspace  
10:42:31 INFO  : Registering command handlers for SDK TCF services
10:42:31 INFO  : Processing command line option -hwspec F:/ax7015/pcie_x2/PCIe.sdk/PCIe_wrapper.hdf.
10:42:32 INFO  : Checking for hwspec changes in the project PCIe_wrapper_hw_platform_0.
10:21:03 INFO  : Launching XSCT server: xsct.bat -interactive F:\ax7015\pcie_x2\PCIe.sdk\temp_xsdb_launch_script.tcl
10:21:05 INFO  : XSCT server has started successfully.
10:21:05 INFO  : Successfully done setting XSCT server connection channel  
10:21:06 INFO  : Successfully done setting SDK workspace  
10:21:11 INFO  : Registering command handlers for SDK TCF services
10:21:11 INFO  : Processing command line option -hwspec F:/ax7015/pcie_x2/PCIe.sdk/PCIe_wrapper.hdf.
10:21:11 INFO  : Checking for hwspec changes in the project PCIe_wrapper_hw_platform_0.
10:21:11 INFO  : SDK has detected change in the last modified timestamps for source hardware specification file Source:1519870816410,  Project:1514514695545
10:21:11 INFO  : The hardware specification for project 'PCIe_wrapper_hw_platform_0' is different from F:/ax7015/pcie_x2/PCIe.sdk/PCIe_wrapper.hdf.
10:21:12 INFO  : Copied contents of F:/ax7015/pcie_x2/PCIe.sdk/PCIe_wrapper.hdf into \PCIe_wrapper_hw_platform_0\system.hdf.
10:22:00 INFO  : Synchronizing projects in the workspace with the hardware platform specification changes.
10:22:13 INFO  : 
10:22:14 INFO  : Updating hardware inferred compiler options for fsbl.
10:22:14 INFO  : Clearing existing target manager status.
10:22:14 WARN  : Given IPC port value is invalid. Using default port 2350
10:22:14 WARN  : Given XMD timeout value is invalid. Using default value of 50000
10:22:15 WARN  : Given XMD transaction timeout value is invalid. Using default value of 60000 milli seconds
10:22:15 INFO  : Closing and re-opening the MSS file of ther project fsbl_bsp
10:22:15 INFO  : Workspace synchronized with the new hardware specification file. Cleaning dependent projects...
10:22:18 WARN  : Linker script will not be updated automatically. Users need to update it manually.
10:29:52 INFO  : Invoking Bootgen: bootgen -image fsbl.bif -arch zynq -o F:\ax7015\pcie_x2\PCIe.sdk\fsbl\bootimage\BOOT.bin
10:29:52 INFO  : Creating new bif file F:\ax7015\pcie_x2\PCIe.sdk\fsbl\bootimage\fsbl.bif
10:29:54 INFO  : Bootgen command execution is done.
10:34:28 ERROR : Unexpected error while fetching XMD's response: 
java.net.SocketException: Connection reset
	at java.net.SocketInputStream.read(SocketInputStream.java:209)
	at java.net.SocketInputStream.read(SocketInputStream.java:141)
	at sun.nio.cs.StreamDecoder.readBytes(StreamDecoder.java:284)
	at sun.nio.cs.StreamDecoder.implRead(StreamDecoder.java:326)
	at sun.nio.cs.StreamDecoder.read(StreamDecoder.java:178)
	at java.io.InputStreamReader.read(InputStreamReader.java:184)
	at java.io.BufferedReader.fill(BufferedReader.java:161)
	at java.io.BufferedReader.read(BufferedReader.java:182)
	at com.xilinx.sdk.targetmanager.internal.json.XMDJSONProcess$CommandResultsReader.run(XMDJSONProcess.java:332)
	at java.lang.Thread.run(Thread.java:745)
10:34:28 ERROR : Zero sized response read from XMD. This indicates a communication error or a programming error.
16:51:27 INFO  : Launching XSCT server: xsct.bat -interactive F:\ax7015\demo\pcie_hdmi_out\pcie_hdmi_out.sdk\temp_xsdb_launch_script.tcl
16:51:29 INFO  : XSCT server has started successfully.
16:51:29 INFO  : Successfully done setting XSCT server connection channel  
16:51:30 INFO  : Successfully done setting SDK workspace  
16:51:34 INFO  : Registering command handlers for SDK TCF services
16:51:34 INFO  : Processing command line option -hwspec F:/ax7015/demo/pcie_hdmi_out/pcie_hdmi_out.sdk/PCIe_wrapper.hdf.
16:53:55 INFO  : Registering command handlers for SDK TCF services
16:53:55 INFO  : Launching XSCT server: xsct.bat -interactive F:\ax7015\demo\pcie_hdmi_out\pcie_hdmi_out.sdk\temp_xsdb_launch_script.tcl
16:53:57 INFO  : XSCT server has started successfully.
16:53:58 INFO  : Successfully done setting XSCT server connection channel  
16:53:58 INFO  : Successfully done setting SDK workspace  
16:53:58 INFO  : Processing command line option -hwspec F:/ax7015/demo/pcie_hdmi_out/pcie_hdmi_out.sdk/PCIe_wrapper.hdf.
16:59:40 INFO  : 'targets -set -filter {jtag_cable_name =~ "Digilent JTAG-HS1 210249854706" && level==0} -index 1' command is executed.
16:59:40 INFO  : 'fpga -state' command is executed.
16:59:40 INFO  : Connected to target on host '127.0.0.1' and port '3121'.
16:59:41 INFO  : Jtag cable 'Digilent JTAG-HS1 210249854706' is selected.
16:59:41 INFO  : 'jtag frequency' command is executed.
16:59:41 INFO  : Sourcing of 'F:/ax7015/demo/pcie_hdmi_out/pcie_hdmi_out.sdk/PCIe_wrapper_hw_platform_0/ps7_init.tcl' is done.
16:59:41 INFO  : Context for 'APU' is selected.
16:59:41 INFO  : Hardware design information is loaded from 'F:/ax7015/demo/pcie_hdmi_out/pcie_hdmi_out.sdk/PCIe_wrapper_hw_platform_0/system.hdf'.
16:59:41 INFO  : 'configparams force-mem-access 1' command is executed.
16:59:41 INFO  : Context for 'APU' is selected.
16:59:41 INFO  : 'stop' command is executed.
16:59:41 INFO  : 'ps7_init' command is executed.
16:59:41 INFO  : 'ps7_post_config' command is executed.
16:59:41 INFO  : Context for processor 'ps7_cortexa9_0' is selected.
16:59:41 INFO  : Processor reset is completed for 'ps7_cortexa9_0'.
16:59:41 INFO  : Context for processor 'ps7_cortexa9_0' is selected.
16:59:45 INFO  : The application 'F:/ax7015/demo/pcie_hdmi_out/pcie_hdmi_out.sdk/test/Debug/test.elf' is downloaded to processor 'ps7_cortexa9_0'.
16:59:45 INFO  : 'configparams force-mem-access 0' command is executed.
16:59:45 INFO  : ----------------XSDB Script----------------
connect -url tcp:127.0.0.1:3121
source F:/ax7015/demo/pcie_hdmi_out/pcie_hdmi_out.sdk/PCIe_wrapper_hw_platform_0/ps7_init.tcl
targets -set -nocase -filter {name =~"APU*" && jtag_cable_name =~ "Digilent JTAG-HS1 210249854706"} -index 0
loadhw -hw F:/ax7015/demo/pcie_hdmi_out/pcie_hdmi_out.sdk/PCIe_wrapper_hw_platform_0/system.hdf -mem-ranges [list {0x40000000 0xbfffffff}]
configparams force-mem-access 1
targets -set -nocase -filter {name =~"APU*" && jtag_cable_name =~ "Digilent JTAG-HS1 210249854706"} -index 0
stop
ps7_init
ps7_post_config
targets -set -nocase -filter {name =~ "ARM*#0" && jtag_cable_name =~ "Digilent JTAG-HS1 210249854706"} -index 0
rst -processor
targets -set -nocase -filter {name =~ "ARM*#0" && jtag_cable_name =~ "Digilent JTAG-HS1 210249854706"} -index 0
dow F:/ax7015/demo/pcie_hdmi_out/pcie_hdmi_out.sdk/test/Debug/test.elf
configparams force-mem-access 0
----------------End of Script----------------

16:59:45 INFO  : Memory regions updated for context APU
16:59:46 INFO  : Context for processor 'ps7_cortexa9_0' is selected.
16:59:46 INFO  : 'con' command is executed.
16:59:46 INFO  : ----------------XSDB Script (After Launch)----------------
targets -set -nocase -filter {name =~ "ARM*#0" && jtag_cable_name =~ "Digilent JTAG-HS1 210249854706"} -index 0
con
----------------End of Script----------------

16:59:46 INFO  : Launch script is exported to file 'F:\ax7015\demo\pcie_hdmi_out\pcie_hdmi_out.sdk\.sdk\launch_scripts\xilinx_c-c++_application_(system_debugger)\system_debugger_using_debug_test.elf_on_local.tcl'
16:59:56 INFO  : Disconnected from the channel tcfchan#1.
16:59:58 INFO  : Connected to target on host '127.0.0.1' and port '3121'.
16:59:58 INFO  : Jtag cable 'Digilent JTAG-HS1 210249854706' is selected.
16:59:58 INFO  : 'jtag frequency' command is executed.
16:59:58 INFO  : Sourcing of 'F:/ax7015/demo/pcie_hdmi_out/pcie_hdmi_out.sdk/PCIe_wrapper_hw_platform_0/ps7_init.tcl' is done.
16:59:58 INFO  : Context for 'APU' is selected.
16:59:58 INFO  : System reset is completed.
17:00:01 INFO  : 'after 3000' command is executed.
17:00:01 INFO  : 'targets -set -filter {jtag_cable_name =~ "Digilent JTAG-HS1 210249854706" && level==0} -index 1' command is executed.
17:00:03 INFO  : FPGA configured successfully with bitstream "F:/ax7015/demo/pcie_hdmi_out/pcie_hdmi_out.sdk/PCIe_wrapper_hw_platform_0/PCIe_wrapper.bit"
17:00:03 INFO  : Context for 'APU' is selected.
17:00:04 INFO  : Hardware design information is loaded from 'F:/ax7015/demo/pcie_hdmi_out/pcie_hdmi_out.sdk/PCIe_wrapper_hw_platform_0/system.hdf'.
17:00:04 INFO  : 'configparams force-mem-access 1' command is executed.
17:00:04 INFO  : Context for 'APU' is selected.
17:00:05 INFO  : 'ps7_init' command is executed.
17:00:05 INFO  : 'ps7_post_config' command is executed.
17:00:05 INFO  : Context for processor 'ps7_cortexa9_0' is selected.
17:00:09 INFO  : The application 'F:/ax7015/demo/pcie_hdmi_out/pcie_hdmi_out.sdk/test/Debug/test.elf' is downloaded to processor 'ps7_cortexa9_0'.
17:00:09 INFO  : 'configparams force-mem-access 0' command is executed.
17:00:09 INFO  : ----------------XSDB Script----------------
connect -url tcp:127.0.0.1:3121
source F:/ax7015/demo/pcie_hdmi_out/pcie_hdmi_out.sdk/PCIe_wrapper_hw_platform_0/ps7_init.tcl
targets -set -nocase -filter {name =~"APU*" && jtag_cable_name =~ "Digilent JTAG-HS1 210249854706"} -index 0
rst -system
after 3000
targets -set -filter {jtag_cable_name =~ "Digilent JTAG-HS1 210249854706" && level==0} -index 1
fpga -file F:/ax7015/demo/pcie_hdmi_out/pcie_hdmi_out.sdk/PCIe_wrapper_hw_platform_0/PCIe_wrapper.bit
targets -set -nocase -filter {name =~"APU*" && jtag_cable_name =~ "Digilent JTAG-HS1 210249854706"} -index 0
loadhw -hw F:/ax7015/demo/pcie_hdmi_out/pcie_hdmi_out.sdk/PCIe_wrapper_hw_platform_0/system.hdf -mem-ranges [list {0x40000000 0xbfffffff}]
configparams force-mem-access 1
targets -set -nocase -filter {name =~"APU*" && jtag_cable_name =~ "Digilent JTAG-HS1 210249854706"} -index 0
ps7_init
ps7_post_config
targets -set -nocase -filter {name =~ "ARM*#0" && jtag_cable_name =~ "Digilent JTAG-HS1 210249854706"} -index 0
dow F:/ax7015/demo/pcie_hdmi_out/pcie_hdmi_out.sdk/test/Debug/test.elf
configparams force-mem-access 0
----------------End of Script----------------

17:00:09 INFO  : Memory regions updated for context APU
17:00:09 INFO  : Context for processor 'ps7_cortexa9_0' is selected.
17:00:09 INFO  : 'con' command is executed.
17:00:09 INFO  : ----------------XSDB Script (After Launch)----------------
targets -set -nocase -filter {name =~ "ARM*#0" && jtag_cable_name =~ "Digilent JTAG-HS1 210249854706"} -index 0
con
----------------End of Script----------------

17:00:09 INFO  : Launch script is exported to file 'F:\ax7015\demo\pcie_hdmi_out\pcie_hdmi_out.sdk\.sdk\launch_scripts\xilinx_c-c++_application_(system_debugger)\system_debugger_using_debug_test.elf_on_local.tcl'
17:06:35 INFO  : Disconnected from the channel tcfchan#2.
17:06:36 INFO  : Connected to target on host '127.0.0.1' and port '3121'.
17:06:36 INFO  : Jtag cable 'Digilent JTAG-HS1 210249854706' is selected.
17:06:36 INFO  : 'jtag frequency' command is executed.
17:06:36 INFO  : Sourcing of 'F:/ax7015/demo/pcie_hdmi_out/pcie_hdmi_out.sdk/PCIe_wrapper_hw_platform_0/ps7_init.tcl' is done.
17:06:36 INFO  : Context for 'APU' is selected.
17:06:36 INFO  : System reset is completed.
17:06:39 INFO  : 'after 3000' command is executed.
17:06:39 INFO  : 'targets -set -filter {jtag_cable_name =~ "Digilent JTAG-HS1 210249854706" && level==0} -index 1' command is executed.
17:06:41 INFO  : FPGA configured successfully with bitstream "F:/ax7015/demo/pcie_hdmi_out/pcie_hdmi_out.sdk/PCIe_wrapper_hw_platform_0/PCIe_wrapper.bit"
17:06:41 INFO  : Context for 'APU' is selected.
17:06:43 INFO  : Hardware design information is loaded from 'F:/ax7015/demo/pcie_hdmi_out/pcie_hdmi_out.sdk/PCIe_wrapper_hw_platform_0/system.hdf'.
17:06:43 INFO  : 'configparams force-mem-access 1' command is executed.
17:06:43 INFO  : Context for 'APU' is selected.
17:06:44 INFO  : 'ps7_init' command is executed.
17:06:44 INFO  : 'ps7_post_config' command is executed.
17:06:44 INFO  : Context for processor 'ps7_cortexa9_0' is selected.
17:06:48 INFO  : The application 'F:/ax7015/demo/pcie_hdmi_out/pcie_hdmi_out.sdk/test/Debug/test.elf' is downloaded to processor 'ps7_cortexa9_0'.
17:06:48 INFO  : 'configparams force-mem-access 0' command is executed.
17:06:48 INFO  : ----------------XSDB Script----------------
connect -url tcp:127.0.0.1:3121
source F:/ax7015/demo/pcie_hdmi_out/pcie_hdmi_out.sdk/PCIe_wrapper_hw_platform_0/ps7_init.tcl
targets -set -nocase -filter {name =~"APU*" && jtag_cable_name =~ "Digilent JTAG-HS1 210249854706"} -index 0
rst -system
after 3000
targets -set -filter {jtag_cable_name =~ "Digilent JTAG-HS1 210249854706" && level==0} -index 1
fpga -file F:/ax7015/demo/pcie_hdmi_out/pcie_hdmi_out.sdk/PCIe_wrapper_hw_platform_0/PCIe_wrapper.bit
targets -set -nocase -filter {name =~"APU*" && jtag_cable_name =~ "Digilent JTAG-HS1 210249854706"} -index 0
loadhw -hw F:/ax7015/demo/pcie_hdmi_out/pcie_hdmi_out.sdk/PCIe_wrapper_hw_platform_0/system.hdf -mem-ranges [list {0x40000000 0xbfffffff}]
configparams force-mem-access 1
targets -set -nocase -filter {name =~"APU*" && jtag_cable_name =~ "Digilent JTAG-HS1 210249854706"} -index 0
ps7_init
ps7_post_config
targets -set -nocase -filter {name =~ "ARM*#0" && jtag_cable_name =~ "Digilent JTAG-HS1 210249854706"} -index 0
dow F:/ax7015/demo/pcie_hdmi_out/pcie_hdmi_out.sdk/test/Debug/test.elf
configparams force-mem-access 0
----------------End of Script----------------

17:06:48 INFO  : Memory regions updated for context APU
17:06:48 INFO  : Context for processor 'ps7_cortexa9_0' is selected.
17:06:48 INFO  : 'con' command is executed.
17:06:48 INFO  : ----------------XSDB Script (After Launch)----------------
targets -set -nocase -filter {name =~ "ARM*#0" && jtag_cable_name =~ "Digilent JTAG-HS1 210249854706"} -index 0
con
----------------End of Script----------------

17:06:48 INFO  : Launch script is exported to file 'F:\ax7015\demo\pcie_hdmi_out\pcie_hdmi_out.sdk\.sdk\launch_scripts\xilinx_c-c++_application_(system_debugger)\system_debugger_using_debug_test.elf_on_local.tcl'
17:11:39 INFO  : Invoking Bootgen: bootgen -image fsbl.bif -arch zynq -o F:\ax7015\demo\pcie_hdmi_out\pcie_hdmi_out.sdk\fsbl\bootimage\BOOT.bin
17:11:39 INFO  : Creating new bif file F:\ax7015\demo\pcie_hdmi_out\pcie_hdmi_out.sdk\fsbl\bootimage\fsbl.bif
17:11:40 INFO  : Bootgen command execution is done.
17:14:59 INFO  : Disconnected from the channel tcfchan#3.
17:15:13 INFO  : Launching XSCT server: xsct.bat -interactive F:\ax7015\demo\pcie_hdmi_out\pcie_hdmi_out.sdk\temp_xsdb_launch_script.tcl
17:15:15 INFO  : XSCT server has started successfully.
17:15:15 INFO  : Successfully done setting XSCT server connection channel  
17:15:15 INFO  : Successfully done setting SDK workspace  
17:15:20 INFO  : Registering command handlers for SDK TCF services
17:15:20 INFO  : Processing command line option -hwspec F:/ax7015/demo/pcie_hdmi_out/pcie_hdmi_out.sdk/PCIe_wrapper.hdf.
17:15:20 INFO  : Checking for hwspec changes in the project PCIe_wrapper_hw_platform_0.
18:11:11 INFO  : SDK has detected change in the last modified timestamps for source hardware specification file Source:1520331054863,  Project:1520326137687
18:11:11 INFO  : Project PCIe_wrapper_hw_platform_0's source hardware specification located at F:/ax7015/demo/pcie_hdmi_out/pcie_hdmi_out.sdk/PCIe_wrapper.hdf is now different from the local copy.
		 The local copy will be replaced with the source specification and your workspace will be updated.
18:11:33 INFO  : Copied contents of F:/ax7015/demo/pcie_hdmi_out/pcie_hdmi_out.sdk/PCIe_wrapper.hdf into \PCIe_wrapper_hw_platform_0\system.hdf.
18:11:47 INFO  : Synchronizing projects in the workspace with the hardware platform specification changes.
18:11:50 INFO  : 
18:11:53 INFO  : 
18:11:54 INFO  : Updating hardware inferred compiler options for fsbl.
18:11:55 INFO  : Updating hardware inferred compiler options for test.
18:11:55 INFO  : Clearing existing target manager status.
18:11:55 WARN  : Given IPC port value is invalid. Using default port 2350
18:11:55 WARN  : Given XMD timeout value is invalid. Using default value of 50000
18:11:57 WARN  : Given XMD transaction timeout value is invalid. Using default value of 60000 milli seconds
18:56:13 INFO  : SDK has detected change in the last modified timestamps for source hardware specification file Source:1520331743676,  Project:1520331054863
18:56:13 INFO  : Project PCIe_wrapper_hw_platform_0's source hardware specification located at F:/ax7015/demo/pcie_hdmi_out/pcie_hdmi_out.sdk/PCIe_wrapper.hdf is now different from the local copy.
		 The local copy will be replaced with the source specification and your workspace will be updated.
18:56:16 INFO  : Copied contents of F:/ax7015/demo/pcie_hdmi_out/pcie_hdmi_out.sdk/PCIe_wrapper.hdf into \PCIe_wrapper_hw_platform_0\system.hdf.
18:56:20 INFO  : Synchronizing projects in the workspace with the hardware platform specification changes.
18:56:23 INFO  : 
18:56:26 INFO  : 
18:56:27 INFO  : Updating hardware inferred compiler options for fsbl.
18:56:28 INFO  : Updating hardware inferred compiler options for test.
18:56:28 INFO  : Clearing existing target manager status.
09:20:06 ERROR : Unexpected error while parsing XMD response ?: com.google.gson.JsonSyntaxException: com.google.gson.stream.MalformedJsonException: invalid number or unquoted string near 
