#-----------------------------------------------------------
# Webtalk v2017.4 (64-bit)
# SW Build 2086221 on Fri Dec 15 20:55:39 MST 2017
# 
# Start of session at: Tue Mar  6 14:43:32 2018
# Process ID: 4576
# Current directory: F:/ax7015/demo/ps_axi_key/ps_axi_key.sdk/webtalk
# Command line: wbtcv.exe -mode batch -source sdk_webtalk.tcl
# Log file: F:/ax7015/demo/ps_axi_key/ps_axi_key.sdk/webtalk/webtalk.log
# Journal file: F:/ax7015/demo/ps_axi_key/ps_axi_key.sdk/webtalk\webtalk.jou
#-----------------------------------------------------------
source sdk_webtalk.tcl
# webtalk_init -webtalk_dir F:\\ax7015\\demo\\ps_axi_key\\ps_axi_key.sdk\\webtalk
# webtalk_register_client -client project
# webtalk_add_data -client project -key date_generated -value "2018-03-06 14:43:31" -context "software_version_and_target_device"
# webtalk_add_data -client project -key product_version -value "SDK v2017.4" -context "software_version_and_target_device"
# webtalk_add_data -client project -key build_version -value "2017.4" -context "software_version_and_target_device"
# webtalk_add_data -client project -key os_platform -value "amd64" -context "software_version_and_target_device"
# webtalk_add_data -client project -key registration_id -value "" -context "software_version_and_target_device"
# webtalk_add_data -client project -key tool_flow -value "SDK" -context "software_version_and_target_device"
# webtalk_add_data -client project -key beta -value "false" -context "software_version_and_target_device"
# webtalk_add_data -client project -key route_design -value "NA" -context "software_version_and_target_device"
# webtalk_add_data -client project -key target_family -value "NA" -context "software_version_and_target_device"
# webtalk_add_data -client project -key target_device -value "NA" -context "software_version_and_target_device"
# webtalk_add_data -client project -key target_package -value "NA" -context "software_version_and_target_device"
# webtalk_add_data -client project -key target_speed -value "NA" -context "software_version_and_target_device"
# webtalk_add_data -client project -key random_id -value "4772mhf76b1jhlfim8cgjfqokt" -context "software_version_and_target_device"
# webtalk_add_data -client project -key project_id -value "2017.4_18" -context "software_version_and_target_device"
# webtalk_add_data -client project -key project_iteration -value "18" -context "software_version_and_target_device"
# webtalk_add_data -client project -key os_name -value "Microsoft Windows 7 , 64-bit" -context "user_environment"
# webtalk_add_data -client project -key os_release -value "Service Pack 1  (build 7601)" -context "user_environment"
# webtalk_add_data -client project -key cpu_name -value "Intel(R) Core(TM) i5-7500 CPU @ 3.40GHz" -context "user_environment"
# webtalk_add_data -client project -key cpu_speed -value "3408 MHz" -context "user_environment"
# webtalk_add_data -client project -key total_processors -value "1" -context "user_environment"
# webtalk_add_data -client project -key system_ram -value "8.455 GB" -context "user_environment"
# webtalk_register_client -client sdk
# webtalk_add_data -client sdk -key uid -value "1520303230089" -context "sdk\\\\hardware/1520303230089"
# webtalk_add_data -client sdk -key isZynq -value "true" -context "sdk\\\\hardware/1520303230089"
# webtalk_add_data -client sdk -key isZynqMP -value "false" -context "sdk\\\\hardware/1520303230089"
# webtalk_add_data -client sdk -key Processors -value "2" -context "sdk\\\\hardware/1520303230089"
# webtalk_add_data -client sdk -key VivadoVersion -value "2017.4" -context "sdk\\\\hardware/1520303230089"
# webtalk_add_data -client sdk -key Arch -value "zynq" -context "sdk\\\\hardware/1520303230089"
# webtalk_add_data -client sdk -key Device -value "7z015" -context "sdk\\\\hardware/1520303230089"
# webtalk_add_data -client sdk -key IsHandoff -value "true" -context "sdk\\\\hardware/1520303230089"
# webtalk_add_data -client sdk -key os -value "NA" -context "sdk\\\\hardware/1520303230089"
# webtalk_add_data -client sdk -key apptemplate -value "NA" -context "sdk\\\\hardware/1520303230089"
# webtalk_add_data -client sdk -key RecordType -value "HWCreation" -context "sdk\\\\hardware/1520303230089"
# webtalk_add_data -client sdk -key uid -value "1520303747635" -context "sdk\\\\bsp/1520303747635"
# webtalk_add_data -client sdk -key hwid -value "1520303230089" -context "sdk\\\\bsp/1520303747635"
# webtalk_add_data -client sdk -key os -value "standalone" -context "sdk\\\\bsp/1520303747635"
# webtalk_add_data -client sdk -key apptemplate -value "hello_world" -context "sdk\\\\bsp/1520303747635"
# webtalk_add_data -client sdk -key RecordType -value "BSPCreation" -context "sdk\\\\bsp/1520303747635"
# webtalk_add_data -client sdk -key uid -value "1520303751491" -context "sdk\\\\application/1520303751491"
# webtalk_add_data -client sdk -key hwid -value "1520303230089" -context "sdk\\\\application/1520303751491"
# webtalk_add_data -client sdk -key bspid -value "1520303747635" -context "sdk\\\\application/1520303751491"
# webtalk_add_data -client sdk -key newbsp -value "true" -context "sdk\\\\application/1520303751491"
# webtalk_add_data -client sdk -key os -value "standalone" -context "sdk\\\\application/1520303751491"
# webtalk_add_data -client sdk -key apptemplate -value "hello_world" -context "sdk\\\\application/1520303751491"
# webtalk_add_data -client sdk -key RecordType -value "APPCreation" -context "sdk\\\\application/1520303751491"
# webtalk_add_data -client sdk -key LangUsed -value "C" -context "sdk\\\\application/1520303751491"
# webtalk_add_data -client sdk -key Procused -value "ps7_cortexa9" -context "sdk\\\\application/1520303751491"
# webtalk_add_data -client sdk -key projSize -value "159.94921875" -context "sdk\\\\application/1520303751491"
# webtalk_add_data -client sdk -key uid -value "NA" -context "sdk\\\\bsp/1520318611860"
# webtalk_add_data -client sdk -key RecordType -value "ToolUsage" -context "sdk\\\\bsp/1520318611860"
# webtalk_add_data -client sdk -key BootgenCount -value "0" -context "sdk\\\\bsp/1520318611860"
# webtalk_add_data -client sdk -key DebugCount -value "8" -context "sdk\\\\bsp/1520318611860"
# webtalk_add_data -client sdk -key PerfCount -value "0" -context "sdk\\\\bsp/1520318611860"
# webtalk_add_data -client sdk -key FlashCount -value "0" -context "sdk\\\\bsp/1520318611860"
# webtalk_add_data -client sdk -key CrossTriggCount -value "0" -context "sdk\\\\bsp/1520318611860"
# webtalk_add_data -client sdk -key QemuDebugCount -value "0" -context "sdk\\\\bsp/1520318611860"
# webtalk_transmit -clientid 1891599048 -regid "" -xml F:\\ax7015\\demo\\ps_axi_key\\ps_axi_key.sdk\\webtalk\\usage_statistics_ext_sdk.xml -html F:\\ax7015\\demo\\ps_axi_key\\ps_axi_key.sdk\\webtalk\\usage_statistics_ext_sdk.html -wdm F:\\ax7015\\demo\\ps_axi_key\\ps_axi_key.sdk\\webtalk\\sdk_webtalk.wdm -intro "<H3>SDK Usage Report</H3><BR>"
# webtalk_terminate
INFO: [Common 17-206] Exiting Webtalk at Tue Mar  6 14:43:34 2018...
