17:01:16 INFO  : Registering command handlers for SDK TCF services
17:01:16 INFO  : Launching XSCT server: xsct.bat -interactive F:\ax7350\demo\ps_axi_led\ps_axi_led.sdk\temp_xsdb_launch_script.tcl
17:01:19 INFO  : XSCT server has started successfully.
17:01:19 INFO  : Successfully done setting XSCT server connection channel  
17:01:22 INFO  : Successfully done setting SDK workspace  
17:01:22 INFO  : Processing command line option -hwspec F:/ax7350/demo/ps_axi_led/ps_axi_led.sdk/design_1_wrapper.hdf.
17:14:50 INFO  : SDK has detected change in the last modified timestamps for source hardware specification file Source:1515661901494,  Project:1515659587237
17:14:50 INFO  : Project design_1_wrapper_hw_platform_0's source hardware specification located at F:/ax7350/demo/ps_axi_led/ps_axi_led.sdk/design_1_wrapper.hdf is now different from the local copy.
		 The local copy will be replaced with the source specification and your workspace will be updated.
17:14:53 INFO  : Copied contents of F:/ax7350/demo/ps_axi_led/ps_axi_led.sdk/design_1_wrapper.hdf into \design_1_wrapper_hw_platform_0\system.hdf.
17:14:55 INFO  : Synchronizing projects in the workspace with the hardware platform specification changes.
17:14:55 INFO  : Clearing existing target manager status.
17:14:58 INFO  : Workspace synchronized with the new hardware specification file. Cleaning dependent projects...
17:14:58 WARN  : Linker script will not be updated automatically. Users need to update it manually.
17:22:32 INFO  : SDK has detected change in the last modified timestamps for source hardware specification file Source:1515662493176,  Project:1515661901494
17:22:32 INFO  : Project design_1_wrapper_hw_platform_0's source hardware specification located at F:/ax7350/demo/ps_axi_led/ps_axi_led.sdk/design_1_wrapper.hdf is now different from the local copy.
		 The local copy will be replaced with the source specification and your workspace will be updated.
17:22:35 INFO  : Copied contents of F:/ax7350/demo/ps_axi_led/ps_axi_led.sdk/design_1_wrapper.hdf into \design_1_wrapper_hw_platform_0\system.hdf.
17:22:37 INFO  : Synchronizing projects in the workspace with the hardware platform specification changes.
17:22:37 INFO  : Clearing existing target manager status.
17:22:37 INFO  : Workspace synchronized with the new hardware specification file. Cleaning dependent projects...
17:22:37 WARN  : Linker script will not be updated automatically. Users need to update it manually.
17:45:58 INFO  : Example project axi_led_bsp_xgpio_example_1 has been created successfully.
17:47:08 INFO  : 'targets -set -filter {jtag_cable_name =~ "Digilent JTAG-HS1 210512180081" && level==0} -index 1' command is executed.
17:47:08 INFO  : 'fpga -state' command is executed.
17:47:09 INFO  : Connected to target on host '127.0.0.1' and port '3121'.
17:47:09 INFO  : Jtag cable 'Digilent JTAG-HS1 210512180081' is selected.
17:47:09 INFO  : 'jtag frequency' command is executed.
17:47:09 INFO  : Sourcing of 'F:/ax7350/demo/ps_axi_led/ps_axi_led.sdk/design_1_wrapper_hw_platform_0/ps7_init.tcl' is done.
17:47:09 INFO  : Context for 'APU' is selected.
17:47:09 INFO  : Hardware design information is loaded from 'F:/ax7350/demo/ps_axi_led/ps_axi_led.sdk/design_1_wrapper_hw_platform_0/system.hdf'.
17:47:09 INFO  : 'configparams force-mem-access 1' command is executed.
17:47:09 INFO  : Context for 'APU' is selected.
17:47:09 INFO  : 'stop' command is executed.
17:47:10 INFO  : 'ps7_init' command is executed.
17:47:10 INFO  : 'ps7_post_config' command is executed.
17:47:10 INFO  : Context for processor 'ps7_cortexa9_0' is selected.
17:47:10 INFO  : Processor reset is completed for 'ps7_cortexa9_0'.
17:47:10 INFO  : Context for processor 'ps7_cortexa9_0' is selected.
17:47:10 INFO  : The application 'F:/ax7350/demo/ps_axi_led/ps_axi_led.sdk/axi_led_bsp_xgpio_example_1/Debug/axi_led_bsp_xgpio_example_1.elf' is downloaded to processor 'ps7_cortexa9_0'.
17:47:10 INFO  : 'configparams force-mem-access 0' command is executed.
17:47:10 INFO  : ----------------XSDB Script----------------
connect -url tcp:127.0.0.1:3121
source F:/ax7350/demo/ps_axi_led/ps_axi_led.sdk/design_1_wrapper_hw_platform_0/ps7_init.tcl
targets -set -nocase -filter {name =~"APU*" && jtag_cable_name =~ "Digilent JTAG-HS1 210512180081"} -index 0
loadhw -hw F:/ax7350/demo/ps_axi_led/ps_axi_led.sdk/design_1_wrapper_hw_platform_0/system.hdf -mem-ranges [list {0x40000000 0xbfffffff}]
configparams force-mem-access 1
targets -set -nocase -filter {name =~"APU*" && jtag_cable_name =~ "Digilent JTAG-HS1 210512180081"} -index 0
stop
ps7_init
ps7_post_config
targets -set -nocase -filter {name =~ "ARM*#0" && jtag_cable_name =~ "Digilent JTAG-HS1 210512180081"} -index 0
rst -processor
targets -set -nocase -filter {name =~ "ARM*#0" && jtag_cable_name =~ "Digilent JTAG-HS1 210512180081"} -index 0
dow F:/ax7350/demo/ps_axi_led/ps_axi_led.sdk/axi_led_bsp_xgpio_example_1/Debug/axi_led_bsp_xgpio_example_1.elf
configparams force-mem-access 0
----------------End of Script----------------

17:47:10 INFO  : Memory regions updated for context APU
17:47:10 INFO  : Context for processor 'ps7_cortexa9_0' is selected.
17:47:10 INFO  : 'con' command is executed.
17:47:10 INFO  : ----------------XSDB Script (After Launch)----------------
targets -set -nocase -filter {name =~ "ARM*#0" && jtag_cable_name =~ "Digilent JTAG-HS1 210512180081"} -index 0
con
----------------End of Script----------------

17:47:10 INFO  : Launch script is exported to file 'F:\ax7350\demo\ps_axi_led\ps_axi_led.sdk\.sdk\launch_scripts\xilinx_c-c++_application_(system_debugger)\system_debugger_using_debug_axi_led_bsp_xgpio_example_1.elf_on_local.tcl'
17:47:31 INFO  : Disconnected from the channel tcfchan#1.
17:47:32 INFO  : Connected to target on host '127.0.0.1' and port '3121'.
17:47:32 INFO  : Jtag cable 'Digilent JTAG-HS1 210512180081' is selected.
17:47:32 INFO  : 'jtag frequency' command is executed.
17:47:32 INFO  : Sourcing of 'F:/ax7350/demo/ps_axi_led/ps_axi_led.sdk/design_1_wrapper_hw_platform_0/ps7_init.tcl' is done.
17:47:32 INFO  : Context for 'APU' is selected.
17:47:32 INFO  : System reset is completed.
17:47:35 INFO  : 'after 3000' command is executed.
17:47:35 INFO  : 'targets -set -filter {jtag_cable_name =~ "Digilent JTAG-HS1 210512180081" && level==0} -index 1' command is executed.
17:47:47 INFO  : FPGA configured successfully with bitstream "F:/ax7350/demo/ps_axi_led/ps_axi_led.sdk/design_1_wrapper_hw_platform_0/design_1_wrapper.bit"
17:47:47 INFO  : Context for 'APU' is selected.
17:47:47 INFO  : Hardware design information is loaded from 'F:/ax7350/demo/ps_axi_led/ps_axi_led.sdk/design_1_wrapper_hw_platform_0/system.hdf'.
17:47:47 INFO  : 'configparams force-mem-access 1' command is executed.
17:47:47 INFO  : Context for 'APU' is selected.
17:47:47 INFO  : 'ps7_init' command is executed.
17:47:47 INFO  : 'ps7_post_config' command is executed.
17:47:47 INFO  : Context for processor 'ps7_cortexa9_0' is selected.
17:47:47 INFO  : The application 'F:/ax7350/demo/ps_axi_led/ps_axi_led.sdk/axi_led_bsp_xgpio_example_1/Debug/axi_led_bsp_xgpio_example_1.elf' is downloaded to processor 'ps7_cortexa9_0'.
17:47:47 INFO  : 'configparams force-mem-access 0' command is executed.
17:47:47 INFO  : ----------------XSDB Script----------------
connect -url tcp:127.0.0.1:3121
source F:/ax7350/demo/ps_axi_led/ps_axi_led.sdk/design_1_wrapper_hw_platform_0/ps7_init.tcl
targets -set -nocase -filter {name =~"APU*" && jtag_cable_name =~ "Digilent JTAG-HS1 210512180081"} -index 0
rst -system
after 3000
targets -set -filter {jtag_cable_name =~ "Digilent JTAG-HS1 210512180081" && level==0} -index 1
fpga -file F:/ax7350/demo/ps_axi_led/ps_axi_led.sdk/design_1_wrapper_hw_platform_0/design_1_wrapper.bit
targets -set -nocase -filter {name =~"APU*" && jtag_cable_name =~ "Digilent JTAG-HS1 210512180081"} -index 0
loadhw -hw F:/ax7350/demo/ps_axi_led/ps_axi_led.sdk/design_1_wrapper_hw_platform_0/system.hdf -mem-ranges [list {0x40000000 0xbfffffff}]
configparams force-mem-access 1
targets -set -nocase -filter {name =~"APU*" && jtag_cable_name =~ "Digilent JTAG-HS1 210512180081"} -index 0
ps7_init
ps7_post_config
targets -set -nocase -filter {name =~ "ARM*#0" && jtag_cable_name =~ "Digilent JTAG-HS1 210512180081"} -index 0
dow F:/ax7350/demo/ps_axi_led/ps_axi_led.sdk/axi_led_bsp_xgpio_example_1/Debug/axi_led_bsp_xgpio_example_1.elf
configparams force-mem-access 0
----------------End of Script----------------

17:47:47 INFO  : Memory regions updated for context APU
17:47:48 INFO  : Context for processor 'ps7_cortexa9_0' is selected.
17:47:48 INFO  : 'con' command is executed.
17:47:48 INFO  : ----------------XSDB Script (After Launch)----------------
targets -set -nocase -filter {name =~ "ARM*#0" && jtag_cable_name =~ "Digilent JTAG-HS1 210512180081"} -index 0
con
----------------End of Script----------------

17:47:48 INFO  : Launch script is exported to file 'F:\ax7350\demo\ps_axi_led\ps_axi_led.sdk\.sdk\launch_scripts\xilinx_c-c++_application_(system_debugger)\system_debugger_using_debug_axi_led_bsp_xgpio_example_1.elf_on_local.tcl'
17:56:13 INFO  : Disconnected from the channel tcfchan#2.
17:56:14 INFO  : 'targets -set -filter {jtag_cable_name =~ "Digilent JTAG-HS1 210512180081" && level==0} -index 1' command is executed.
17:56:14 INFO  : 'fpga -state' command is executed.
17:56:14 INFO  : Connected to target on host '127.0.0.1' and port '3121'.
17:56:14 INFO  : Jtag cable 'Digilent JTAG-HS1 210512180081' is selected.
17:56:14 INFO  : 'jtag frequency' command is executed.
17:56:14 INFO  : Sourcing of 'F:/ax7350/demo/ps_axi_led/ps_axi_led.sdk/design_1_wrapper_hw_platform_0/ps7_init.tcl' is done.
17:56:14 INFO  : Context for 'APU' is selected.
17:56:14 INFO  : Hardware design information is loaded from 'F:/ax7350/demo/ps_axi_led/ps_axi_led.sdk/design_1_wrapper_hw_platform_0/system.hdf'.
17:56:14 INFO  : 'configparams force-mem-access 1' command is executed.
17:56:14 INFO  : Context for 'APU' is selected.
17:56:14 INFO  : 'stop' command is executed.
17:56:14 INFO  : 'ps7_init' command is executed.
17:56:14 INFO  : 'ps7_post_config' command is executed.
17:56:14 INFO  : Context for processor 'ps7_cortexa9_0' is selected.
17:56:14 INFO  : Processor reset is completed for 'ps7_cortexa9_0'.
17:56:15 INFO  : Context for processor 'ps7_cortexa9_0' is selected.
17:56:15 INFO  : The application 'F:/ax7350/demo/ps_axi_led/ps_axi_led.sdk/axi_led_bsp_xgpio_example_1/Debug/axi_led_bsp_xgpio_example_1.elf' is downloaded to processor 'ps7_cortexa9_0'.
17:56:15 INFO  : 'configparams force-mem-access 0' command is executed.
17:56:15 INFO  : ----------------XSDB Script----------------
connect -url tcp:127.0.0.1:3121
source F:/ax7350/demo/ps_axi_led/ps_axi_led.sdk/design_1_wrapper_hw_platform_0/ps7_init.tcl
targets -set -nocase -filter {name =~"APU*" && jtag_cable_name =~ "Digilent JTAG-HS1 210512180081"} -index 0
loadhw -hw F:/ax7350/demo/ps_axi_led/ps_axi_led.sdk/design_1_wrapper_hw_platform_0/system.hdf -mem-ranges [list {0x40000000 0xbfffffff}]
configparams force-mem-access 1
targets -set -nocase -filter {name =~"APU*" && jtag_cable_name =~ "Digilent JTAG-HS1 210512180081"} -index 0
stop
ps7_init
ps7_post_config
targets -set -nocase -filter {name =~ "ARM*#0" && jtag_cable_name =~ "Digilent JTAG-HS1 210512180081"} -index 0
rst -processor
targets -set -nocase -filter {name =~ "ARM*#0" && jtag_cable_name =~ "Digilent JTAG-HS1 210512180081"} -index 0
dow F:/ax7350/demo/ps_axi_led/ps_axi_led.sdk/axi_led_bsp_xgpio_example_1/Debug/axi_led_bsp_xgpio_example_1.elf
configparams force-mem-access 0
----------------End of Script----------------

17:56:15 INFO  : Memory regions updated for context APU
17:56:15 INFO  : Context for processor 'ps7_cortexa9_0' is selected.
17:56:15 INFO  : 'con' command is executed.
17:56:15 INFO  : ----------------XSDB Script (After Launch)----------------
targets -set -nocase -filter {name =~ "ARM*#0" && jtag_cable_name =~ "Digilent JTAG-HS1 210512180081"} -index 0
con
----------------End of Script----------------

17:56:15 INFO  : Launch script is exported to file 'F:\ax7350\demo\ps_axi_led\ps_axi_led.sdk\.sdk\launch_scripts\xilinx_c-c++_application_(system_debugger)\system_debugger_using_debug_axi_led_bsp_xgpio_example_1.elf_on_local.tcl'
18:00:33 INFO  : Disconnected from the channel tcfchan#3.
18:00:34 INFO  : Connected to target on host '127.0.0.1' and port '3121'.
18:00:34 INFO  : Jtag cable 'Digilent JTAG-HS1 210512180081' is selected.
18:00:34 INFO  : 'jtag frequency' command is executed.
18:00:34 INFO  : Sourcing of 'F:/ax7350/demo/ps_axi_led/ps_axi_led.sdk/design_1_wrapper_hw_platform_0/ps7_init.tcl' is done.
18:00:34 INFO  : Context for 'APU' is selected.
18:00:34 INFO  : System reset is completed.
18:00:37 INFO  : 'after 3000' command is executed.
18:00:37 INFO  : 'targets -set -filter {jtag_cable_name =~ "Digilent JTAG-HS1 210512180081" && level==0} -index 1' command is executed.
18:00:49 INFO  : FPGA configured successfully with bitstream "F:/ax7350/demo/ps_axi_led/ps_axi_led.sdk/design_1_wrapper_hw_platform_0/design_1_wrapper.bit"
18:00:49 INFO  : Context for 'APU' is selected.
18:00:49 INFO  : Hardware design information is loaded from 'F:/ax7350/demo/ps_axi_led/ps_axi_led.sdk/design_1_wrapper_hw_platform_0/system.hdf'.
18:00:49 INFO  : 'configparams force-mem-access 1' command is executed.
18:00:49 INFO  : Context for 'APU' is selected.
18:00:49 INFO  : 'ps7_init' command is executed.
18:00:49 INFO  : 'ps7_post_config' command is executed.
18:00:49 INFO  : Context for processor 'ps7_cortexa9_0' is selected.
18:00:49 INFO  : The application 'F:/ax7350/demo/ps_axi_led/ps_axi_led.sdk/axi_led_bsp_xgpio_example_1/Debug/axi_led_bsp_xgpio_example_1.elf' is downloaded to processor 'ps7_cortexa9_0'.
18:00:49 INFO  : 'configparams force-mem-access 0' command is executed.
18:00:49 INFO  : ----------------XSDB Script----------------
connect -url tcp:127.0.0.1:3121
source F:/ax7350/demo/ps_axi_led/ps_axi_led.sdk/design_1_wrapper_hw_platform_0/ps7_init.tcl
targets -set -nocase -filter {name =~"APU*" && jtag_cable_name =~ "Digilent JTAG-HS1 210512180081"} -index 0
rst -system
after 3000
targets -set -filter {jtag_cable_name =~ "Digilent JTAG-HS1 210512180081" && level==0} -index 1
fpga -file F:/ax7350/demo/ps_axi_led/ps_axi_led.sdk/design_1_wrapper_hw_platform_0/design_1_wrapper.bit
targets -set -nocase -filter {name =~"APU*" && jtag_cable_name =~ "Digilent JTAG-HS1 210512180081"} -index 0
loadhw -hw F:/ax7350/demo/ps_axi_led/ps_axi_led.sdk/design_1_wrapper_hw_platform_0/system.hdf -mem-ranges [list {0x40000000 0xbfffffff}]
configparams force-mem-access 1
targets -set -nocase -filter {name =~"APU*" && jtag_cable_name =~ "Digilent JTAG-HS1 210512180081"} -index 0
ps7_init
ps7_post_config
targets -set -nocase -filter {name =~ "ARM*#0" && jtag_cable_name =~ "Digilent JTAG-HS1 210512180081"} -index 0
dow F:/ax7350/demo/ps_axi_led/ps_axi_led.sdk/axi_led_bsp_xgpio_example_1/Debug/axi_led_bsp_xgpio_example_1.elf
configparams force-mem-access 0
----------------End of Script----------------

18:00:49 INFO  : Memory regions updated for context APU
18:00:49 INFO  : Context for processor 'ps7_cortexa9_0' is selected.
18:00:49 INFO  : 'con' command is executed.
18:00:49 INFO  : ----------------XSDB Script (After Launch)----------------
targets -set -nocase -filter {name =~ "ARM*#0" && jtag_cable_name =~ "Digilent JTAG-HS1 210512180081"} -index 0
con
----------------End of Script----------------

18:00:49 INFO  : Launch script is exported to file 'F:\ax7350\demo\ps_axi_led\ps_axi_led.sdk\.sdk\launch_scripts\xilinx_c-c++_application_(system_debugger)\system_debugger_using_debug_axi_led_bsp_xgpio_example_1.elf_on_local.tcl'
18:01:42 INFO  : Disconnected from the channel tcfchan#4.
18:01:43 INFO  : Connected to target on host '127.0.0.1' and port '3121'.
18:01:44 INFO  : Jtag cable 'Digilent JTAG-HS1 210512180081' is selected.
18:01:44 INFO  : 'jtag frequency' command is executed.
18:01:44 INFO  : Sourcing of 'F:/ax7350/demo/ps_axi_led/ps_axi_led.sdk/design_1_wrapper_hw_platform_0/ps7_init.tcl' is done.
18:01:44 INFO  : Context for 'APU' is selected.
18:01:44 INFO  : System reset is completed.
18:01:47 INFO  : 'after 3000' command is executed.
18:01:47 INFO  : 'targets -set -filter {jtag_cable_name =~ "Digilent JTAG-HS1 210512180081" && level==0} -index 1' command is executed.
18:01:59 INFO  : FPGA configured successfully with bitstream "F:/ax7350/demo/ps_axi_led/ps_axi_led.sdk/design_1_wrapper_hw_platform_0/design_1_wrapper.bit"
18:01:59 INFO  : Context for 'APU' is selected.
18:01:59 INFO  : Hardware design information is loaded from 'F:/ax7350/demo/ps_axi_led/ps_axi_led.sdk/design_1_wrapper_hw_platform_0/system.hdf'.
18:01:59 INFO  : 'configparams force-mem-access 1' command is executed.
18:01:59 INFO  : Context for 'APU' is selected.
18:01:59 INFO  : 'ps7_init' command is executed.
18:01:59 INFO  : 'ps7_post_config' command is executed.
18:01:59 INFO  : Context for processor 'ps7_cortexa9_0' is selected.
18:01:59 INFO  : The application 'F:/ax7350/demo/ps_axi_led/ps_axi_led.sdk/axi_led_bsp_xgpio_example_1/Debug/axi_led_bsp_xgpio_example_1.elf' is downloaded to processor 'ps7_cortexa9_0'.
18:01:59 INFO  : 'configparams force-mem-access 0' command is executed.
18:01:59 INFO  : ----------------XSDB Script----------------
connect -url tcp:127.0.0.1:3121
source F:/ax7350/demo/ps_axi_led/ps_axi_led.sdk/design_1_wrapper_hw_platform_0/ps7_init.tcl
targets -set -nocase -filter {name =~"APU*" && jtag_cable_name =~ "Digilent JTAG-HS1 210512180081"} -index 0
rst -system
after 3000
targets -set -filter {jtag_cable_name =~ "Digilent JTAG-HS1 210512180081" && level==0} -index 1
fpga -file F:/ax7350/demo/ps_axi_led/ps_axi_led.sdk/design_1_wrapper_hw_platform_0/design_1_wrapper.bit
targets -set -nocase -filter {name =~"APU*" && jtag_cable_name =~ "Digilent JTAG-HS1 210512180081"} -index 0
loadhw -hw F:/ax7350/demo/ps_axi_led/ps_axi_led.sdk/design_1_wrapper_hw_platform_0/system.hdf -mem-ranges [list {0x40000000 0xbfffffff}]
configparams force-mem-access 1
targets -set -nocase -filter {name =~"APU*" && jtag_cable_name =~ "Digilent JTAG-HS1 210512180081"} -index 0
ps7_init
ps7_post_config
targets -set -nocase -filter {name =~ "ARM*#0" && jtag_cable_name =~ "Digilent JTAG-HS1 210512180081"} -index 0
dow F:/ax7350/demo/ps_axi_led/ps_axi_led.sdk/axi_led_bsp_xgpio_example_1/Debug/axi_led_bsp_xgpio_example_1.elf
configparams force-mem-access 0
----------------End of Script----------------

18:01:59 INFO  : Memory regions updated for context APU
18:01:59 INFO  : Context for processor 'ps7_cortexa9_0' is selected.
18:01:59 INFO  : 'con' command is executed.
18:01:59 INFO  : ----------------XSDB Script (After Launch)----------------
targets -set -nocase -filter {name =~ "ARM*#0" && jtag_cable_name =~ "Digilent JTAG-HS1 210512180081"} -index 0
con
----------------End of Script----------------

18:01:59 INFO  : Launch script is exported to file 'F:\ax7350\demo\ps_axi_led\ps_axi_led.sdk\.sdk\launch_scripts\xilinx_c-c++_application_(system_debugger)\system_debugger_using_debug_axi_led_bsp_xgpio_example_1.elf_on_local.tcl'
18:18:56 INFO  : Disconnected from the channel tcfchan#5.
18:18:57 ERROR : Unexpected error while parsing XMD response ?: com.google.gson.JsonSyntaxException: com.google.gson.stream.MalformedJsonException: invalid number or unquoted string near 
16:55:20 INFO  : Registering command handlers for SDK TCF services
16:55:21 INFO  : Launching XSCT server: xsct.bat -interactive F:\ax7015\demo\ps_axi_led\ps_axi_led.sdk\temp_xsdb_launch_script.tcl
16:55:23 INFO  : XSCT server has started successfully.
16:55:24 INFO  : Successfully done setting XSCT server connection channel  
16:55:24 INFO  : Successfully done setting SDK workspace  
16:55:41 INFO  : Copied contents of F:/ax7015/demo/ps_axi_led/ps_axi_led.sdk/design_1_wrapper.hdf into \design_1_wrapper_hw_platform_0\system.hdf.
16:55:43 INFO  : Synchronizing projects in the workspace with the hardware platform specification changes.
16:55:46 INFO  : 
16:55:47 INFO  : Updating hardware inferred compiler options for axi_led.
16:55:47 INFO  : Updating hardware inferred compiler options for axi_led_bsp_xgpio_example_1.
16:55:47 INFO  : Clearing existing target manager status.
16:55:47 WARN  : Given IPC port value is invalid. Using default port 2350
16:55:47 WARN  : Given XMD timeout value is invalid. Using default value of 50000
16:55:48 WARN  : Given XMD transaction timeout value is invalid. Using default value of 60000 milli seconds
17:12:22 ERROR : Unexpected error while parsing XMD response ?: com.google.gson.JsonSyntaxException: com.google.gson.stream.MalformedJsonException: invalid number or unquoted string near 
19:33:27 INFO  : Registering command handlers for SDK TCF services
19:33:27 INFO  : Launching XSCT server: xsct.bat -interactive F:\ax7015\demo\ps_axi_led\ps_axi_led.sdk\temp_xsdb_launch_script.tcl
19:33:29 INFO  : XSCT server has started successfully.
19:33:29 INFO  : Successfully done setting XSCT server connection channel  
19:33:30 INFO  : Successfully done setting SDK workspace  
19:33:30 INFO  : Processing command line option -hwspec F:/ax7015/demo/ps_axi_led/ps_axi_led.sdk/design_1_wrapper.hdf.
19:33:30 INFO  : Checking for hwspec changes in the project design_1_wrapper_hw_platform_0.
19:34:33 INFO  : 'targets -set -filter {jtag_cable_name =~ "Digilent JTAG-HS1 210249854706" && level==0} -index 1' command is executed.
19:34:33 INFO  : 'fpga -state' command is executed.
19:34:35 INFO  : Connected to target on host '127.0.0.1' and port '3121'.
19:34:35 INFO  : Jtag cable 'Digilent JTAG-HS1 210249854706' is selected.
19:34:35 INFO  : 'jtag frequency' command is executed.
19:34:35 INFO  : Sourcing of 'F:/ax7015/demo/ps_axi_led/ps_axi_led.sdk/design_1_wrapper_hw_platform_0/ps7_init.tcl' is done.
19:34:35 INFO  : Context for 'APU' is selected.
19:34:35 INFO  : Hardware design information is loaded from 'F:/ax7015/demo/ps_axi_led/ps_axi_led.sdk/design_1_wrapper_hw_platform_0/system.hdf'.
19:34:35 INFO  : 'configparams force-mem-access 1' command is executed.
19:34:35 INFO  : Context for 'APU' is selected.
19:34:35 INFO  : 'stop' command is executed.
19:34:36 INFO  : 'ps7_init' command is executed.
19:34:36 INFO  : 'ps7_post_config' command is executed.
19:34:36 INFO  : Context for processor 'ps7_cortexa9_0' is selected.
19:34:36 INFO  : Processor reset is completed for 'ps7_cortexa9_0'.
19:34:36 INFO  : Context for processor 'ps7_cortexa9_0' is selected.
19:34:36 INFO  : The application 'F:/ax7015/demo/ps_axi_led/ps_axi_led.sdk/axi_led/Debug/axi_led.elf' is downloaded to processor 'ps7_cortexa9_0'.
19:34:36 INFO  : 'configparams force-mem-access 0' command is executed.
19:34:36 INFO  : ----------------XSDB Script----------------
connect -url tcp:127.0.0.1:3121
source F:/ax7015/demo/ps_axi_led/ps_axi_led.sdk/design_1_wrapper_hw_platform_0/ps7_init.tcl
targets -set -nocase -filter {name =~"APU*" && jtag_cable_name =~ "Digilent JTAG-HS1 210249854706"} -index 0
loadhw -hw F:/ax7015/demo/ps_axi_led/ps_axi_led.sdk/design_1_wrapper_hw_platform_0/system.hdf -mem-ranges [list {0x40000000 0xbfffffff}]
configparams force-mem-access 1
targets -set -nocase -filter {name =~"APU*" && jtag_cable_name =~ "Digilent JTAG-HS1 210249854706"} -index 0
stop
ps7_init
ps7_post_config
targets -set -nocase -filter {name =~ "ARM*#0" && jtag_cable_name =~ "Digilent JTAG-HS1 210249854706"} -index 0
rst -processor
targets -set -nocase -filter {name =~ "ARM*#0" && jtag_cable_name =~ "Digilent JTAG-HS1 210249854706"} -index 0
dow F:/ax7015/demo/ps_axi_led/ps_axi_led.sdk/axi_led/Debug/axi_led.elf
configparams force-mem-access 0
----------------End of Script----------------

19:34:36 INFO  : Memory regions updated for context APU
19:34:36 INFO  : Context for processor 'ps7_cortexa9_0' is selected.
19:34:36 INFO  : 'con' command is executed.
19:34:36 INFO  : ----------------XSDB Script (After Launch)----------------
targets -set -nocase -filter {name =~ "ARM*#0" && jtag_cable_name =~ "Digilent JTAG-HS1 210249854706"} -index 0
con
----------------End of Script----------------

19:34:36 INFO  : Launch script is exported to file 'F:\ax7015\demo\ps_axi_led\ps_axi_led.sdk\.sdk\launch_scripts\xilinx_c-c++_application_(system_debugger)\system_debugger_using_debug_axi_led.elf_on_local.tcl'
19:34:52 INFO  : Disconnected from the channel tcfchan#1.
19:34:53 INFO  : Connected to target on host '127.0.0.1' and port '3121'.
19:34:53 INFO  : Jtag cable 'Digilent JTAG-HS1 210249854706' is selected.
19:34:53 INFO  : 'jtag frequency' command is executed.
19:34:53 INFO  : Sourcing of 'F:/ax7015/demo/ps_axi_led/ps_axi_led.sdk/design_1_wrapper_hw_platform_0/ps7_init.tcl' is done.
19:34:53 INFO  : Context for 'APU' is selected.
19:34:54 INFO  : System reset is completed.
19:34:57 INFO  : 'after 3000' command is executed.
19:34:57 INFO  : 'targets -set -filter {jtag_cable_name =~ "Digilent JTAG-HS1 210249854706" && level==0} -index 1' command is executed.
19:35:00 INFO  : FPGA configured successfully with bitstream "F:/ax7015/demo/ps_axi_led/ps_axi_led.sdk/design_1_wrapper_hw_platform_0/design_1_wrapper.bit"
19:35:00 INFO  : Context for 'APU' is selected.
19:35:01 INFO  : Hardware design information is loaded from 'F:/ax7015/demo/ps_axi_led/ps_axi_led.sdk/design_1_wrapper_hw_platform_0/system.hdf'.
19:35:01 INFO  : 'configparams force-mem-access 1' command is executed.
19:35:01 INFO  : Context for 'APU' is selected.
19:35:01 INFO  : 'ps7_init' command is executed.
19:35:01 INFO  : 'ps7_post_config' command is executed.
19:35:01 INFO  : Context for processor 'ps7_cortexa9_0' is selected.
19:35:01 INFO  : The application 'F:/ax7015/demo/ps_axi_led/ps_axi_led.sdk/axi_led/Debug/axi_led.elf' is downloaded to processor 'ps7_cortexa9_0'.
19:35:01 INFO  : 'configparams force-mem-access 0' command is executed.
19:35:01 INFO  : ----------------XSDB Script----------------
connect -url tcp:127.0.0.1:3121
source F:/ax7015/demo/ps_axi_led/ps_axi_led.sdk/design_1_wrapper_hw_platform_0/ps7_init.tcl
targets -set -nocase -filter {name =~"APU*" && jtag_cable_name =~ "Digilent JTAG-HS1 210249854706"} -index 0
rst -system
after 3000
targets -set -filter {jtag_cable_name =~ "Digilent JTAG-HS1 210249854706" && level==0} -index 1
fpga -file F:/ax7015/demo/ps_axi_led/ps_axi_led.sdk/design_1_wrapper_hw_platform_0/design_1_wrapper.bit
targets -set -nocase -filter {name =~"APU*" && jtag_cable_name =~ "Digilent JTAG-HS1 210249854706"} -index 0
loadhw -hw F:/ax7015/demo/ps_axi_led/ps_axi_led.sdk/design_1_wrapper_hw_platform_0/system.hdf -mem-ranges [list {0x40000000 0xbfffffff}]
configparams force-mem-access 1
targets -set -nocase -filter {name =~"APU*" && jtag_cable_name =~ "Digilent JTAG-HS1 210249854706"} -index 0
ps7_init
ps7_post_config
targets -set -nocase -filter {name =~ "ARM*#0" && jtag_cable_name =~ "Digilent JTAG-HS1 210249854706"} -index 0
dow F:/ax7015/demo/ps_axi_led/ps_axi_led.sdk/axi_led/Debug/axi_led.elf
configparams force-mem-access 0
----------------End of Script----------------

19:35:01 INFO  : Memory regions updated for context APU
19:35:01 INFO  : Context for processor 'ps7_cortexa9_0' is selected.
19:35:01 INFO  : 'con' command is executed.
19:35:01 INFO  : ----------------XSDB Script (After Launch)----------------
targets -set -nocase -filter {name =~ "ARM*#0" && jtag_cable_name =~ "Digilent JTAG-HS1 210249854706"} -index 0
con
----------------End of Script----------------

19:35:01 INFO  : Launch script is exported to file 'F:\ax7015\demo\ps_axi_led\ps_axi_led.sdk\.sdk\launch_scripts\xilinx_c-c++_application_(system_debugger)\system_debugger_using_debug_axi_led.elf_on_local.tcl'
19:35:27 INFO  : Disconnected from the channel tcfchan#2.
19:35:28 INFO  : Connected to target on host '127.0.0.1' and port '3121'.
19:35:28 INFO  : Jtag cable 'Digilent JTAG-HS1 210249854706' is selected.
19:35:28 INFO  : 'jtag frequency' command is executed.
19:35:28 INFO  : Sourcing of 'F:/ax7015/demo/ps_axi_led/ps_axi_led.sdk/design_1_wrapper_hw_platform_0/ps7_init.tcl' is done.
19:35:28 INFO  : Context for 'APU' is selected.
19:35:28 INFO  : System reset is completed.
19:35:31 INFO  : 'after 3000' command is executed.
19:35:31 INFO  : 'targets -set -filter {jtag_cable_name =~ "Digilent JTAG-HS1 210249854706" && level==0} -index 1' command is executed.
19:35:34 INFO  : FPGA configured successfully with bitstream "F:/ax7015/demo/ps_axi_led/ps_axi_led.sdk/design_1_wrapper_hw_platform_0/design_1_wrapper.bit"
19:35:35 INFO  : Context for 'APU' is selected.
19:35:35 INFO  : Hardware design information is loaded from 'F:/ax7015/demo/ps_axi_led/ps_axi_led.sdk/design_1_wrapper_hw_platform_0/system.hdf'.
19:35:35 INFO  : 'configparams force-mem-access 1' command is executed.
19:35:36 INFO  : Context for 'APU' is selected.
19:35:36 INFO  : 'ps7_init' command is executed.
19:35:36 INFO  : 'ps7_post_config' command is executed.
19:35:36 INFO  : Context for processor 'ps7_cortexa9_0' is selected.
19:35:36 INFO  : The application 'F:/ax7015/demo/ps_axi_led/ps_axi_led.sdk/axi_led/Debug/axi_led.elf' is downloaded to processor 'ps7_cortexa9_0'.
19:35:36 INFO  : 'configparams force-mem-access 0' command is executed.
19:35:36 INFO  : ----------------XSDB Script----------------
connect -url tcp:127.0.0.1:3121
source F:/ax7015/demo/ps_axi_led/ps_axi_led.sdk/design_1_wrapper_hw_platform_0/ps7_init.tcl
targets -set -nocase -filter {name =~"APU*" && jtag_cable_name =~ "Digilent JTAG-HS1 210249854706"} -index 0
rst -system
after 3000
targets -set -filter {jtag_cable_name =~ "Digilent JTAG-HS1 210249854706" && level==0} -index 1
fpga -file F:/ax7015/demo/ps_axi_led/ps_axi_led.sdk/design_1_wrapper_hw_platform_0/design_1_wrapper.bit
targets -set -nocase -filter {name =~"APU*" && jtag_cable_name =~ "Digilent JTAG-HS1 210249854706"} -index 0
loadhw -hw F:/ax7015/demo/ps_axi_led/ps_axi_led.sdk/design_1_wrapper_hw_platform_0/system.hdf -mem-ranges [list {0x40000000 0xbfffffff}]
configparams force-mem-access 1
targets -set -nocase -filter {name =~"APU*" && jtag_cable_name =~ "Digilent JTAG-HS1 210249854706"} -index 0
ps7_init
ps7_post_config
targets -set -nocase -filter {name =~ "ARM*#0" && jtag_cable_name =~ "Digilent JTAG-HS1 210249854706"} -index 0
dow F:/ax7015/demo/ps_axi_led/ps_axi_led.sdk/axi_led/Debug/axi_led.elf
configparams force-mem-access 0
----------------End of Script----------------

19:35:36 INFO  : Memory regions updated for context APU
19:35:36 INFO  : Context for processor 'ps7_cortexa9_0' is selected.
19:35:36 INFO  : 'con' command is executed.
19:35:36 INFO  : ----------------XSDB Script (After Launch)----------------
targets -set -nocase -filter {name =~ "ARM*#0" && jtag_cable_name =~ "Digilent JTAG-HS1 210249854706"} -index 0
con
----------------End of Script----------------

19:35:36 INFO  : Launch script is exported to file 'F:\ax7015\demo\ps_axi_led\ps_axi_led.sdk\.sdk\launch_scripts\xilinx_c-c++_application_(system_debugger)\system_debugger_using_debug_axi_led.elf_on_local.tcl'
19:36:07 INFO  : Disconnected from the channel tcfchan#3.
19:36:08 INFO  : Connected to target on host '127.0.0.1' and port '3121'.
19:36:08 INFO  : Jtag cable 'Digilent JTAG-HS1 210249854706' is selected.
19:36:08 INFO  : 'jtag frequency' command is executed.
19:36:08 INFO  : Sourcing of 'F:/ax7015/demo/ps_axi_led/ps_axi_led.sdk/design_1_wrapper_hw_platform_0/ps7_init.tcl' is done.
19:36:08 INFO  : Context for 'APU' is selected.
19:36:08 INFO  : System reset is completed.
19:36:11 INFO  : 'after 3000' command is executed.
19:36:11 INFO  : 'targets -set -filter {jtag_cable_name =~ "Digilent JTAG-HS1 210249854706" && level==0} -index 1' command is executed.
19:36:14 INFO  : FPGA configured successfully with bitstream "F:/ax7015/demo/ps_axi_led/ps_axi_led.sdk/design_1_wrapper_hw_platform_0/design_1_wrapper.bit"
19:36:14 INFO  : Context for 'APU' is selected.
19:36:15 INFO  : Hardware design information is loaded from 'F:/ax7015/demo/ps_axi_led/ps_axi_led.sdk/design_1_wrapper_hw_platform_0/system.hdf'.
19:36:15 INFO  : 'configparams force-mem-access 1' command is executed.
19:36:15 INFO  : Context for 'APU' is selected.
19:36:16 INFO  : 'ps7_init' command is executed.
19:36:16 INFO  : 'ps7_post_config' command is executed.
19:36:16 INFO  : Context for processor 'ps7_cortexa9_0' is selected.
19:36:16 INFO  : The application 'F:/ax7015/demo/ps_axi_led/ps_axi_led.sdk/axi_led_bsp_xgpio_example_1/Debug/axi_led_bsp_xgpio_example_1.elf' is downloaded to processor 'ps7_cortexa9_0'.
19:36:16 INFO  : 'configparams force-mem-access 0' command is executed.
19:36:16 INFO  : ----------------XSDB Script----------------
connect -url tcp:127.0.0.1:3121
source F:/ax7015/demo/ps_axi_led/ps_axi_led.sdk/design_1_wrapper_hw_platform_0/ps7_init.tcl
targets -set -nocase -filter {name =~"APU*" && jtag_cable_name =~ "Digilent JTAG-HS1 210249854706"} -index 0
rst -system
after 3000
targets -set -filter {jtag_cable_name =~ "Digilent JTAG-HS1 210249854706" && level==0} -index 1
fpga -file F:/ax7015/demo/ps_axi_led/ps_axi_led.sdk/design_1_wrapper_hw_platform_0/design_1_wrapper.bit
targets -set -nocase -filter {name =~"APU*" && jtag_cable_name =~ "Digilent JTAG-HS1 210249854706"} -index 0
loadhw -hw F:/ax7015/demo/ps_axi_led/ps_axi_led.sdk/design_1_wrapper_hw_platform_0/system.hdf -mem-ranges [list {0x40000000 0xbfffffff}]
configparams force-mem-access 1
targets -set -nocase -filter {name =~"APU*" && jtag_cable_name =~ "Digilent JTAG-HS1 210249854706"} -index 0
ps7_init
ps7_post_config
targets -set -nocase -filter {name =~ "ARM*#0" && jtag_cable_name =~ "Digilent JTAG-HS1 210249854706"} -index 0
dow F:/ax7015/demo/ps_axi_led/ps_axi_led.sdk/axi_led_bsp_xgpio_example_1/Debug/axi_led_bsp_xgpio_example_1.elf
configparams force-mem-access 0
----------------End of Script----------------

19:36:16 INFO  : Memory regions updated for context APU
19:36:16 INFO  : Context for processor 'ps7_cortexa9_0' is selected.
19:36:16 INFO  : 'con' command is executed.
19:36:16 INFO  : ----------------XSDB Script (After Launch)----------------
targets -set -nocase -filter {name =~ "ARM*#0" && jtag_cable_name =~ "Digilent JTAG-HS1 210249854706"} -index 0
con
----------------End of Script----------------

19:36:16 INFO  : Launch script is exported to file 'F:\ax7015\demo\ps_axi_led\ps_axi_led.sdk\.sdk\launch_scripts\xilinx_c-c++_application_(system_debugger)\system_debugger_using_debug_axi_led_bsp_xgpio_example_1.elf_on_local.tcl'
19:36:45 INFO  : Disconnected from the channel tcfchan#4.
